-- The C compiler identification is GNU 11.4.0
-- The CXX compiler identification is GNU 11.4.0
-- Detecting C compiler ABI info
-- Detecting C compiler ABI info - done
-- Check for working C compiler: /usr/bin/cc - skipped
-- Detecting C compile features
-- Detecting C compile features - done
-- Detecting CXX compiler ABI info
-- Detecting CXX compiler ABI info - done
-- Check for working CXX compiler: /usr/bin/c++ - skipped
-- Detecting CXX compile features
-- Detecting CXX compile features - done
-- Found ament_cmake: 1.3.12 (/opt/ros/humble/share/ament_cmake/cmake)
-- Found Python3: /usr/bin/python3 (found version "3.10.12") found components: Interpreter 
-- Found rclcpp: 16.0.14 (/opt/ros/humble/share/rclcpp/cmake)
-- Found rosidl_generator_c: 3.1.7 (/opt/ros/humble/share/rosidl_generator_c/cmake)
-- Found rosidl_adapter: 3.1.7 (/opt/ros/humble/share/rosidl_adapter/cmake)
-- Found rosidl_generator_cpp: 3.1.7 (/opt/ros/humble/share/rosidl_generator_cpp/cmake)
-- Using all available rosidl_typesupport_c: rosidl_typesupport_fastrtps_c;rosidl_typesupport_introspection_c
-- Using all available rosidl_typesupport_cpp: rosidl_typesupport_fastrtps_cpp;rosidl_typesupport_introspection_cpp
-- Found rmw_implementation_cmake: 6.1.2 (/opt/ros/humble/share/rmw_implementation_cmake/cmake)
-- Found rmw_fastrtps_cpp: 6.2.8 (/opt/ros/humble/share/rmw_fastrtps_cpp/cmake)
-- Found OpenSSL: /usr/lib/x86_64-linux-gnu/libcrypto.so (found version "3.0.2")  
-- Found FastRTPS: /opt/ros/humble/include  
-- Using RMW implementation 'rmw_fastrtps_cpp' as default
-- Looking for pthread.h
-- Looking for pthread.h - found
-- Performing Test CMAKE_HAVE_LIBC_PTHREAD
-- Performing Test CMAKE_HAVE_LIBC_PTHREAD - Success
-- Found Threads: TRUE  
-- Found ament_lint_auto: 0.12.14 (/opt/ros/humble/share/ament_lint_auto/cmake)
-- Added test 'cppcheck' to perform static code analysis on C / C++ code
-- Configured cppcheck include dirs: 
-- Configured cppcheck exclude dirs and/or files: 
-- Added test 'lint_cmake' to check CMake code style
-- Added test 'uncrustify' to check C / C++ code style
-- Configured uncrustify additional arguments: 
-- Added test 'xmllint' to check XML markup files
-- Configuring done
-- Generating done
-- Build files have been written to: /home/wzy/Desktop/code/ros2/ros2_demo_1/build/control_pkg
[ 25%] [32mBuilding CXX object CMakeFiles/control_decision.dir/src/control_decision.cpp.o[0m
[ 50%] [32mBuilding CXX object CMakeFiles/control_signal_generator.dir/src/control_signal_generator.cpp.o[0m
[ 75%] [32m[1mLinking CXX executable control_signal_generator[0m
[ 75%] Built target control_signal_generator
[100%] [32m[1mLinking CXX executable control_decision[0m
[100%] Built target control_decision
-- Install configuration: ""
-- Installing: /home/wzy/Desktop/code/ros2/ros2_demo_1/install/control_pkg/lib/control_pkg/control_decision
-- Set runtime path of "/home/wzy/Desktop/code/ros2/ros2_demo_1/install/control_pkg/lib/control_pkg/control_decision" to ""
-- Installing: /home/wzy/Desktop/code/ros2/ros2_demo_1/install/control_pkg/lib/control_pkg/control_signal_generator
-- Set runtime path of "/home/wzy/Desktop/code/ros2/ros2_demo_1/install/control_pkg/lib/control_pkg/control_signal_generator" to ""
-- Installing: /home/wzy/Desktop/code/ros2/ros2_demo_1/install/control_pkg/share/ament_index/resource_index/package_run_dependencies/control_pkg
-- Installing: /home/wzy/Desktop/code/ros2/ros2_demo_1/install/control_pkg/share/ament_index/resource_index/parent_prefix_path/control_pkg
-- Installing: /home/wzy/Desktop/code/ros2/ros2_demo_1/install/control_pkg/share/control_pkg/environment/ament_prefix_path.sh
-- Installing: /home/wzy/Desktop/code/ros2/ros2_demo_1/install/control_pkg/share/control_pkg/environment/ament_prefix_path.dsv
-- Installing: /home/wzy/Desktop/code/ros2/ros2_demo_1/install/control_pkg/share/control_pkg/environment/path.sh
-- Installing: /home/wzy/Desktop/code/ros2/ros2_demo_1/install/control_pkg/share/control_pkg/environment/path.dsv
-- Installing: /home/wzy/Desktop/code/ros2/ros2_demo_1/install/control_pkg/share/control_pkg/local_setup.bash
-- Installing: /home/wzy/Desktop/code/ros2/ros2_demo_1/install/control_pkg/share/control_pkg/local_setup.sh
-- Installing: /home/wzy/Desktop/code/ros2/ros2_demo_1/install/control_pkg/share/control_pkg/local_setup.zsh
-- Installing: /home/wzy/Desktop/code/ros2/ros2_demo_1/install/control_pkg/share/control_pkg/local_setup.dsv
-- Installing: /home/wzy/Desktop/code/ros2/ros2_demo_1/install/control_pkg/share/control_pkg/package.dsv
-- Installing: /home/wzy/Desktop/code/ros2/ros2_demo_1/install/control_pkg/share/ament_index/resource_index/packages/control_pkg
-- Installing: /home/wzy/Desktop/code/ros2/ros2_demo_1/install/control_pkg/share/control_pkg/cmake/control_pkgConfig.cmake
-- Installing: /home/wzy/Desktop/code/ros2/ros2_demo_1/install/control_pkg/share/control_pkg/cmake/control_pkgConfig-version.cmake
-- Installing: /home/wzy/Desktop/code/ros2/ros2_demo_1/install/control_pkg/share/control_pkg/package.xml
