[0.009s] Invoking command in '/home/wzy/Desktop/code/ros2/ros2_demo_1/build/control_pkg': CMAKE_PREFIX_PATH=/opt/ros/humble /usr/bin/cmake /home/wzy/Desktop/code/ros2/ros2_demo_1/src/control_pkg -DCMAKE_INSTALL_PREFIX=/home/wzy/Desktop/code/ros2/ros2_demo_1/install/control_pkg
[0.116s] -- The C compiler identification is GNU 11.4.0
[0.212s] -- The CXX compiler identification is GNU 11.4.0
[0.223s] -- Detecting C compiler ABI info
[0.379s] -- Detecting C compiler ABI info - done
[0.388s] -- Check for working C compiler: /usr/bin/cc - skipped
[0.388s] -- Detecting C compile features
[0.389s] -- Detecting C compile features - done
[0.395s] -- Detecting CXX compiler ABI info
[0.585s] -- Detecting CXX compiler ABI info - done
[0.595s] -- Check for working CXX compiler: /usr/bin/c++ - skipped
[0.595s] -- Detecting CXX compile features
[0.599s] -- Detecting CXX compile features - done
[0.599s] -- Found ament_cmake: 1.3.12 (/opt/ros/humble/share/ament_cmake/cmake)
[0.809s] -- Found Python3: /usr/bin/python3 (found version "3.10.12") found components: Interpreter 
[0.941s] -- Found rclcpp: 16.0.14 (/opt/ros/humble/share/rclcpp/cmake)
[0.997s] -- Found rosidl_generator_c: 3.1.7 (/opt/ros/humble/share/rosidl_generator_c/cmake)
[1.006s] -- Found rosidl_adapter: 3.1.7 (/opt/ros/humble/share/rosidl_adapter/cmake)
[1.015s] -- Found rosidl_generator_cpp: 3.1.7 (/opt/ros/humble/share/rosidl_generator_cpp/cmake)
[1.029s] -- Using all available rosidl_typesupport_c: rosidl_typesupport_fastrtps_c;rosidl_typesupport_introspection_c
[1.040s] -- Using all available rosidl_typesupport_cpp: rosidl_typesupport_fastrtps_cpp;rosidl_typesupport_introspection_cpp
[1.065s] -- Found rmw_implementation_cmake: 6.1.2 (/opt/ros/humble/share/rmw_implementation_cmake/cmake)
[1.067s] -- Found rmw_fastrtps_cpp: 6.2.8 (/opt/ros/humble/share/rmw_fastrtps_cpp/cmake)
[1.189s] -- Found OpenSSL: /usr/lib/x86_64-linux-gnu/libcrypto.so (found version "3.0.2")  
[1.239s] -- Found FastRTPS: /opt/ros/humble/include  
[1.302s] -- Using RMW implementation 'rmw_fastrtps_cpp' as default
[1.307s] -- Looking for pthread.h
[1.478s] -- Looking for pthread.h - found
[1.482s] -- Performing Test CMAKE_HAVE_LIBC_PTHREAD
[1.570s] -- Performing Test CMAKE_HAVE_LIBC_PTHREAD - Success
[1.571s] -- Found Threads: TRUE  
[1.637s] -- Found ament_lint_auto: 0.12.14 (/opt/ros/humble/share/ament_lint_auto/cmake)
[1.755s] -- Added test 'cppcheck' to perform static code analysis on C / C++ code
[1.755s] -- Configured cppcheck include dirs: 
[1.755s] -- Configured cppcheck exclude dirs and/or files: 
[1.758s] -- Added test 'lint_cmake' to check CMake code style
[1.761s] -- Added test 'uncrustify' to check C / C++ code style
[1.761s] -- Configured uncrustify additional arguments: 
[1.765s] -- Added test 'xmllint' to check XML markup files
[1.765s] -- Configuring done
[1.790s] -- Generating done
[1.799s] -- Build files have been written to: /home/wzy/Desktop/code/ros2/ros2_demo_1/build/control_pkg
[1.813s] Invoked command in '/home/wzy/Desktop/code/ros2/ros2_demo_1/build/control_pkg' returned '0': CMAKE_PREFIX_PATH=/opt/ros/humble /usr/bin/cmake /home/wzy/Desktop/code/ros2/ros2_demo_1/src/control_pkg -DCMAKE_INSTALL_PREFIX=/home/wzy/Desktop/code/ros2/ros2_demo_1/install/control_pkg
[1.814s] Invoking command in '/home/wzy/Desktop/code/ros2/ros2_demo_1/build/control_pkg': CMAKE_PREFIX_PATH=/opt/ros/humble /usr/bin/cmake --build /home/wzy/Desktop/code/ros2/ros2_demo_1/build/control_pkg -- -j2 -l2
[1.957s] [ 25%] [32mBuilding CXX object CMakeFiles/control_decision.dir/src/control_decision.cpp.o[0m
[1.959s] [ 50%] [32mBuilding CXX object CMakeFiles/control_signal_generator.dir/src/control_signal_generator.cpp.o[0m
[7.691s] [ 75%] [32m[1mLinking CXX executable control_signal_generator[0m
[7.910s] [ 75%] Built target control_signal_generator
[12.827s] [100%] [32m[1mLinking CXX executable control_decision[0m
[13.333s] [100%] Built target control_decision
[13.356s] Invoked command in '/home/wzy/Desktop/code/ros2/ros2_demo_1/build/control_pkg' returned '0': CMAKE_PREFIX_PATH=/opt/ros/humble /usr/bin/cmake --build /home/wzy/Desktop/code/ros2/ros2_demo_1/build/control_pkg -- -j2 -l2
[13.357s] Invoking command in '/home/wzy/Desktop/code/ros2/ros2_demo_1/build/control_pkg': CMAKE_PREFIX_PATH=/opt/ros/humble /usr/bin/cmake --install /home/wzy/Desktop/code/ros2/ros2_demo_1/build/control_pkg
[13.370s] -- Install configuration: ""
[13.371s] -- Installing: /home/wzy/Desktop/code/ros2/ros2_demo_1/install/control_pkg/lib/control_pkg/control_decision
[13.378s] -- Set runtime path of "/home/wzy/Desktop/code/ros2/ros2_demo_1/install/control_pkg/lib/control_pkg/control_decision" to ""
[13.378s] -- Installing: /home/wzy/Desktop/code/ros2/ros2_demo_1/install/control_pkg/lib/control_pkg/control_signal_generator
[13.379s] -- Set runtime path of "/home/wzy/Desktop/code/ros2/ros2_demo_1/install/control_pkg/lib/control_pkg/control_signal_generator" to ""
[13.380s] -- Installing: /home/wzy/Desktop/code/ros2/ros2_demo_1/install/control_pkg/share/ament_index/resource_index/package_run_dependencies/control_pkg
[13.381s] -- Installing: /home/wzy/Desktop/code/ros2/ros2_demo_1/install/control_pkg/share/ament_index/resource_index/parent_prefix_path/control_pkg
[13.381s] -- Installing: /home/wzy/Desktop/code/ros2/ros2_demo_1/install/control_pkg/share/control_pkg/environment/ament_prefix_path.sh
[13.382s] -- Installing: /home/wzy/Desktop/code/ros2/ros2_demo_1/install/control_pkg/share/control_pkg/environment/ament_prefix_path.dsv
[13.382s] -- Installing: /home/wzy/Desktop/code/ros2/ros2_demo_1/install/control_pkg/share/control_pkg/environment/path.sh
[13.384s] -- Installing: /home/wzy/Desktop/code/ros2/ros2_demo_1/install/control_pkg/share/control_pkg/environment/path.dsv
[13.384s] -- Installing: /home/wzy/Desktop/code/ros2/ros2_demo_1/install/control_pkg/share/control_pkg/local_setup.bash
[13.384s] -- Installing: /home/wzy/Desktop/code/ros2/ros2_demo_1/install/control_pkg/share/control_pkg/local_setup.sh
[13.384s] -- Installing: /home/wzy/Desktop/code/ros2/ros2_demo_1/install/control_pkg/share/control_pkg/local_setup.zsh
[13.384s] -- Installing: /home/wzy/Desktop/code/ros2/ros2_demo_1/install/control_pkg/share/control_pkg/local_setup.dsv
[13.384s] -- Installing: /home/wzy/Desktop/code/ros2/ros2_demo_1/install/control_pkg/share/control_pkg/package.dsv
[13.384s] -- Installing: /home/wzy/Desktop/code/ros2/ros2_demo_1/install/control_pkg/share/ament_index/resource_index/packages/control_pkg
[13.384s] -- Installing: /home/wzy/Desktop/code/ros2/ros2_demo_1/install/control_pkg/share/control_pkg/cmake/control_pkgConfig.cmake
[13.384s] -- Installing: /home/wzy/Desktop/code/ros2/ros2_demo_1/install/control_pkg/share/control_pkg/cmake/control_pkgConfig-version.cmake
[13.384s] -- Installing: /home/wzy/Desktop/code/ros2/ros2_demo_1/install/control_pkg/share/control_pkg/package.xml
[13.393s] Invoked command in '/home/wzy/Desktop/code/ros2/ros2_demo_1/build/control_pkg' returned '0': CMAKE_PREFIX_PATH=/opt/ros/humble /usr/bin/cmake --install /home/wzy/Desktop/code/ros2/ros2_demo_1/build/control_pkg
