[0.115s] DEBUG:colcon:Command line arguments: ['/usr/bin/colcon', 'build']
[0.115s] DEBUG:colcon:Parsed command line arguments: Namespace(log_base=None, log_level=None, verb_name='build', build_base='build', install_base='install', merge_install=False, symlink_install=False, test_result_base=None, continue_on_error=False, executor='parallel', parallel_workers=2, event_handlers=None, ignore_user_meta=False, metas=['./colcon.meta'], base_paths=['.'], packages_ignore=None, packages_ignore_regex=None, paths=None, packages_up_to=None, packages_up_to_regex=None, packages_above=None, packages_above_and_dependencies=None, packages_above_depth=None, packages_select_by_dep=None, packages_skip_by_dep=None, packages_skip_up_to=None, packages_select_build_failed=False, packages_skip_build_finished=False, packages_select_test_failures=False, packages_skip_test_passed=False, packages_select=None, packages_skip=None, packages_select_regex=None, packages_skip_regex=None, packages_start=None, packages_end=None, allow_overriding=[], cmake_args=None, cmake_target=None, cmake_target_skip_unavailable=False, cmake_clean_cache=False, cmake_clean_first=False, cmake_force_configure=False, ament_cmake_args=None, catkin_cmake_args=None, catkin_skip_building_tests=False, verb_parser=<colcon_defaults.argument_parser.defaults.DefaultArgumentsDecorator object at 0x79b4733687c0>, verb_extension=<colcon_core.verb.build.BuildVerb object at 0x79b4734721a0>, main=<bound method BuildVerb.main of <colcon_core.verb.build.BuildVerb object at 0x79b4734721a0>>)
[0.353s] Level 1:colcon.colcon_core.package_discovery:discover_packages(colcon_meta) check parameters
[0.353s] Level 1:colcon.colcon_core.package_discovery:discover_packages(recursive) check parameters
[0.353s] Level 1:colcon.colcon_core.package_discovery:discover_packages(ignore) check parameters
[0.353s] Level 1:colcon.colcon_core.package_discovery:discover_packages(path) check parameters
[0.353s] Level 1:colcon.colcon_core.package_discovery:discover_packages(colcon_meta) discover
[0.353s] Level 1:colcon.colcon_core.package_discovery:discover_packages(recursive) discover
[0.353s] INFO:colcon.colcon_core.package_discovery:Crawling recursively for packages in '/home/wzy/Desktop/code/ros2/ros2_demo_1'
[0.353s] Level 1:colcon.colcon_core.package_identification:_identify(.) by extensions ['ignore', 'ignore_ament_install']
[0.353s] Level 1:colcon.colcon_core.package_identification:_identify(.) by extension 'ignore'
[0.354s] Level 1:colcon.colcon_core.package_identification:_identify(.) by extension 'ignore_ament_install'
[0.354s] Level 1:colcon.colcon_core.package_identification:_identify(.) by extensions ['colcon_pkg']
[0.354s] Level 1:colcon.colcon_core.package_identification:_identify(.) by extension 'colcon_pkg'
[0.354s] Level 1:colcon.colcon_core.package_identification:_identify(.) by extensions ['colcon_meta']
[0.354s] Level 1:colcon.colcon_core.package_identification:_identify(.) by extension 'colcon_meta'
[0.354s] Level 1:colcon.colcon_core.package_identification:_identify(.) by extensions ['ros']
[0.354s] Level 1:colcon.colcon_core.package_identification:_identify(.) by extension 'ros'
[0.363s] Level 1:colcon.colcon_core.package_identification:_identify(.) by extensions ['cmake', 'python']
[0.364s] Level 1:colcon.colcon_core.package_identification:_identify(.) by extension 'cmake'
[0.364s] Level 1:colcon.colcon_core.package_identification:_identify(.) by extension 'python'
[0.364s] Level 1:colcon.colcon_core.package_identification:_identify(.) by extensions ['python_setup_py']
[0.364s] Level 1:colcon.colcon_core.package_identification:_identify(.) by extension 'python_setup_py'
[0.364s] Level 1:colcon.colcon_core.package_identification:_identify(build) by extensions ['ignore', 'ignore_ament_install']
[0.364s] Level 1:colcon.colcon_core.package_identification:_identify(build) by extension 'ignore'
[0.364s] Level 1:colcon.colcon_core.package_identification:_identify(build) ignored
[0.364s] Level 1:colcon.colcon_core.package_identification:_identify(install) by extensions ['ignore', 'ignore_ament_install']
[0.364s] Level 1:colcon.colcon_core.package_identification:_identify(install) by extension 'ignore'
[0.364s] Level 1:colcon.colcon_core.package_identification:_identify(install) ignored
[0.364s] Level 1:colcon.colcon_core.package_identification:_identify(log) by extensions ['ignore', 'ignore_ament_install']
[0.364s] Level 1:colcon.colcon_core.package_identification:_identify(log) by extension 'ignore'
[0.364s] Level 1:colcon.colcon_core.package_identification:_identify(log) ignored
[0.365s] Level 1:colcon.colcon_core.package_identification:_identify(src) by extensions ['ignore', 'ignore_ament_install']
[0.365s] Level 1:colcon.colcon_core.package_identification:_identify(src) by extension 'ignore'
[0.365s] Level 1:colcon.colcon_core.package_identification:_identify(src) by extension 'ignore_ament_install'
[0.365s] Level 1:colcon.colcon_core.package_identification:_identify(src) by extensions ['colcon_pkg']
[0.365s] Level 1:colcon.colcon_core.package_identification:_identify(src) by extension 'colcon_pkg'
[0.365s] Level 1:colcon.colcon_core.package_identification:_identify(src) by extensions ['colcon_meta']
[0.365s] Level 1:colcon.colcon_core.package_identification:_identify(src) by extension 'colcon_meta'
[0.365s] Level 1:colcon.colcon_core.package_identification:_identify(src) by extensions ['ros']
[0.365s] Level 1:colcon.colcon_core.package_identification:_identify(src) by extension 'ros'
[0.365s] Level 1:colcon.colcon_core.package_identification:_identify(src) by extensions ['cmake', 'python']
[0.365s] Level 1:colcon.colcon_core.package_identification:_identify(src) by extension 'cmake'
[0.365s] Level 1:colcon.colcon_core.package_identification:_identify(src) by extension 'python'
[0.365s] Level 1:colcon.colcon_core.package_identification:_identify(src) by extensions ['python_setup_py']
[0.365s] Level 1:colcon.colcon_core.package_identification:_identify(src) by extension 'python_setup_py'
[0.365s] Level 1:colcon.colcon_core.package_identification:_identify(src/camera_pkg) by extensions ['ignore', 'ignore_ament_install']
[0.365s] Level 1:colcon.colcon_core.package_identification:_identify(src/camera_pkg) by extension 'ignore'
[0.365s] Level 1:colcon.colcon_core.package_identification:_identify(src/camera_pkg) by extension 'ignore_ament_install'
[0.365s] Level 1:colcon.colcon_core.package_identification:_identify(src/camera_pkg) by extensions ['colcon_pkg']
[0.365s] Level 1:colcon.colcon_core.package_identification:_identify(src/camera_pkg) by extension 'colcon_pkg'
[0.365s] Level 1:colcon.colcon_core.package_identification:_identify(src/camera_pkg) by extensions ['colcon_meta']
[0.365s] Level 1:colcon.colcon_core.package_identification:_identify(src/camera_pkg) by extension 'colcon_meta'
[0.365s] Level 1:colcon.colcon_core.package_identification:_identify(src/camera_pkg) by extensions ['ros']
[0.365s] Level 1:colcon.colcon_core.package_identification:_identify(src/camera_pkg) by extension 'ros'
[0.367s] DEBUG:colcon.colcon_core.package_identification:Package 'src/camera_pkg' with type 'ros.ament_cmake' and name 'camera_pkg'
[0.367s] Level 1:colcon.colcon_core.package_identification:_identify(src/lidar_pkg) by extensions ['ignore', 'ignore_ament_install']
[0.367s] Level 1:colcon.colcon_core.package_identification:_identify(src/lidar_pkg) by extension 'ignore'
[0.367s] Level 1:colcon.colcon_core.package_identification:_identify(src/lidar_pkg) by extension 'ignore_ament_install'
[0.368s] Level 1:colcon.colcon_core.package_identification:_identify(src/lidar_pkg) by extensions ['colcon_pkg']
[0.368s] Level 1:colcon.colcon_core.package_identification:_identify(src/lidar_pkg) by extension 'colcon_pkg'
[0.368s] Level 1:colcon.colcon_core.package_identification:_identify(src/lidar_pkg) by extensions ['colcon_meta']
[0.368s] Level 1:colcon.colcon_core.package_identification:_identify(src/lidar_pkg) by extension 'colcon_meta'
[0.368s] Level 1:colcon.colcon_core.package_identification:_identify(src/lidar_pkg) by extensions ['ros']
[0.368s] Level 1:colcon.colcon_core.package_identification:_identify(src/lidar_pkg) by extension 'ros'
[0.369s] DEBUG:colcon.colcon_core.package_identification:Package 'src/lidar_pkg' with type 'ros.ament_cmake' and name 'lidar_pkg'
[0.369s] Level 1:colcon.colcon_core.package_identification:_identify(src/logger) by extensions ['ignore', 'ignore_ament_install']
[0.369s] Level 1:colcon.colcon_core.package_identification:_identify(src/logger) by extension 'ignore'
[0.369s] Level 1:colcon.colcon_core.package_identification:_identify(src/logger) by extension 'ignore_ament_install'
[0.369s] Level 1:colcon.colcon_core.package_identification:_identify(src/logger) by extensions ['colcon_pkg']
[0.369s] Level 1:colcon.colcon_core.package_identification:_identify(src/logger) by extension 'colcon_pkg'
[0.369s] Level 1:colcon.colcon_core.package_identification:_identify(src/logger) by extensions ['colcon_meta']
[0.369s] Level 1:colcon.colcon_core.package_identification:_identify(src/logger) by extension 'colcon_meta'
[0.369s] Level 1:colcon.colcon_core.package_identification:_identify(src/logger) by extensions ['ros']
[0.369s] Level 1:colcon.colcon_core.package_identification:_identify(src/logger) by extension 'ros'
[0.370s] DEBUG:colcon.colcon_core.package_identification:Package 'src/logger' with type 'ros.ament_cmake' and name 'logger'
[0.370s] Level 1:colcon.colcon_core.package_discovery:discover_packages(recursive) using defaults
[0.370s] Level 1:colcon.colcon_core.package_discovery:discover_packages(ignore) discover
[0.370s] Level 1:colcon.colcon_core.package_discovery:discover_packages(ignore) using defaults
[0.370s] Level 1:colcon.colcon_core.package_discovery:discover_packages(path) discover
[0.370s] Level 1:colcon.colcon_core.package_discovery:discover_packages(path) using defaults
[0.387s] Level 1:colcon.colcon_core.package_discovery:discover_packages(prefix_path) check parameters
[0.388s] Level 1:colcon.colcon_core.package_discovery:discover_packages(prefix_path) discover
[0.391s] DEBUG:colcon.colcon_installed_package_information.package_discovery:Found 271 installed packages in /opt/ros/humble
[0.399s] Level 1:colcon.colcon_core.package_discovery:discover_packages(prefix_path) using defaults
[0.459s] Level 5:colcon.colcon_core.verb:set package 'camera_pkg' build argument 'cmake_args' from command line to 'None'
[0.459s] Level 5:colcon.colcon_core.verb:set package 'camera_pkg' build argument 'cmake_target' from command line to 'None'
[0.459s] Level 5:colcon.colcon_core.verb:set package 'camera_pkg' build argument 'cmake_target_skip_unavailable' from command line to 'False'
[0.459s] Level 5:colcon.colcon_core.verb:set package 'camera_pkg' build argument 'cmake_clean_cache' from command line to 'False'
[0.459s] Level 5:colcon.colcon_core.verb:set package 'camera_pkg' build argument 'cmake_clean_first' from command line to 'False'
[0.459s] Level 5:colcon.colcon_core.verb:set package 'camera_pkg' build argument 'cmake_force_configure' from command line to 'False'
[0.459s] Level 5:colcon.colcon_core.verb:set package 'camera_pkg' build argument 'ament_cmake_args' from command line to 'None'
[0.459s] Level 5:colcon.colcon_core.verb:set package 'camera_pkg' build argument 'catkin_cmake_args' from command line to 'None'
[0.459s] Level 5:colcon.colcon_core.verb:set package 'camera_pkg' build argument 'catkin_skip_building_tests' from command line to 'False'
[0.459s] DEBUG:colcon.colcon_core.verb:Building package 'camera_pkg' with the following arguments: {'ament_cmake_args': None, 'build_base': '/home/wzy/Desktop/code/ros2/ros2_demo_1/build/camera_pkg', 'catkin_cmake_args': None, 'catkin_skip_building_tests': False, 'cmake_args': None, 'cmake_clean_cache': False, 'cmake_clean_first': False, 'cmake_force_configure': False, 'cmake_target': None, 'cmake_target_skip_unavailable': False, 'install_base': '/home/wzy/Desktop/code/ros2/ros2_demo_1/install/camera_pkg', 'merge_install': False, 'path': '/home/wzy/Desktop/code/ros2/ros2_demo_1/src/camera_pkg', 'symlink_install': False, 'test_result_base': None}
[0.459s] Level 5:colcon.colcon_core.verb:set package 'lidar_pkg' build argument 'cmake_args' from command line to 'None'
[0.459s] Level 5:colcon.colcon_core.verb:set package 'lidar_pkg' build argument 'cmake_target' from command line to 'None'
[0.459s] Level 5:colcon.colcon_core.verb:set package 'lidar_pkg' build argument 'cmake_target_skip_unavailable' from command line to 'False'
[0.459s] Level 5:colcon.colcon_core.verb:set package 'lidar_pkg' build argument 'cmake_clean_cache' from command line to 'False'
[0.459s] Level 5:colcon.colcon_core.verb:set package 'lidar_pkg' build argument 'cmake_clean_first' from command line to 'False'
[0.459s] Level 5:colcon.colcon_core.verb:set package 'lidar_pkg' build argument 'cmake_force_configure' from command line to 'False'
[0.459s] Level 5:colcon.colcon_core.verb:set package 'lidar_pkg' build argument 'ament_cmake_args' from command line to 'None'
[0.459s] Level 5:colcon.colcon_core.verb:set package 'lidar_pkg' build argument 'catkin_cmake_args' from command line to 'None'
[0.459s] Level 5:colcon.colcon_core.verb:set package 'lidar_pkg' build argument 'catkin_skip_building_tests' from command line to 'False'
[0.460s] DEBUG:colcon.colcon_core.verb:Building package 'lidar_pkg' with the following arguments: {'ament_cmake_args': None, 'build_base': '/home/wzy/Desktop/code/ros2/ros2_demo_1/build/lidar_pkg', 'catkin_cmake_args': None, 'catkin_skip_building_tests': False, 'cmake_args': None, 'cmake_clean_cache': False, 'cmake_clean_first': False, 'cmake_force_configure': False, 'cmake_target': None, 'cmake_target_skip_unavailable': False, 'install_base': '/home/wzy/Desktop/code/ros2/ros2_demo_1/install/lidar_pkg', 'merge_install': False, 'path': '/home/wzy/Desktop/code/ros2/ros2_demo_1/src/lidar_pkg', 'symlink_install': False, 'test_result_base': None}
[0.460s] Level 5:colcon.colcon_core.verb:set package 'logger' build argument 'cmake_args' from command line to 'None'
[0.460s] Level 5:colcon.colcon_core.verb:set package 'logger' build argument 'cmake_target' from command line to 'None'
[0.460s] Level 5:colcon.colcon_core.verb:set package 'logger' build argument 'cmake_target_skip_unavailable' from command line to 'False'
[0.460s] Level 5:colcon.colcon_core.verb:set package 'logger' build argument 'cmake_clean_cache' from command line to 'False'
[0.460s] Level 5:colcon.colcon_core.verb:set package 'logger' build argument 'cmake_clean_first' from command line to 'False'
[0.460s] Level 5:colcon.colcon_core.verb:set package 'logger' build argument 'cmake_force_configure' from command line to 'False'
[0.460s] Level 5:colcon.colcon_core.verb:set package 'logger' build argument 'ament_cmake_args' from command line to 'None'
[0.460s] Level 5:colcon.colcon_core.verb:set package 'logger' build argument 'catkin_cmake_args' from command line to 'None'
[0.460s] Level 5:colcon.colcon_core.verb:set package 'logger' build argument 'catkin_skip_building_tests' from command line to 'False'
[0.460s] DEBUG:colcon.colcon_core.verb:Building package 'logger' with the following arguments: {'ament_cmake_args': None, 'build_base': '/home/wzy/Desktop/code/ros2/ros2_demo_1/build/logger', 'catkin_cmake_args': None, 'catkin_skip_building_tests': False, 'cmake_args': None, 'cmake_clean_cache': False, 'cmake_clean_first': False, 'cmake_force_configure': False, 'cmake_target': None, 'cmake_target_skip_unavailable': False, 'install_base': '/home/wzy/Desktop/code/ros2/ros2_demo_1/install/logger', 'merge_install': False, 'path': '/home/wzy/Desktop/code/ros2/ros2_demo_1/src/logger', 'symlink_install': False, 'test_result_base': None}
[0.460s] INFO:colcon.colcon_core.executor:Executing jobs using 'parallel' executor
[0.461s] DEBUG:colcon.colcon_parallel_executor.executor.parallel:run_until_complete
[0.461s] INFO:colcon.colcon_ros.task.ament_cmake.build:Building ROS package in '/home/wzy/Desktop/code/ros2/ros2_demo_1/src/camera_pkg' with build type 'ament_cmake'
[0.461s] INFO:colcon.colcon_cmake.task.cmake.build:Building CMake package in '/home/wzy/Desktop/code/ros2/ros2_demo_1/src/camera_pkg'
[0.465s] INFO:colcon.colcon_core.plugin_system:Skipping extension 'colcon_core.shell.bat': Not used on non-Windows systems
[0.465s] INFO:colcon.colcon_core.shell:Skip shell extension 'powershell' for command environment: Not usable outside of PowerShell
[0.465s] DEBUG:colcon.colcon_core.shell:Skip shell extension 'dsv' for command environment
[0.468s] INFO:colcon.colcon_ros.task.ament_cmake.build:Building ROS package in '/home/wzy/Desktop/code/ros2/ros2_demo_1/src/lidar_pkg' with build type 'ament_cmake'
[0.468s] INFO:colcon.colcon_cmake.task.cmake.build:Building CMake package in '/home/wzy/Desktop/code/ros2/ros2_demo_1/src/lidar_pkg'
[0.468s] INFO:colcon.colcon_core.shell:Skip shell extension 'powershell' for command environment: Not usable outside of PowerShell
[0.468s] DEBUG:colcon.colcon_core.shell:Skip shell extension 'dsv' for command environment
[0.479s] DEBUG:colcon.colcon_core.event_handler.log_command:Invoking command in '/home/wzy/Desktop/code/ros2/ros2_demo_1/build/camera_pkg': CMAKE_PREFIX_PATH=/opt/ros/humble /usr/bin/cmake --build /home/wzy/Desktop/code/ros2/ros2_demo_1/build/camera_pkg -- -j2 -l2
[0.482s] DEBUG:colcon.colcon_core.event_handler.log_command:Invoking command in '/home/wzy/Desktop/code/ros2/ros2_demo_1/build/lidar_pkg': CMAKE_PREFIX_PATH=/opt/ros/humble /usr/bin/cmake --build /home/wzy/Desktop/code/ros2/ros2_demo_1/build/lidar_pkg -- -j2 -l2
[0.556s] DEBUG:colcon.colcon_core.event_handler.log_command:Invoked command in '/home/wzy/Desktop/code/ros2/ros2_demo_1/build/camera_pkg' returned '0': CMAKE_PREFIX_PATH=/opt/ros/humble /usr/bin/cmake --build /home/wzy/Desktop/code/ros2/ros2_demo_1/build/camera_pkg -- -j2 -l2
[0.566s] DEBUG:colcon.colcon_core.event_handler.log_command:Invoking command in '/home/wzy/Desktop/code/ros2/ros2_demo_1/build/camera_pkg': CMAKE_PREFIX_PATH=/opt/ros/humble /usr/bin/cmake --install /home/wzy/Desktop/code/ros2/ros2_demo_1/build/camera_pkg
[0.582s] Level 1:colcon.colcon_core.environment:create_environment_scripts_only(camera_pkg)
[0.583s] DEBUG:colcon.colcon_core.event_handler.log_command:Invoked command in '/home/wzy/Desktop/code/ros2/ros2_demo_1/build/camera_pkg' returned '0': CMAKE_PREFIX_PATH=/opt/ros/humble /usr/bin/cmake --install /home/wzy/Desktop/code/ros2/ros2_demo_1/build/camera_pkg
[0.587s] Level 1:colcon.colcon_core.environment:checking '/home/wzy/Desktop/code/ros2/ros2_demo_1/install/camera_pkg' for CMake module files
[0.587s] Level 1:colcon.colcon_core.environment:checking '/home/wzy/Desktop/code/ros2/ros2_demo_1/install/camera_pkg' for CMake config files
[0.588s] Level 1:colcon.colcon_core.shell:create_environment_hook('camera_pkg', 'cmake_prefix_path')
[0.588s] INFO:colcon.colcon_core.shell:Creating environment hook '/home/wzy/Desktop/code/ros2/ros2_demo_1/install/camera_pkg/share/camera_pkg/hook/cmake_prefix_path.ps1'
[0.590s] INFO:colcon.colcon_core.shell:Creating environment descriptor '/home/wzy/Desktop/code/ros2/ros2_demo_1/install/camera_pkg/share/camera_pkg/hook/cmake_prefix_path.dsv'
[0.590s] INFO:colcon.colcon_core.shell:Creating environment hook '/home/wzy/Desktop/code/ros2/ros2_demo_1/install/camera_pkg/share/camera_pkg/hook/cmake_prefix_path.sh'
[0.591s] Level 1:colcon.colcon_core.environment:checking '/home/wzy/Desktop/code/ros2/ros2_demo_1/install/camera_pkg/lib'
[0.591s] Level 1:colcon.colcon_core.environment:checking '/home/wzy/Desktop/code/ros2/ros2_demo_1/install/camera_pkg/bin'
[0.591s] Level 1:colcon.colcon_core.environment:checking '/home/wzy/Desktop/code/ros2/ros2_demo_1/install/camera_pkg/lib/pkgconfig/camera_pkg.pc'
[0.592s] Level 1:colcon.colcon_core.environment:checking '/home/wzy/Desktop/code/ros2/ros2_demo_1/install/camera_pkg/lib/python3.10/site-packages'
[0.592s] Level 1:colcon.colcon_core.environment:checking '/home/wzy/Desktop/code/ros2/ros2_demo_1/install/camera_pkg/bin'
[0.592s] INFO:colcon.colcon_core.shell:Creating package script '/home/wzy/Desktop/code/ros2/ros2_demo_1/install/camera_pkg/share/camera_pkg/package.ps1'
[0.593s] INFO:colcon.colcon_core.shell:Creating package descriptor '/home/wzy/Desktop/code/ros2/ros2_demo_1/install/camera_pkg/share/camera_pkg/package.dsv'
[0.594s] INFO:colcon.colcon_core.shell:Creating package script '/home/wzy/Desktop/code/ros2/ros2_demo_1/install/camera_pkg/share/camera_pkg/package.sh'
[0.594s] INFO:colcon.colcon_core.shell:Creating package script '/home/wzy/Desktop/code/ros2/ros2_demo_1/install/camera_pkg/share/camera_pkg/package.bash'
[0.595s] INFO:colcon.colcon_core.shell:Creating package script '/home/wzy/Desktop/code/ros2/ros2_demo_1/install/camera_pkg/share/camera_pkg/package.zsh'
[0.596s] Level 1:colcon.colcon_core.environment:create_file_with_runtime_dependencies(/home/wzy/Desktop/code/ros2/ros2_demo_1/install/camera_pkg/share/colcon-core/packages/camera_pkg)
[0.597s] Level 1:colcon.colcon_core.environment:create_environment_scripts_only(camera_pkg)
[0.597s] Level 1:colcon.colcon_core.environment:checking '/home/wzy/Desktop/code/ros2/ros2_demo_1/install/camera_pkg' for CMake module files
[0.597s] Level 1:colcon.colcon_core.environment:checking '/home/wzy/Desktop/code/ros2/ros2_demo_1/install/camera_pkg' for CMake config files
[0.598s] Level 1:colcon.colcon_core.shell:create_environment_hook('camera_pkg', 'cmake_prefix_path')
[0.598s] INFO:colcon.colcon_core.shell:Creating environment hook '/home/wzy/Desktop/code/ros2/ros2_demo_1/install/camera_pkg/share/camera_pkg/hook/cmake_prefix_path.ps1'
[0.598s] INFO:colcon.colcon_core.shell:Creating environment descriptor '/home/wzy/Desktop/code/ros2/ros2_demo_1/install/camera_pkg/share/camera_pkg/hook/cmake_prefix_path.dsv'
[0.599s] INFO:colcon.colcon_core.shell:Creating environment hook '/home/wzy/Desktop/code/ros2/ros2_demo_1/install/camera_pkg/share/camera_pkg/hook/cmake_prefix_path.sh'
[0.599s] Level 1:colcon.colcon_core.environment:checking '/home/wzy/Desktop/code/ros2/ros2_demo_1/install/camera_pkg/lib'
[0.600s] Level 1:colcon.colcon_core.environment:checking '/home/wzy/Desktop/code/ros2/ros2_demo_1/install/camera_pkg/bin'
[0.600s] Level 1:colcon.colcon_core.environment:checking '/home/wzy/Desktop/code/ros2/ros2_demo_1/install/camera_pkg/lib/pkgconfig/camera_pkg.pc'
[0.600s] Level 1:colcon.colcon_core.environment:checking '/home/wzy/Desktop/code/ros2/ros2_demo_1/install/camera_pkg/lib/python3.10/site-packages'
[0.600s] Level 1:colcon.colcon_core.environment:checking '/home/wzy/Desktop/code/ros2/ros2_demo_1/install/camera_pkg/bin'
[0.600s] INFO:colcon.colcon_core.shell:Creating package script '/home/wzy/Desktop/code/ros2/ros2_demo_1/install/camera_pkg/share/camera_pkg/package.ps1'
[0.601s] INFO:colcon.colcon_core.shell:Creating package descriptor '/home/wzy/Desktop/code/ros2/ros2_demo_1/install/camera_pkg/share/camera_pkg/package.dsv'
[0.601s] INFO:colcon.colcon_core.shell:Creating package script '/home/wzy/Desktop/code/ros2/ros2_demo_1/install/camera_pkg/share/camera_pkg/package.sh'
[0.602s] INFO:colcon.colcon_core.shell:Creating package script '/home/wzy/Desktop/code/ros2/ros2_demo_1/install/camera_pkg/share/camera_pkg/package.bash'
[0.603s] INFO:colcon.colcon_core.shell:Creating package script '/home/wzy/Desktop/code/ros2/ros2_demo_1/install/camera_pkg/share/camera_pkg/package.zsh'
[0.603s] Level 1:colcon.colcon_core.environment:create_file_with_runtime_dependencies(/home/wzy/Desktop/code/ros2/ros2_demo_1/install/camera_pkg/share/colcon-core/packages/camera_pkg)
[0.604s] INFO:colcon.colcon_ros.task.ament_cmake.build:Building ROS package in '/home/wzy/Desktop/code/ros2/ros2_demo_1/src/logger' with build type 'ament_cmake'
[0.604s] INFO:colcon.colcon_cmake.task.cmake.build:Building CMake package in '/home/wzy/Desktop/code/ros2/ros2_demo_1/src/logger'
[0.604s] INFO:colcon.colcon_core.shell:Skip shell extension 'powershell' for command environment: Not usable outside of PowerShell
[0.605s] DEBUG:colcon.colcon_core.shell:Skip shell extension 'dsv' for command environment
[0.613s] DEBUG:colcon.colcon_core.event_handler.log_command:Invoking command in '/home/wzy/Desktop/code/ros2/ros2_demo_1/build/logger': CMAKE_PREFIX_PATH=/opt/ros/humble /usr/bin/cmake --build /home/wzy/Desktop/code/ros2/ros2_demo_1/build/logger -- -j2 -l2
[0.698s] DEBUG:colcon.colcon_core.event_handler.log_command:Invoked command in '/home/wzy/Desktop/code/ros2/ros2_demo_1/build/logger' returned '0': CMAKE_PREFIX_PATH=/opt/ros/humble /usr/bin/cmake --build /home/wzy/Desktop/code/ros2/ros2_demo_1/build/logger -- -j2 -l2
[0.701s] DEBUG:colcon.colcon_core.event_handler.log_command:Invoking command in '/home/wzy/Desktop/code/ros2/ros2_demo_1/build/logger': CMAKE_PREFIX_PATH=/opt/ros/humble /usr/bin/cmake --install /home/wzy/Desktop/code/ros2/ros2_demo_1/build/logger
[0.711s] Level 1:colcon.colcon_core.environment:create_environment_scripts_only(logger)
[0.712s] Level 1:colcon.colcon_core.environment:checking '/home/wzy/Desktop/code/ros2/ros2_demo_1/install/logger' for CMake module files
[0.712s] Level 1:colcon.colcon_core.environment:checking '/home/wzy/Desktop/code/ros2/ros2_demo_1/install/logger' for CMake config files
[0.713s] Level 1:colcon.colcon_core.shell:create_environment_hook('logger', 'cmake_prefix_path')
[0.713s] INFO:colcon.colcon_core.shell:Creating environment hook '/home/wzy/Desktop/code/ros2/ros2_demo_1/install/logger/share/logger/hook/cmake_prefix_path.ps1'
[0.714s] INFO:colcon.colcon_core.shell:Creating environment descriptor '/home/wzy/Desktop/code/ros2/ros2_demo_1/install/logger/share/logger/hook/cmake_prefix_path.dsv'
[0.714s] INFO:colcon.colcon_core.shell:Creating environment hook '/home/wzy/Desktop/code/ros2/ros2_demo_1/install/logger/share/logger/hook/cmake_prefix_path.sh'
[0.715s] DEBUG:colcon.colcon_core.event_handler.log_command:Invoked command in '/home/wzy/Desktop/code/ros2/ros2_demo_1/build/logger' returned '0': CMAKE_PREFIX_PATH=/opt/ros/humble /usr/bin/cmake --install /home/wzy/Desktop/code/ros2/ros2_demo_1/build/logger
[0.716s] Level 1:colcon.colcon_core.environment:checking '/home/wzy/Desktop/code/ros2/ros2_demo_1/install/logger/lib'
[0.716s] Level 1:colcon.colcon_core.environment:checking '/home/wzy/Desktop/code/ros2/ros2_demo_1/install/logger/bin'
[0.716s] Level 1:colcon.colcon_core.environment:checking '/home/wzy/Desktop/code/ros2/ros2_demo_1/install/logger/lib/pkgconfig/logger.pc'
[0.716s] Level 1:colcon.colcon_core.environment:checking '/home/wzy/Desktop/code/ros2/ros2_demo_1/install/logger/lib/python3.10/site-packages'
[0.716s] Level 1:colcon.colcon_core.environment:checking '/home/wzy/Desktop/code/ros2/ros2_demo_1/install/logger/bin'
[0.716s] INFO:colcon.colcon_core.shell:Creating package script '/home/wzy/Desktop/code/ros2/ros2_demo_1/install/logger/share/logger/package.ps1'
[0.717s] INFO:colcon.colcon_core.shell:Creating package descriptor '/home/wzy/Desktop/code/ros2/ros2_demo_1/install/logger/share/logger/package.dsv'
[0.717s] INFO:colcon.colcon_core.shell:Creating package script '/home/wzy/Desktop/code/ros2/ros2_demo_1/install/logger/share/logger/package.sh'
[0.718s] INFO:colcon.colcon_core.shell:Creating package script '/home/wzy/Desktop/code/ros2/ros2_demo_1/install/logger/share/logger/package.bash'
[0.718s] INFO:colcon.colcon_core.shell:Creating package script '/home/wzy/Desktop/code/ros2/ros2_demo_1/install/logger/share/logger/package.zsh'
[0.719s] Level 1:colcon.colcon_core.environment:create_file_with_runtime_dependencies(/home/wzy/Desktop/code/ros2/ros2_demo_1/install/logger/share/colcon-core/packages/logger)
[0.719s] Level 1:colcon.colcon_core.environment:create_environment_scripts_only(logger)
[0.719s] Level 1:colcon.colcon_core.environment:checking '/home/wzy/Desktop/code/ros2/ros2_demo_1/install/logger' for CMake module files
[0.720s] Level 1:colcon.colcon_core.environment:checking '/home/wzy/Desktop/code/ros2/ros2_demo_1/install/logger' for CMake config files
[0.720s] Level 1:colcon.colcon_core.shell:create_environment_hook('logger', 'cmake_prefix_path')
[0.720s] INFO:colcon.colcon_core.shell:Creating environment hook '/home/wzy/Desktop/code/ros2/ros2_demo_1/install/logger/share/logger/hook/cmake_prefix_path.ps1'
[0.720s] INFO:colcon.colcon_core.shell:Creating environment descriptor '/home/wzy/Desktop/code/ros2/ros2_demo_1/install/logger/share/logger/hook/cmake_prefix_path.dsv'
[0.721s] INFO:colcon.colcon_core.shell:Creating environment hook '/home/wzy/Desktop/code/ros2/ros2_demo_1/install/logger/share/logger/hook/cmake_prefix_path.sh'
[0.721s] Level 1:colcon.colcon_core.environment:checking '/home/wzy/Desktop/code/ros2/ros2_demo_1/install/logger/lib'
[0.722s] Level 1:colcon.colcon_core.environment:checking '/home/wzy/Desktop/code/ros2/ros2_demo_1/install/logger/bin'
[0.722s] Level 1:colcon.colcon_core.environment:checking '/home/wzy/Desktop/code/ros2/ros2_demo_1/install/logger/lib/pkgconfig/logger.pc'
[0.722s] Level 1:colcon.colcon_core.environment:checking '/home/wzy/Desktop/code/ros2/ros2_demo_1/install/logger/lib/python3.10/site-packages'
[0.722s] Level 1:colcon.colcon_core.environment:checking '/home/wzy/Desktop/code/ros2/ros2_demo_1/install/logger/bin'
[0.722s] INFO:colcon.colcon_core.shell:Creating package script '/home/wzy/Desktop/code/ros2/ros2_demo_1/install/logger/share/logger/package.ps1'
[0.723s] INFO:colcon.colcon_core.shell:Creating package descriptor '/home/wzy/Desktop/code/ros2/ros2_demo_1/install/logger/share/logger/package.dsv'
[0.723s] INFO:colcon.colcon_core.shell:Creating package script '/home/wzy/Desktop/code/ros2/ros2_demo_1/install/logger/share/logger/package.sh'
[0.724s] INFO:colcon.colcon_core.shell:Creating package script '/home/wzy/Desktop/code/ros2/ros2_demo_1/install/logger/share/logger/package.bash'
[0.724s] INFO:colcon.colcon_core.shell:Creating package script '/home/wzy/Desktop/code/ros2/ros2_demo_1/install/logger/share/logger/package.zsh'
[0.725s] Level 1:colcon.colcon_core.environment:create_file_with_runtime_dependencies(/home/wzy/Desktop/code/ros2/ros2_demo_1/install/logger/share/colcon-core/packages/logger)
[1.065s] DEBUG:colcon.colcon_core.event_handler.log_command:Invoked command in '/home/wzy/Desktop/code/ros2/ros2_demo_1/build/lidar_pkg' returned '0': CMAKE_PREFIX_PATH=/opt/ros/humble /usr/bin/cmake --build /home/wzy/Desktop/code/ros2/ros2_demo_1/build/lidar_pkg -- -j2 -l2
[1.069s] DEBUG:colcon.colcon_core.event_handler.log_command:Invoking command in '/home/wzy/Desktop/code/ros2/ros2_demo_1/build/lidar_pkg': CMAKE_PREFIX_PATH=/opt/ros/humble /usr/bin/cmake --install /home/wzy/Desktop/code/ros2/ros2_demo_1/build/lidar_pkg
[1.080s] Level 1:colcon.colcon_core.environment:create_environment_scripts_only(lidar_pkg)
[1.080s] Level 1:colcon.colcon_core.environment:checking '/home/wzy/Desktop/code/ros2/ros2_demo_1/install/lidar_pkg' for CMake module files
[1.081s] DEBUG:colcon.colcon_core.event_handler.log_command:Invoked command in '/home/wzy/Desktop/code/ros2/ros2_demo_1/build/lidar_pkg' returned '0': CMAKE_PREFIX_PATH=/opt/ros/humble /usr/bin/cmake --install /home/wzy/Desktop/code/ros2/ros2_demo_1/build/lidar_pkg
[1.081s] Level 1:colcon.colcon_core.environment:checking '/home/wzy/Desktop/code/ros2/ros2_demo_1/install/lidar_pkg' for CMake config files
[1.081s] Level 1:colcon.colcon_core.shell:create_environment_hook('lidar_pkg', 'cmake_prefix_path')
[1.081s] INFO:colcon.colcon_core.shell:Creating environment hook '/home/wzy/Desktop/code/ros2/ros2_demo_1/install/lidar_pkg/share/lidar_pkg/hook/cmake_prefix_path.ps1'
[1.082s] INFO:colcon.colcon_core.shell:Creating environment descriptor '/home/wzy/Desktop/code/ros2/ros2_demo_1/install/lidar_pkg/share/lidar_pkg/hook/cmake_prefix_path.dsv'
[1.082s] INFO:colcon.colcon_core.shell:Creating environment hook '/home/wzy/Desktop/code/ros2/ros2_demo_1/install/lidar_pkg/share/lidar_pkg/hook/cmake_prefix_path.sh'
[1.083s] Level 1:colcon.colcon_core.environment:checking '/home/wzy/Desktop/code/ros2/ros2_demo_1/install/lidar_pkg/lib'
[1.083s] Level 1:colcon.colcon_core.environment:checking '/home/wzy/Desktop/code/ros2/ros2_demo_1/install/lidar_pkg/bin'
[1.083s] Level 1:colcon.colcon_core.environment:checking '/home/wzy/Desktop/code/ros2/ros2_demo_1/install/lidar_pkg/lib/pkgconfig/lidar_pkg.pc'
[1.083s] Level 1:colcon.colcon_core.environment:checking '/home/wzy/Desktop/code/ros2/ros2_demo_1/install/lidar_pkg/lib/python3.10/site-packages'
[1.083s] Level 1:colcon.colcon_core.environment:checking '/home/wzy/Desktop/code/ros2/ros2_demo_1/install/lidar_pkg/bin'
[1.083s] INFO:colcon.colcon_core.shell:Creating package script '/home/wzy/Desktop/code/ros2/ros2_demo_1/install/lidar_pkg/share/lidar_pkg/package.ps1'
[1.084s] INFO:colcon.colcon_core.shell:Creating package descriptor '/home/wzy/Desktop/code/ros2/ros2_demo_1/install/lidar_pkg/share/lidar_pkg/package.dsv'
[1.084s] INFO:colcon.colcon_core.shell:Creating package script '/home/wzy/Desktop/code/ros2/ros2_demo_1/install/lidar_pkg/share/lidar_pkg/package.sh'
[1.085s] INFO:colcon.colcon_core.shell:Creating package script '/home/wzy/Desktop/code/ros2/ros2_demo_1/install/lidar_pkg/share/lidar_pkg/package.bash'
[1.085s] INFO:colcon.colcon_core.shell:Creating package script '/home/wzy/Desktop/code/ros2/ros2_demo_1/install/lidar_pkg/share/lidar_pkg/package.zsh'
[1.085s] Level 1:colcon.colcon_core.environment:create_file_with_runtime_dependencies(/home/wzy/Desktop/code/ros2/ros2_demo_1/install/lidar_pkg/share/colcon-core/packages/lidar_pkg)
[1.086s] Level 1:colcon.colcon_core.environment:create_environment_scripts_only(lidar_pkg)
[1.086s] Level 1:colcon.colcon_core.environment:checking '/home/wzy/Desktop/code/ros2/ros2_demo_1/install/lidar_pkg' for CMake module files
[1.086s] Level 1:colcon.colcon_core.environment:checking '/home/wzy/Desktop/code/ros2/ros2_demo_1/install/lidar_pkg' for CMake config files
[1.086s] Level 1:colcon.colcon_core.shell:create_environment_hook('lidar_pkg', 'cmake_prefix_path')
[1.086s] INFO:colcon.colcon_core.shell:Creating environment hook '/home/wzy/Desktop/code/ros2/ros2_demo_1/install/lidar_pkg/share/lidar_pkg/hook/cmake_prefix_path.ps1'
[1.087s] INFO:colcon.colcon_core.shell:Creating environment descriptor '/home/wzy/Desktop/code/ros2/ros2_demo_1/install/lidar_pkg/share/lidar_pkg/hook/cmake_prefix_path.dsv'
[1.087s] INFO:colcon.colcon_core.shell:Creating environment hook '/home/wzy/Desktop/code/ros2/ros2_demo_1/install/lidar_pkg/share/lidar_pkg/hook/cmake_prefix_path.sh'
[1.088s] Level 1:colcon.colcon_core.environment:checking '/home/wzy/Desktop/code/ros2/ros2_demo_1/install/lidar_pkg/lib'
[1.088s] Level 1:colcon.colcon_core.environment:checking '/home/wzy/Desktop/code/ros2/ros2_demo_1/install/lidar_pkg/bin'
[1.088s] Level 1:colcon.colcon_core.environment:checking '/home/wzy/Desktop/code/ros2/ros2_demo_1/install/lidar_pkg/lib/pkgconfig/lidar_pkg.pc'
[1.088s] Level 1:colcon.colcon_core.environment:checking '/home/wzy/Desktop/code/ros2/ros2_demo_1/install/lidar_pkg/lib/python3.10/site-packages'
[1.088s] Level 1:colcon.colcon_core.environment:checking '/home/wzy/Desktop/code/ros2/ros2_demo_1/install/lidar_pkg/bin'
[1.088s] INFO:colcon.colcon_core.shell:Creating package script '/home/wzy/Desktop/code/ros2/ros2_demo_1/install/lidar_pkg/share/lidar_pkg/package.ps1'
[1.089s] INFO:colcon.colcon_core.shell:Creating package descriptor '/home/wzy/Desktop/code/ros2/ros2_demo_1/install/lidar_pkg/share/lidar_pkg/package.dsv'
[1.089s] INFO:colcon.colcon_core.shell:Creating package script '/home/wzy/Desktop/code/ros2/ros2_demo_1/install/lidar_pkg/share/lidar_pkg/package.sh'
[1.090s] INFO:colcon.colcon_core.shell:Creating package script '/home/wzy/Desktop/code/ros2/ros2_demo_1/install/lidar_pkg/share/lidar_pkg/package.bash'
[1.090s] INFO:colcon.colcon_core.shell:Creating package script '/home/wzy/Desktop/code/ros2/ros2_demo_1/install/lidar_pkg/share/lidar_pkg/package.zsh'
[1.090s] Level 1:colcon.colcon_core.environment:create_file_with_runtime_dependencies(/home/wzy/Desktop/code/ros2/ros2_demo_1/install/lidar_pkg/share/colcon-core/packages/lidar_pkg)
[1.091s] DEBUG:colcon.colcon_parallel_executor.executor.parallel:closing loop
[1.091s] DEBUG:colcon.colcon_parallel_executor.executor.parallel:loop closed
[1.092s] DEBUG:colcon.colcon_parallel_executor.executor.parallel:run_until_complete finished with '0'
[1.092s] DEBUG:colcon.colcon_core.event_reactor:joining thread
[1.096s] INFO:colcon.colcon_core.plugin_system:Skipping extension 'colcon_notification.desktop_notification.terminal_notifier': Not used on non-Darwin systems
[1.096s] INFO:colcon.colcon_core.plugin_system:Skipping extension 'colcon_notification.desktop_notification.win32': Not used on non-Windows systems
[1.096s] INFO:colcon.colcon_notification.desktop_notification:Sending desktop notification using 'notify2'
[1.107s] DEBUG:colcon.colcon_core.event_reactor:joined thread
[1.107s] INFO:colcon.colcon_core.shell:Creating prefix script '/home/wzy/Desktop/code/ros2/ros2_demo_1/install/local_setup.ps1'
[1.107s] INFO:colcon.colcon_core.shell:Creating prefix util module '/home/wzy/Desktop/code/ros2/ros2_demo_1/install/_local_setup_util_ps1.py'
[1.108s] INFO:colcon.colcon_core.shell:Creating prefix chain script '/home/wzy/Desktop/code/ros2/ros2_demo_1/install/setup.ps1'
[1.109s] INFO:colcon.colcon_core.shell:Creating prefix script '/home/wzy/Desktop/code/ros2/ros2_demo_1/install/local_setup.sh'
[1.109s] INFO:colcon.colcon_core.shell:Creating prefix util module '/home/wzy/Desktop/code/ros2/ros2_demo_1/install/_local_setup_util_sh.py'
[1.110s] INFO:colcon.colcon_core.shell:Creating prefix chain script '/home/wzy/Desktop/code/ros2/ros2_demo_1/install/setup.sh'
[1.111s] INFO:colcon.colcon_core.shell:Creating prefix script '/home/wzy/Desktop/code/ros2/ros2_demo_1/install/local_setup.bash'
[1.111s] INFO:colcon.colcon_core.shell:Creating prefix chain script '/home/wzy/Desktop/code/ros2/ros2_demo_1/install/setup.bash'
[1.112s] INFO:colcon.colcon_core.shell:Creating prefix script '/home/wzy/Desktop/code/ros2/ros2_demo_1/install/local_setup.zsh'
[1.112s] INFO:colcon.colcon_core.shell:Creating prefix chain script '/home/wzy/Desktop/code/ros2/ros2_demo_1/install/setup.zsh'
