[0.021s] Invoking command in '/home/wzy/Desktop/code/ros2/ros2_demo_1/build/lidar_pkg': CMAKE_PREFIX_PATH=/opt/ros/humble /usr/bin/cmake --build /home/wzy/Desktop/code/ros2/ros2_demo_1/build/lidar_pkg -- -j2 -l2
[0.156s] [ 25%] [32mBuilding CXX object CMakeFiles/virtual_lidar.dir/src/virtual_lidar.cpp.o[0m
[0.159s] [ 50%] [32mBuilding CXX object CMakeFiles/pointcloud_processor.dir/src/pointcloud_processor.cpp.o[0m
[5.973s] [ 75%] [32m[1mLinking CXX executable virtual_lidar[0m
[6.141s] [ 75%] Built target virtual_lidar
[8.825s] [100%] [32m[1mLinking CXX executable pointcloud_processor[0m
[9.083s] [100%] Built target pointcloud_processor
[9.095s] Invoked command in '/home/wzy/Desktop/code/ros2/ros2_demo_1/build/lidar_pkg' returned '0': CMAKE_PREFIX_PATH=/opt/ros/humble /usr/bin/cmake --build /home/wzy/Desktop/code/ros2/ros2_demo_1/build/lidar_pkg -- -j2 -l2
[9.097s] Invoking command in '/home/wzy/Desktop/code/ros2/ros2_demo_1/build/lidar_pkg': CMAKE_PREFIX_PATH=/opt/ros/humble /usr/bin/cmake --install /home/wzy/Desktop/code/ros2/ros2_demo_1/build/lidar_pkg
[9.103s] -- Install configuration: ""
[9.109s] -- Installing: /home/wzy/Desktop/code/ros2/ros2_demo_1/install/lidar_pkg/lib/lidar_pkg/pointcloud_processor
[9.110s] -- Set runtime path of "/home/wzy/Desktop/code/ros2/ros2_demo_1/install/lidar_pkg/lib/lidar_pkg/pointcloud_processor" to ""
[9.111s] -- Installing: /home/wzy/Desktop/code/ros2/ros2_demo_1/install/lidar_pkg/lib/lidar_pkg/virtual_lidar
[9.113s] -- Set runtime path of "/home/wzy/Desktop/code/ros2/ros2_demo_1/install/lidar_pkg/lib/lidar_pkg/virtual_lidar" to ""
[9.113s] -- Up-to-date: /home/wzy/Desktop/code/ros2/ros2_demo_1/install/lidar_pkg/share/ament_index/resource_index/package_run_dependencies/lidar_pkg
[9.113s] -- Up-to-date: /home/wzy/Desktop/code/ros2/ros2_demo_1/install/lidar_pkg/share/ament_index/resource_index/parent_prefix_path/lidar_pkg
[9.113s] -- Up-to-date: /home/wzy/Desktop/code/ros2/ros2_demo_1/install/lidar_pkg/share/lidar_pkg/environment/ament_prefix_path.sh
[9.114s] -- Up-to-date: /home/wzy/Desktop/code/ros2/ros2_demo_1/install/lidar_pkg/share/lidar_pkg/environment/ament_prefix_path.dsv
[9.114s] -- Up-to-date: /home/wzy/Desktop/code/ros2/ros2_demo_1/install/lidar_pkg/share/lidar_pkg/environment/path.sh
[9.115s] -- Up-to-date: /home/wzy/Desktop/code/ros2/ros2_demo_1/install/lidar_pkg/share/lidar_pkg/environment/path.dsv
[9.115s] -- Up-to-date: /home/wzy/Desktop/code/ros2/ros2_demo_1/install/lidar_pkg/share/lidar_pkg/local_setup.bash
[9.115s] -- Up-to-date: /home/wzy/Desktop/code/ros2/ros2_demo_1/install/lidar_pkg/share/lidar_pkg/local_setup.sh
[9.116s] -- Up-to-date: /home/wzy/Desktop/code/ros2/ros2_demo_1/install/lidar_pkg/share/lidar_pkg/local_setup.zsh
[9.116s] -- Up-to-date: /home/wzy/Desktop/code/ros2/ros2_demo_1/install/lidar_pkg/share/lidar_pkg/local_setup.dsv
[9.116s] -- Up-to-date: /home/wzy/Desktop/code/ros2/ros2_demo_1/install/lidar_pkg/share/lidar_pkg/package.dsv
[9.116s] -- Up-to-date: /home/wzy/Desktop/code/ros2/ros2_demo_1/install/lidar_pkg/share/ament_index/resource_index/packages/lidar_pkg
[9.117s] -- Up-to-date: /home/wzy/Desktop/code/ros2/ros2_demo_1/install/lidar_pkg/share/lidar_pkg/cmake/ament_cmake_export_dependencies-extras.cmake
[9.117s] -- Up-to-date: /home/wzy/Desktop/code/ros2/ros2_demo_1/install/lidar_pkg/share/lidar_pkg/cmake/lidar_pkgConfig.cmake
[9.117s] -- Up-to-date: /home/wzy/Desktop/code/ros2/ros2_demo_1/install/lidar_pkg/share/lidar_pkg/cmake/lidar_pkgConfig-version.cmake
[9.117s] -- Up-to-date: /home/wzy/Desktop/code/ros2/ros2_demo_1/install/lidar_pkg/share/lidar_pkg/package.xml
[9.117s] Invoked command in '/home/wzy/Desktop/code/ros2/ros2_demo_1/build/lidar_pkg' returned '0': CMAKE_PREFIX_PATH=/opt/ros/humble /usr/bin/cmake --install /home/wzy/Desktop/code/ros2/ros2_demo_1/build/lidar_pkg
