[0.442s] DEBUG:colcon:Command line arguments: ['/usr/bin/colcon', 'build', '--packages-select', 'victim_node']
[0.442s] DEBUG:colcon:Parsed command line arguments: Namespace(log_base=None, log_level=None, verb_name='build', build_base='build', install_base='install', merge_install=False, symlink_install=False, test_result_base=None, continue_on_error=False, executor='parallel', parallel_workers=2, event_handlers=None, ignore_user_meta=False, metas=['./colcon.meta'], base_paths=['.'], packages_ignore=None, packages_ignore_regex=None, paths=None, packages_up_to=None, packages_up_to_regex=None, packages_above=None, packages_above_and_dependencies=None, packages_above_depth=None, packages_select_by_dep=None, packages_skip_by_dep=None, packages_skip_up_to=None, packages_select_build_failed=False, packages_skip_build_finished=False, packages_select_test_failures=False, packages_skip_test_passed=False, packages_select=['victim_node'], packages_skip=None, packages_select_regex=None, packages_skip_regex=None, packages_start=None, packages_end=None, allow_overriding=[], cmake_args=None, cmake_target=None, cmake_target_skip_unavailable=False, cmake_clean_cache=False, cmake_clean_first=False, cmake_force_configure=False, ament_cmake_args=None, catkin_cmake_args=None, catkin_skip_building_tests=False, verb_parser=<colcon_defaults.argument_parser.defaults.DefaultArgumentsDecorator object at 0x748fe71207f0>, verb_extension=<colcon_core.verb.build.BuildVerb object at 0x748fe72661d0>, main=<bound method BuildVerb.main of <colcon_core.verb.build.BuildVerb object at 0x748fe72661d0>>)
[0.742s] Level 1:colcon.colcon_core.package_discovery:discover_packages(colcon_meta) check parameters
[0.742s] Level 1:colcon.colcon_core.package_discovery:discover_packages(recursive) check parameters
[0.742s] Level 1:colcon.colcon_core.package_discovery:discover_packages(ignore) check parameters
[0.742s] Level 1:colcon.colcon_core.package_discovery:discover_packages(path) check parameters
[0.742s] Level 1:colcon.colcon_core.package_discovery:discover_packages(colcon_meta) discover
[0.742s] Level 1:colcon.colcon_core.package_discovery:discover_packages(recursive) discover
[0.742s] INFO:colcon.colcon_core.package_discovery:Crawling recursively for packages in '/home/wzy/Desktop/code/ros2/work_space_1'
[0.742s] Level 1:colcon.colcon_core.package_identification:_identify(.) by extensions ['ignore', 'ignore_ament_install']
[0.742s] Level 1:colcon.colcon_core.package_identification:_identify(.) by extension 'ignore'
[0.742s] Level 1:colcon.colcon_core.package_identification:_identify(.) by extension 'ignore_ament_install'
[0.742s] Level 1:colcon.colcon_core.package_identification:_identify(.) by extensions ['colcon_pkg']
[0.742s] Level 1:colcon.colcon_core.package_identification:_identify(.) by extension 'colcon_pkg'
[0.742s] Level 1:colcon.colcon_core.package_identification:_identify(.) by extensions ['colcon_meta']
[0.742s] Level 1:colcon.colcon_core.package_identification:_identify(.) by extension 'colcon_meta'
[0.742s] Level 1:colcon.colcon_core.package_identification:_identify(.) by extensions ['ros']
[0.742s] Level 1:colcon.colcon_core.package_identification:_identify(.) by extension 'ros'
[0.755s] Level 1:colcon.colcon_core.package_identification:_identify(.) by extensions ['cmake', 'python']
[0.755s] Level 1:colcon.colcon_core.package_identification:_identify(.) by extension 'cmake'
[0.755s] Level 1:colcon.colcon_core.package_identification:_identify(.) by extension 'python'
[0.755s] Level 1:colcon.colcon_core.package_identification:_identify(.) by extensions ['python_setup_py']
[0.755s] Level 1:colcon.colcon_core.package_identification:_identify(.) by extension 'python_setup_py'
[0.755s] Level 1:colcon.colcon_core.package_identification:_identify(build) by extensions ['ignore', 'ignore_ament_install']
[0.755s] Level 1:colcon.colcon_core.package_identification:_identify(build) by extension 'ignore'
[0.755s] Level 1:colcon.colcon_core.package_identification:_identify(build) ignored
[0.755s] Level 1:colcon.colcon_core.package_identification:_identify(install) by extensions ['ignore', 'ignore_ament_install']
[0.755s] Level 1:colcon.colcon_core.package_identification:_identify(install) by extension 'ignore'
[0.755s] Level 1:colcon.colcon_core.package_identification:_identify(install) ignored
[0.755s] Level 1:colcon.colcon_core.package_identification:_identify(log) by extensions ['ignore', 'ignore_ament_install']
[0.755s] Level 1:colcon.colcon_core.package_identification:_identify(log) by extension 'ignore'
[0.755s] Level 1:colcon.colcon_core.package_identification:_identify(log) ignored
[0.755s] Level 1:colcon.colcon_core.package_identification:_identify(src) by extensions ['ignore', 'ignore_ament_install']
[0.755s] Level 1:colcon.colcon_core.package_identification:_identify(src) by extension 'ignore'
[0.755s] Level 1:colcon.colcon_core.package_identification:_identify(src) by extension 'ignore_ament_install'
[0.755s] Level 1:colcon.colcon_core.package_identification:_identify(src) by extensions ['colcon_pkg']
[0.755s] Level 1:colcon.colcon_core.package_identification:_identify(src) by extension 'colcon_pkg'
[0.755s] Level 1:colcon.colcon_core.package_identification:_identify(src) by extensions ['colcon_meta']
[0.755s] Level 1:colcon.colcon_core.package_identification:_identify(src) by extension 'colcon_meta'
[0.755s] Level 1:colcon.colcon_core.package_identification:_identify(src) by extensions ['ros']
[0.755s] Level 1:colcon.colcon_core.package_identification:_identify(src) by extension 'ros'
[0.755s] Level 1:colcon.colcon_core.package_identification:_identify(src) by extensions ['cmake', 'python']
[0.755s] Level 1:colcon.colcon_core.package_identification:_identify(src) by extension 'cmake'
[0.755s] Level 1:colcon.colcon_core.package_identification:_identify(src) by extension 'python'
[0.755s] Level 1:colcon.colcon_core.package_identification:_identify(src) by extensions ['python_setup_py']
[0.755s] Level 1:colcon.colcon_core.package_identification:_identify(src) by extension 'python_setup_py'
[0.755s] Level 1:colcon.colcon_core.package_identification:_identify(src/victim_node) by extensions ['ignore', 'ignore_ament_install']
[0.755s] Level 1:colcon.colcon_core.package_identification:_identify(src/victim_node) by extension 'ignore'
[0.755s] Level 1:colcon.colcon_core.package_identification:_identify(src/victim_node) by extension 'ignore_ament_install'
[0.755s] Level 1:colcon.colcon_core.package_identification:_identify(src/victim_node) by extensions ['colcon_pkg']
[0.755s] Level 1:colcon.colcon_core.package_identification:_identify(src/victim_node) by extension 'colcon_pkg'
[0.755s] Level 1:colcon.colcon_core.package_identification:_identify(src/victim_node) by extensions ['colcon_meta']
[0.755s] Level 1:colcon.colcon_core.package_identification:_identify(src/victim_node) by extension 'colcon_meta'
[0.756s] Level 1:colcon.colcon_core.package_identification:_identify(src/victim_node) by extensions ['ros']
[0.756s] Level 1:colcon.colcon_core.package_identification:_identify(src/victim_node) by extension 'ros'
[0.759s] DEBUG:colcon.colcon_core.package_identification:Found ROS schema reference in package manifest in 'src/victim_node'
[0.759s] WARNING:colcon.colcon_core.package_identification:Failed to parse ROS package manifest in 'src/victim_node': Error(s) in package 'src/victim_node/package.xml':
Invalid email "“2579351233@qq.com“" for person "wzy"
[0.759s] Level 1:colcon.colcon_core.package_identification:_identify(src/victim_node) by extensions ['cmake', 'python']
[0.759s] Level 1:colcon.colcon_core.package_identification:_identify(src/victim_node) by extension 'cmake'
[0.761s] Level 1:colcon.colcon_core.package_identification:_identify(src/victim_node) by extension 'python'
[0.761s] DEBUG:colcon.colcon_core.package_identification:Package 'src/victim_node' with type 'cmake' and name 'victim_node'
[0.761s] Level 1:colcon.colcon_core.package_discovery:discover_packages(recursive) using defaults
[0.761s] Level 1:colcon.colcon_core.package_discovery:discover_packages(ignore) discover
[0.761s] Level 1:colcon.colcon_core.package_discovery:discover_packages(ignore) using defaults
[0.761s] Level 1:colcon.colcon_core.package_discovery:discover_packages(path) discover
[0.761s] Level 1:colcon.colcon_core.package_discovery:discover_packages(path) using defaults
[0.799s] Level 1:colcon.colcon_core.package_discovery:discover_packages(prefix_path) check parameters
[0.799s] Level 1:colcon.colcon_core.package_discovery:discover_packages(prefix_path) discover
[0.805s] DEBUG:colcon.colcon_installed_package_information.package_discovery:Found 271 installed packages in /opt/ros/humble
[0.815s] Level 1:colcon.colcon_core.package_discovery:discover_packages(prefix_path) using defaults
[0.839s] Level 5:colcon.colcon_core.verb:set package 'victim_node' build argument 'cmake_args' from command line to 'None'
[0.839s] Level 5:colcon.colcon_core.verb:set package 'victim_node' build argument 'cmake_target' from command line to 'None'
[0.839s] Level 5:colcon.colcon_core.verb:set package 'victim_node' build argument 'cmake_target_skip_unavailable' from command line to 'False'
[0.839s] Level 5:colcon.colcon_core.verb:set package 'victim_node' build argument 'cmake_clean_cache' from command line to 'False'
[0.839s] Level 5:colcon.colcon_core.verb:set package 'victim_node' build argument 'cmake_clean_first' from command line to 'False'
[0.839s] Level 5:colcon.colcon_core.verb:set package 'victim_node' build argument 'cmake_force_configure' from command line to 'False'
[0.839s] Level 5:colcon.colcon_core.verb:set package 'victim_node' build argument 'ament_cmake_args' from command line to 'None'
[0.839s] Level 5:colcon.colcon_core.verb:set package 'victim_node' build argument 'catkin_cmake_args' from command line to 'None'
[0.839s] Level 5:colcon.colcon_core.verb:set package 'victim_node' build argument 'catkin_skip_building_tests' from command line to 'False'
[0.839s] DEBUG:colcon.colcon_core.verb:Building package 'victim_node' with the following arguments: {'ament_cmake_args': None, 'build_base': '/home/wzy/Desktop/code/ros2/work_space_1/build/victim_node', 'catkin_cmake_args': None, 'catkin_skip_building_tests': False, 'cmake_args': None, 'cmake_clean_cache': False, 'cmake_clean_first': False, 'cmake_force_configure': False, 'cmake_target': None, 'cmake_target_skip_unavailable': False, 'install_base': '/home/wzy/Desktop/code/ros2/work_space_1/install/victim_node', 'merge_install': False, 'path': '/home/wzy/Desktop/code/ros2/work_space_1/src/victim_node', 'symlink_install': False, 'test_result_base': None}
[0.839s] INFO:colcon.colcon_core.executor:Executing jobs using 'parallel' executor
[0.840s] DEBUG:colcon.colcon_parallel_executor.executor.parallel:run_until_complete
[0.840s] INFO:colcon.colcon_cmake.task.cmake.build:Building CMake package in '/home/wzy/Desktop/code/ros2/work_space_1/src/victim_node'
[0.849s] INFO:colcon.colcon_core.plugin_system:Skipping extension 'colcon_core.shell.bat': Not used on non-Windows systems
[0.849s] INFO:colcon.colcon_core.shell:Skip shell extension 'powershell' for command environment: Not usable outside of PowerShell
[0.849s] DEBUG:colcon.colcon_core.shell:Skip shell extension 'dsv' for command environment
[0.857s] DEBUG:colcon.colcon_core.event_handler.log_command:Invoking command in '/home/wzy/Desktop/code/ros2/work_space_1/build/victim_node': /usr/bin/cmake /home/wzy/Desktop/code/ros2/work_space_1/src/victim_node -DCMAKE_INSTALL_PREFIX=/home/wzy/Desktop/code/ros2/work_space_1/install/victim_node
[2.354s] DEBUG:colcon.colcon_core.event_handler.log_command:Invoked command in '/home/wzy/Desktop/code/ros2/work_space_1/build/victim_node' returned '1': /usr/bin/cmake /home/wzy/Desktop/code/ros2/work_space_1/src/victim_node -DCMAKE_INSTALL_PREFIX=/home/wzy/Desktop/code/ros2/work_space_1/install/victim_node
[2.364s] DEBUG:colcon.colcon_parallel_executor.executor.parallel:closing loop
[2.364s] DEBUG:colcon.colcon_parallel_executor.executor.parallel:loop closed
[2.364s] DEBUG:colcon.colcon_parallel_executor.executor.parallel:run_until_complete finished with '1'
[2.364s] DEBUG:colcon.colcon_core.event_reactor:joining thread
[2.377s] INFO:colcon.colcon_core.plugin_system:Skipping extension 'colcon_notification.desktop_notification.terminal_notifier': Not used on non-Darwin systems
[2.377s] INFO:colcon.colcon_core.plugin_system:Skipping extension 'colcon_notification.desktop_notification.win32': Not used on non-Windows systems
[2.377s] INFO:colcon.colcon_notification.desktop_notification:Sending desktop notification using 'notify2'
[2.471s] DEBUG:colcon.colcon_core.event_reactor:joined thread
[2.472s] INFO:colcon.colcon_core.shell:Creating prefix script '/home/wzy/Desktop/code/ros2/work_space_1/install/local_setup.ps1'
[2.474s] INFO:colcon.colcon_core.shell:Creating prefix util module '/home/wzy/Desktop/code/ros2/work_space_1/install/_local_setup_util_ps1.py'
[2.475s] INFO:colcon.colcon_core.shell:Creating prefix chain script '/home/wzy/Desktop/code/ros2/work_space_1/install/setup.ps1'
[2.477s] INFO:colcon.colcon_core.shell:Creating prefix script '/home/wzy/Desktop/code/ros2/work_space_1/install/local_setup.sh'
[2.478s] INFO:colcon.colcon_core.shell:Creating prefix util module '/home/wzy/Desktop/code/ros2/work_space_1/install/_local_setup_util_sh.py'
[2.478s] INFO:colcon.colcon_core.shell:Creating prefix chain script '/home/wzy/Desktop/code/ros2/work_space_1/install/setup.sh'
[2.479s] INFO:colcon.colcon_core.shell:Creating prefix script '/home/wzy/Desktop/code/ros2/work_space_1/install/local_setup.bash'
[2.481s] INFO:colcon.colcon_core.shell:Creating prefix chain script '/home/wzy/Desktop/code/ros2/work_space_1/install/setup.bash'
[2.482s] INFO:colcon.colcon_core.shell:Creating prefix script '/home/wzy/Desktop/code/ros2/work_space_1/install/local_setup.zsh'
[2.483s] INFO:colcon.colcon_core.shell:Creating prefix chain script '/home/wzy/Desktop/code/ros2/work_space_1/install/setup.zsh'
