[0.425s] DEBUG:colcon:Command line arguments: ['/usr/bin/colcon', 'build']
[0.425s] DEBUG:colcon:Parsed command line arguments: Namespace(log_base=None, log_level=None, verb_name='build', build_base='build', install_base='install', merge_install=False, symlink_install=False, test_result_base=None, continue_on_error=False, executor='parallel', parallel_workers=2, event_handlers=None, ignore_user_meta=False, metas=['./colcon.meta'], base_paths=['.'], packages_ignore=None, packages_ignore_regex=None, paths=None, packages_up_to=None, packages_up_to_regex=None, packages_above=None, packages_above_and_dependencies=None, packages_above_depth=None, packages_select_by_dep=None, packages_skip_by_dep=None, packages_skip_up_to=None, packages_select_build_failed=False, packages_skip_build_finished=False, packages_select_test_failures=False, packages_skip_test_passed=False, packages_select=None, packages_skip=None, packages_select_regex=None, packages_skip_regex=None, packages_start=None, packages_end=None, allow_overriding=[], cmake_args=None, cmake_target=None, cmake_target_skip_unavailable=False, cmake_clean_cache=False, cmake_clean_first=False, cmake_force_configure=False, ament_cmake_args=None, catkin_cmake_args=None, catkin_skip_building_tests=False, verb_parser=<colcon_defaults.argument_parser.defaults.DefaultArgumentsDecorator object at 0x7489105687c0>, verb_extension=<colcon_core.verb.build.BuildVerb object at 0x7489106721a0>, main=<bound method BuildVerb.main of <colcon_core.verb.build.BuildVerb object at 0x7489106721a0>>)
[0.715s] Level 1:colcon.colcon_core.package_discovery:discover_packages(colcon_meta) check parameters
[0.715s] Level 1:colcon.colcon_core.package_discovery:discover_packages(recursive) check parameters
[0.715s] Level 1:colcon.colcon_core.package_discovery:discover_packages(ignore) check parameters
[0.715s] Level 1:colcon.colcon_core.package_discovery:discover_packages(path) check parameters
[0.715s] Level 1:colcon.colcon_core.package_discovery:discover_packages(colcon_meta) discover
[0.715s] Level 1:colcon.colcon_core.package_discovery:discover_packages(recursive) discover
[0.715s] INFO:colcon.colcon_core.package_discovery:Crawling recursively for packages in '/home/wzy/Desktop/code/ros2/work_space_1'
[0.715s] Level 1:colcon.colcon_core.package_identification:_identify(.) by extensions ['ignore', 'ignore_ament_install']
[0.715s] Level 1:colcon.colcon_core.package_identification:_identify(.) by extension 'ignore'
[0.715s] Level 1:colcon.colcon_core.package_identification:_identify(.) by extension 'ignore_ament_install'
[0.715s] Level 1:colcon.colcon_core.package_identification:_identify(.) by extensions ['colcon_pkg']
[0.715s] Level 1:colcon.colcon_core.package_identification:_identify(.) by extension 'colcon_pkg'
[0.715s] Level 1:colcon.colcon_core.package_identification:_identify(.) by extensions ['colcon_meta']
[0.715s] Level 1:colcon.colcon_core.package_identification:_identify(.) by extension 'colcon_meta'
[0.715s] Level 1:colcon.colcon_core.package_identification:_identify(.) by extensions ['ros']
[0.715s] Level 1:colcon.colcon_core.package_identification:_identify(.) by extension 'ros'
[0.729s] Level 1:colcon.colcon_core.package_identification:_identify(.) by extensions ['cmake', 'python']
[0.729s] Level 1:colcon.colcon_core.package_identification:_identify(.) by extension 'cmake'
[0.729s] Level 1:colcon.colcon_core.package_identification:_identify(.) by extension 'python'
[0.729s] Level 1:colcon.colcon_core.package_identification:_identify(.) by extensions ['python_setup_py']
[0.729s] Level 1:colcon.colcon_core.package_identification:_identify(.) by extension 'python_setup_py'
[0.729s] Level 1:colcon.colcon_core.package_identification:_identify(build) by extensions ['ignore', 'ignore_ament_install']
[0.729s] Level 1:colcon.colcon_core.package_identification:_identify(build) by extension 'ignore'
[0.729s] Level 1:colcon.colcon_core.package_identification:_identify(build) ignored
[0.729s] Level 1:colcon.colcon_core.package_identification:_identify(install) by extensions ['ignore', 'ignore_ament_install']
[0.729s] Level 1:colcon.colcon_core.package_identification:_identify(install) by extension 'ignore'
[0.729s] Level 1:colcon.colcon_core.package_identification:_identify(install) ignored
[0.729s] Level 1:colcon.colcon_core.package_identification:_identify(log) by extensions ['ignore', 'ignore_ament_install']
[0.729s] Level 1:colcon.colcon_core.package_identification:_identify(log) by extension 'ignore'
[0.729s] Level 1:colcon.colcon_core.package_identification:_identify(log) ignored
[0.729s] Level 1:colcon.colcon_core.package_identification:_identify(src) by extensions ['ignore', 'ignore_ament_install']
[0.729s] Level 1:colcon.colcon_core.package_identification:_identify(src) by extension 'ignore'
[0.729s] Level 1:colcon.colcon_core.package_identification:_identify(src) by extension 'ignore_ament_install'
[0.729s] Level 1:colcon.colcon_core.package_identification:_identify(src) by extensions ['colcon_pkg']
[0.729s] Level 1:colcon.colcon_core.package_identification:_identify(src) by extension 'colcon_pkg'
[0.729s] Level 1:colcon.colcon_core.package_identification:_identify(src) by extensions ['colcon_meta']
[0.729s] Level 1:colcon.colcon_core.package_identification:_identify(src) by extension 'colcon_meta'
[0.729s] Level 1:colcon.colcon_core.package_identification:_identify(src) by extensions ['ros']
[0.729s] Level 1:colcon.colcon_core.package_identification:_identify(src) by extension 'ros'
[0.729s] Level 1:colcon.colcon_core.package_identification:_identify(src) by extensions ['cmake', 'python']
[0.729s] Level 1:colcon.colcon_core.package_identification:_identify(src) by extension 'cmake'
[0.729s] Level 1:colcon.colcon_core.package_identification:_identify(src) by extension 'python'
[0.729s] Level 1:colcon.colcon_core.package_identification:_identify(src) by extensions ['python_setup_py']
[0.729s] Level 1:colcon.colcon_core.package_identification:_identify(src) by extension 'python_setup_py'
[0.730s] Level 1:colcon.colcon_core.package_identification:_identify(src/interference_node) by extensions ['ignore', 'ignore_ament_install']
[0.730s] Level 1:colcon.colcon_core.package_identification:_identify(src/interference_node) by extension 'ignore'
[0.730s] Level 1:colcon.colcon_core.package_identification:_identify(src/interference_node) by extension 'ignore_ament_install'
[0.730s] Level 1:colcon.colcon_core.package_identification:_identify(src/interference_node) by extensions ['colcon_pkg']
[0.730s] Level 1:colcon.colcon_core.package_identification:_identify(src/interference_node) by extension 'colcon_pkg'
[0.730s] Level 1:colcon.colcon_core.package_identification:_identify(src/interference_node) by extensions ['colcon_meta']
[0.730s] Level 1:colcon.colcon_core.package_identification:_identify(src/interference_node) by extension 'colcon_meta'
[0.730s] Level 1:colcon.colcon_core.package_identification:_identify(src/interference_node) by extensions ['ros']
[0.730s] Level 1:colcon.colcon_core.package_identification:_identify(src/interference_node) by extension 'ros'
[0.732s] DEBUG:colcon.colcon_core.package_identification:Package 'src/interference_node' with type 'ros.ament_cmake' and name 'interference_node'
[0.732s] Level 1:colcon.colcon_core.package_identification:_identify(src/victim_node) by extensions ['ignore', 'ignore_ament_install']
[0.732s] Level 1:colcon.colcon_core.package_identification:_identify(src/victim_node) by extension 'ignore'
[0.733s] Level 1:colcon.colcon_core.package_identification:_identify(src/victim_node) by extension 'ignore_ament_install'
[0.733s] Level 1:colcon.colcon_core.package_identification:_identify(src/victim_node) by extensions ['colcon_pkg']
[0.733s] Level 1:colcon.colcon_core.package_identification:_identify(src/victim_node) by extension 'colcon_pkg'
[0.733s] Level 1:colcon.colcon_core.package_identification:_identify(src/victim_node) by extensions ['colcon_meta']
[0.733s] Level 1:colcon.colcon_core.package_identification:_identify(src/victim_node) by extension 'colcon_meta'
[0.733s] Level 1:colcon.colcon_core.package_identification:_identify(src/victim_node) by extensions ['ros']
[0.733s] Level 1:colcon.colcon_core.package_identification:_identify(src/victim_node) by extension 'ros'
[0.734s] DEBUG:colcon.colcon_core.package_identification:Package 'src/victim_node' with type 'ros.ament_cmake' and name 'victim_node'
[0.734s] Level 1:colcon.colcon_core.package_discovery:discover_packages(recursive) using defaults
[0.734s] Level 1:colcon.colcon_core.package_discovery:discover_packages(ignore) discover
[0.734s] Level 1:colcon.colcon_core.package_discovery:discover_packages(ignore) using defaults
[0.734s] Level 1:colcon.colcon_core.package_discovery:discover_packages(path) discover
[0.734s] Level 1:colcon.colcon_core.package_discovery:discover_packages(path) using defaults
[0.768s] Level 1:colcon.colcon_core.package_discovery:discover_packages(prefix_path) check parameters
[0.768s] Level 1:colcon.colcon_core.package_discovery:discover_packages(prefix_path) discover
[0.772s] DEBUG:colcon.colcon_installed_package_information.package_discovery:Found 271 installed packages in /opt/ros/humble
[0.780s] Level 1:colcon.colcon_core.package_discovery:discover_packages(prefix_path) using defaults
[0.803s] Level 5:colcon.colcon_core.verb:set package 'interference_node' build argument 'cmake_args' from command line to 'None'
[0.803s] Level 5:colcon.colcon_core.verb:set package 'interference_node' build argument 'cmake_target' from command line to 'None'
[0.803s] Level 5:colcon.colcon_core.verb:set package 'interference_node' build argument 'cmake_target_skip_unavailable' from command line to 'False'
[0.803s] Level 5:colcon.colcon_core.verb:set package 'interference_node' build argument 'cmake_clean_cache' from command line to 'False'
[0.803s] Level 5:colcon.colcon_core.verb:set package 'interference_node' build argument 'cmake_clean_first' from command line to 'False'
[0.803s] Level 5:colcon.colcon_core.verb:set package 'interference_node' build argument 'cmake_force_configure' from command line to 'False'
[0.803s] Level 5:colcon.colcon_core.verb:set package 'interference_node' build argument 'ament_cmake_args' from command line to 'None'
[0.803s] Level 5:colcon.colcon_core.verb:set package 'interference_node' build argument 'catkin_cmake_args' from command line to 'None'
[0.803s] Level 5:colcon.colcon_core.verb:set package 'interference_node' build argument 'catkin_skip_building_tests' from command line to 'False'
[0.803s] DEBUG:colcon.colcon_core.verb:Building package 'interference_node' with the following arguments: {'ament_cmake_args': None, 'build_base': '/home/wzy/Desktop/code/ros2/work_space_1/build/interference_node', 'catkin_cmake_args': None, 'catkin_skip_building_tests': False, 'cmake_args': None, 'cmake_clean_cache': False, 'cmake_clean_first': False, 'cmake_force_configure': False, 'cmake_target': None, 'cmake_target_skip_unavailable': False, 'install_base': '/home/wzy/Desktop/code/ros2/work_space_1/install/interference_node', 'merge_install': False, 'path': '/home/wzy/Desktop/code/ros2/work_space_1/src/interference_node', 'symlink_install': False, 'test_result_base': None}
[0.803s] Level 5:colcon.colcon_core.verb:set package 'victim_node' build argument 'cmake_args' from command line to 'None'
[0.803s] Level 5:colcon.colcon_core.verb:set package 'victim_node' build argument 'cmake_target' from command line to 'None'
[0.803s] Level 5:colcon.colcon_core.verb:set package 'victim_node' build argument 'cmake_target_skip_unavailable' from command line to 'False'
[0.803s] Level 5:colcon.colcon_core.verb:set package 'victim_node' build argument 'cmake_clean_cache' from command line to 'False'
[0.803s] Level 5:colcon.colcon_core.verb:set package 'victim_node' build argument 'cmake_clean_first' from command line to 'False'
[0.803s] Level 5:colcon.colcon_core.verb:set package 'victim_node' build argument 'cmake_force_configure' from command line to 'False'
[0.803s] Level 5:colcon.colcon_core.verb:set package 'victim_node' build argument 'ament_cmake_args' from command line to 'None'
[0.803s] Level 5:colcon.colcon_core.verb:set package 'victim_node' build argument 'catkin_cmake_args' from command line to 'None'
[0.803s] Level 5:colcon.colcon_core.verb:set package 'victim_node' build argument 'catkin_skip_building_tests' from command line to 'False'
[0.803s] DEBUG:colcon.colcon_core.verb:Building package 'victim_node' with the following arguments: {'ament_cmake_args': None, 'build_base': '/home/wzy/Desktop/code/ros2/work_space_1/build/victim_node', 'catkin_cmake_args': None, 'catkin_skip_building_tests': False, 'cmake_args': None, 'cmake_clean_cache': False, 'cmake_clean_first': False, 'cmake_force_configure': False, 'cmake_target': None, 'cmake_target_skip_unavailable': False, 'install_base': '/home/wzy/Desktop/code/ros2/work_space_1/install/victim_node', 'merge_install': False, 'path': '/home/wzy/Desktop/code/ros2/work_space_1/src/victim_node', 'symlink_install': False, 'test_result_base': None}
[0.803s] INFO:colcon.colcon_core.executor:Executing jobs using 'parallel' executor
[0.805s] DEBUG:colcon.colcon_parallel_executor.executor.parallel:run_until_complete
[0.805s] INFO:colcon.colcon_ros.task.ament_cmake.build:Building ROS package in '/home/wzy/Desktop/code/ros2/work_space_1/src/interference_node' with build type 'ament_cmake'
[0.806s] INFO:colcon.colcon_cmake.task.cmake.build:Building CMake package in '/home/wzy/Desktop/code/ros2/work_space_1/src/interference_node'
[0.813s] INFO:colcon.colcon_core.plugin_system:Skipping extension 'colcon_core.shell.bat': Not used on non-Windows systems
[0.813s] INFO:colcon.colcon_core.shell:Skip shell extension 'powershell' for command environment: Not usable outside of PowerShell
[0.813s] DEBUG:colcon.colcon_core.shell:Skip shell extension 'dsv' for command environment
[0.816s] INFO:colcon.colcon_ros.task.ament_cmake.build:Building ROS package in '/home/wzy/Desktop/code/ros2/work_space_1/src/victim_node' with build type 'ament_cmake'
[0.816s] INFO:colcon.colcon_cmake.task.cmake.build:Building CMake package in '/home/wzy/Desktop/code/ros2/work_space_1/src/victim_node'
[0.817s] INFO:colcon.colcon_core.shell:Skip shell extension 'powershell' for command environment: Not usable outside of PowerShell
[0.817s] DEBUG:colcon.colcon_core.shell:Skip shell extension 'dsv' for command environment
[0.825s] DEBUG:colcon.colcon_core.event_handler.log_command:Invoking command in '/home/wzy/Desktop/code/ros2/work_space_1/build/interference_node': CMAKE_PREFIX_PATH=/opt/ros/humble /usr/bin/cmake --build /home/wzy/Desktop/code/ros2/work_space_1/build/interference_node -- -j2 -l2
[0.834s] DEBUG:colcon.colcon_core.event_handler.log_command:Invoking command in '/home/wzy/Desktop/code/ros2/work_space_1/build/victim_node': CMAKE_PREFIX_PATH=/opt/ros/humble /usr/bin/cmake --build /home/wzy/Desktop/code/ros2/work_space_1/build/victim_node -- -j2 -l2
[0.987s] DEBUG:colcon.colcon_core.event_handler.log_command:Invoked command in '/home/wzy/Desktop/code/ros2/work_space_1/build/victim_node' returned '0': CMAKE_PREFIX_PATH=/opt/ros/humble /usr/bin/cmake --build /home/wzy/Desktop/code/ros2/work_space_1/build/victim_node -- -j2 -l2
[1.003s] DEBUG:colcon.colcon_core.event_handler.log_command:Invoking command in '/home/wzy/Desktop/code/ros2/work_space_1/build/victim_node': CMAKE_PREFIX_PATH=/opt/ros/humble /usr/bin/cmake --install /home/wzy/Desktop/code/ros2/work_space_1/build/victim_node
[1.021s] Level 1:colcon.colcon_core.environment:create_environment_scripts_only(victim_node)
[1.022s] DEBUG:colcon.colcon_core.event_handler.log_command:Invoked command in '/home/wzy/Desktop/code/ros2/work_space_1/build/victim_node' returned '0': CMAKE_PREFIX_PATH=/opt/ros/humble /usr/bin/cmake --install /home/wzy/Desktop/code/ros2/work_space_1/build/victim_node
[1.034s] Level 1:colcon.colcon_core.environment:checking '/home/wzy/Desktop/code/ros2/work_space_1/install/victim_node' for CMake module files
[1.035s] Level 1:colcon.colcon_core.environment:checking '/home/wzy/Desktop/code/ros2/work_space_1/install/victim_node' for CMake config files
[1.035s] Level 1:colcon.colcon_core.shell:create_environment_hook('victim_node', 'cmake_prefix_path')
[1.036s] INFO:colcon.colcon_core.shell:Creating environment hook '/home/wzy/Desktop/code/ros2/work_space_1/install/victim_node/share/victim_node/hook/cmake_prefix_path.ps1'
[1.037s] INFO:colcon.colcon_core.shell:Creating environment descriptor '/home/wzy/Desktop/code/ros2/work_space_1/install/victim_node/share/victim_node/hook/cmake_prefix_path.dsv'
[1.038s] INFO:colcon.colcon_core.shell:Creating environment hook '/home/wzy/Desktop/code/ros2/work_space_1/install/victim_node/share/victim_node/hook/cmake_prefix_path.sh'
[1.039s] Level 1:colcon.colcon_core.environment:checking '/home/wzy/Desktop/code/ros2/work_space_1/install/victim_node/lib'
[1.039s] Level 1:colcon.colcon_core.environment:checking '/home/wzy/Desktop/code/ros2/work_space_1/install/victim_node/bin'
[1.039s] Level 1:colcon.colcon_core.environment:checking '/home/wzy/Desktop/code/ros2/work_space_1/install/victim_node/lib/pkgconfig/victim_node.pc'
[1.039s] Level 1:colcon.colcon_core.environment:checking '/home/wzy/Desktop/code/ros2/work_space_1/install/victim_node/lib/python3.10/site-packages'
[1.039s] Level 1:colcon.colcon_core.environment:checking '/home/wzy/Desktop/code/ros2/work_space_1/install/victim_node/bin'
[1.039s] INFO:colcon.colcon_core.shell:Creating package script '/home/wzy/Desktop/code/ros2/work_space_1/install/victim_node/share/victim_node/package.ps1'
[1.041s] INFO:colcon.colcon_core.shell:Creating package descriptor '/home/wzy/Desktop/code/ros2/work_space_1/install/victim_node/share/victim_node/package.dsv'
[1.042s] INFO:colcon.colcon_core.shell:Creating package script '/home/wzy/Desktop/code/ros2/work_space_1/install/victim_node/share/victim_node/package.sh'
[1.043s] INFO:colcon.colcon_core.shell:Creating package script '/home/wzy/Desktop/code/ros2/work_space_1/install/victim_node/share/victim_node/package.bash'
[1.045s] INFO:colcon.colcon_core.shell:Creating package script '/home/wzy/Desktop/code/ros2/work_space_1/install/victim_node/share/victim_node/package.zsh'
[1.047s] Level 1:colcon.colcon_core.environment:create_file_with_runtime_dependencies(/home/wzy/Desktop/code/ros2/work_space_1/install/victim_node/share/colcon-core/packages/victim_node)
[1.048s] Level 1:colcon.colcon_core.environment:create_environment_scripts_only(victim_node)
[1.048s] Level 1:colcon.colcon_core.environment:checking '/home/wzy/Desktop/code/ros2/work_space_1/install/victim_node' for CMake module files
[1.048s] Level 1:colcon.colcon_core.environment:checking '/home/wzy/Desktop/code/ros2/work_space_1/install/victim_node' for CMake config files
[1.051s] Level 1:colcon.colcon_core.shell:create_environment_hook('victim_node', 'cmake_prefix_path')
[1.051s] INFO:colcon.colcon_core.shell:Creating environment hook '/home/wzy/Desktop/code/ros2/work_space_1/install/victim_node/share/victim_node/hook/cmake_prefix_path.ps1'
[1.051s] INFO:colcon.colcon_core.shell:Creating environment descriptor '/home/wzy/Desktop/code/ros2/work_space_1/install/victim_node/share/victim_node/hook/cmake_prefix_path.dsv'
[1.051s] INFO:colcon.colcon_core.shell:Creating environment hook '/home/wzy/Desktop/code/ros2/work_space_1/install/victim_node/share/victim_node/hook/cmake_prefix_path.sh'
[1.052s] Level 1:colcon.colcon_core.environment:checking '/home/wzy/Desktop/code/ros2/work_space_1/install/victim_node/lib'
[1.052s] Level 1:colcon.colcon_core.environment:checking '/home/wzy/Desktop/code/ros2/work_space_1/install/victim_node/bin'
[1.052s] Level 1:colcon.colcon_core.environment:checking '/home/wzy/Desktop/code/ros2/work_space_1/install/victim_node/lib/pkgconfig/victim_node.pc'
[1.052s] Level 1:colcon.colcon_core.environment:checking '/home/wzy/Desktop/code/ros2/work_space_1/install/victim_node/lib/python3.10/site-packages'
[1.052s] Level 1:colcon.colcon_core.environment:checking '/home/wzy/Desktop/code/ros2/work_space_1/install/victim_node/bin'
[1.052s] INFO:colcon.colcon_core.shell:Creating package script '/home/wzy/Desktop/code/ros2/work_space_1/install/victim_node/share/victim_node/package.ps1'
[1.054s] INFO:colcon.colcon_core.shell:Creating package descriptor '/home/wzy/Desktop/code/ros2/work_space_1/install/victim_node/share/victim_node/package.dsv'
[1.057s] INFO:colcon.colcon_core.shell:Creating package script '/home/wzy/Desktop/code/ros2/work_space_1/install/victim_node/share/victim_node/package.sh'
[1.058s] INFO:colcon.colcon_core.shell:Creating package script '/home/wzy/Desktop/code/ros2/work_space_1/install/victim_node/share/victim_node/package.bash'
[1.058s] INFO:colcon.colcon_core.shell:Creating package script '/home/wzy/Desktop/code/ros2/work_space_1/install/victim_node/share/victim_node/package.zsh'
[1.059s] Level 1:colcon.colcon_core.environment:create_file_with_runtime_dependencies(/home/wzy/Desktop/code/ros2/work_space_1/install/victim_node/share/colcon-core/packages/victim_node)
[3.500s] DEBUG:colcon.colcon_core.event_handler.log_command:Invoked command in '/home/wzy/Desktop/code/ros2/work_space_1/build/interference_node' returned '0': CMAKE_PREFIX_PATH=/opt/ros/humble /usr/bin/cmake --build /home/wzy/Desktop/code/ros2/work_space_1/build/interference_node -- -j2 -l2
[3.502s] DEBUG:colcon.colcon_core.event_handler.log_command:Invoking command in '/home/wzy/Desktop/code/ros2/work_space_1/build/interference_node': CMAKE_PREFIX_PATH=/opt/ros/humble /usr/bin/cmake --install /home/wzy/Desktop/code/ros2/work_space_1/build/interference_node
[3.513s] Level 1:colcon.colcon_core.environment:create_environment_scripts_only(interference_node)
[3.514s] Level 1:colcon.colcon_core.environment:checking '/home/wzy/Desktop/code/ros2/work_space_1/install/interference_node' for CMake module files
[3.514s] DEBUG:colcon.colcon_core.event_handler.log_command:Invoked command in '/home/wzy/Desktop/code/ros2/work_space_1/build/interference_node' returned '0': CMAKE_PREFIX_PATH=/opt/ros/humble /usr/bin/cmake --install /home/wzy/Desktop/code/ros2/work_space_1/build/interference_node
[3.514s] Level 1:colcon.colcon_core.environment:checking '/home/wzy/Desktop/code/ros2/work_space_1/install/interference_node' for CMake config files
[3.514s] Level 1:colcon.colcon_core.shell:create_environment_hook('interference_node', 'cmake_prefix_path')
[3.514s] INFO:colcon.colcon_core.shell:Creating environment hook '/home/wzy/Desktop/code/ros2/work_space_1/install/interference_node/share/interference_node/hook/cmake_prefix_path.ps1'
[3.515s] INFO:colcon.colcon_core.shell:Creating environment descriptor '/home/wzy/Desktop/code/ros2/work_space_1/install/interference_node/share/interference_node/hook/cmake_prefix_path.dsv'
[3.515s] INFO:colcon.colcon_core.shell:Creating environment hook '/home/wzy/Desktop/code/ros2/work_space_1/install/interference_node/share/interference_node/hook/cmake_prefix_path.sh'
[3.516s] Level 1:colcon.colcon_core.environment:checking '/home/wzy/Desktop/code/ros2/work_space_1/install/interference_node/lib'
[3.516s] Level 1:colcon.colcon_core.environment:checking '/home/wzy/Desktop/code/ros2/work_space_1/install/interference_node/bin'
[3.516s] Level 1:colcon.colcon_core.environment:checking '/home/wzy/Desktop/code/ros2/work_space_1/install/interference_node/lib/pkgconfig/interference_node.pc'
[3.516s] Level 1:colcon.colcon_core.environment:checking '/home/wzy/Desktop/code/ros2/work_space_1/install/interference_node/lib/python3.10/site-packages'
[3.516s] Level 1:colcon.colcon_core.environment:checking '/home/wzy/Desktop/code/ros2/work_space_1/install/interference_node/bin'
[3.516s] INFO:colcon.colcon_core.shell:Creating package script '/home/wzy/Desktop/code/ros2/work_space_1/install/interference_node/share/interference_node/package.ps1'
[3.517s] INFO:colcon.colcon_core.shell:Creating package descriptor '/home/wzy/Desktop/code/ros2/work_space_1/install/interference_node/share/interference_node/package.dsv'
[3.517s] INFO:colcon.colcon_core.shell:Creating package script '/home/wzy/Desktop/code/ros2/work_space_1/install/interference_node/share/interference_node/package.sh'
[3.518s] INFO:colcon.colcon_core.shell:Creating package script '/home/wzy/Desktop/code/ros2/work_space_1/install/interference_node/share/interference_node/package.bash'
[3.518s] INFO:colcon.colcon_core.shell:Creating package script '/home/wzy/Desktop/code/ros2/work_space_1/install/interference_node/share/interference_node/package.zsh'
[3.518s] Level 1:colcon.colcon_core.environment:create_file_with_runtime_dependencies(/home/wzy/Desktop/code/ros2/work_space_1/install/interference_node/share/colcon-core/packages/interference_node)
[3.519s] Level 1:colcon.colcon_core.environment:create_environment_scripts_only(interference_node)
[3.519s] Level 1:colcon.colcon_core.environment:checking '/home/wzy/Desktop/code/ros2/work_space_1/install/interference_node' for CMake module files
[3.519s] Level 1:colcon.colcon_core.environment:checking '/home/wzy/Desktop/code/ros2/work_space_1/install/interference_node' for CMake config files
[3.519s] Level 1:colcon.colcon_core.shell:create_environment_hook('interference_node', 'cmake_prefix_path')
[3.519s] INFO:colcon.colcon_core.shell:Creating environment hook '/home/wzy/Desktop/code/ros2/work_space_1/install/interference_node/share/interference_node/hook/cmake_prefix_path.ps1'
[3.520s] INFO:colcon.colcon_core.shell:Creating environment descriptor '/home/wzy/Desktop/code/ros2/work_space_1/install/interference_node/share/interference_node/hook/cmake_prefix_path.dsv'
[3.520s] INFO:colcon.colcon_core.shell:Creating environment hook '/home/wzy/Desktop/code/ros2/work_space_1/install/interference_node/share/interference_node/hook/cmake_prefix_path.sh'
[3.521s] Level 1:colcon.colcon_core.environment:checking '/home/wzy/Desktop/code/ros2/work_space_1/install/interference_node/lib'
[3.521s] Level 1:colcon.colcon_core.environment:checking '/home/wzy/Desktop/code/ros2/work_space_1/install/interference_node/bin'
[3.521s] Level 1:colcon.colcon_core.environment:checking '/home/wzy/Desktop/code/ros2/work_space_1/install/interference_node/lib/pkgconfig/interference_node.pc'
[3.521s] Level 1:colcon.colcon_core.environment:checking '/home/wzy/Desktop/code/ros2/work_space_1/install/interference_node/lib/python3.10/site-packages'
[3.521s] Level 1:colcon.colcon_core.environment:checking '/home/wzy/Desktop/code/ros2/work_space_1/install/interference_node/bin'
[3.521s] INFO:colcon.colcon_core.shell:Creating package script '/home/wzy/Desktop/code/ros2/work_space_1/install/interference_node/share/interference_node/package.ps1'
[3.522s] INFO:colcon.colcon_core.shell:Creating package descriptor '/home/wzy/Desktop/code/ros2/work_space_1/install/interference_node/share/interference_node/package.dsv'
[3.522s] INFO:colcon.colcon_core.shell:Creating package script '/home/wzy/Desktop/code/ros2/work_space_1/install/interference_node/share/interference_node/package.sh'
[3.522s] INFO:colcon.colcon_core.shell:Creating package script '/home/wzy/Desktop/code/ros2/work_space_1/install/interference_node/share/interference_node/package.bash'
[3.523s] INFO:colcon.colcon_core.shell:Creating package script '/home/wzy/Desktop/code/ros2/work_space_1/install/interference_node/share/interference_node/package.zsh'
[3.523s] Level 1:colcon.colcon_core.environment:create_file_with_runtime_dependencies(/home/wzy/Desktop/code/ros2/work_space_1/install/interference_node/share/colcon-core/packages/interference_node)
[3.524s] DEBUG:colcon.colcon_parallel_executor.executor.parallel:closing loop
[3.524s] DEBUG:colcon.colcon_parallel_executor.executor.parallel:loop closed
[3.524s] DEBUG:colcon.colcon_parallel_executor.executor.parallel:run_until_complete finished with '0'
[3.524s] DEBUG:colcon.colcon_core.event_reactor:joining thread
[3.539s] INFO:colcon.colcon_core.plugin_system:Skipping extension 'colcon_notification.desktop_notification.terminal_notifier': Not used on non-Darwin systems
[3.539s] INFO:colcon.colcon_core.plugin_system:Skipping extension 'colcon_notification.desktop_notification.win32': Not used on non-Windows systems
[3.539s] INFO:colcon.colcon_notification.desktop_notification:Sending desktop notification using 'notify2'
[3.549s] DEBUG:colcon.colcon_core.event_reactor:joined thread
[3.549s] INFO:colcon.colcon_core.shell:Creating prefix script '/home/wzy/Desktop/code/ros2/work_space_1/install/local_setup.ps1'
[3.551s] INFO:colcon.colcon_core.shell:Creating prefix util module '/home/wzy/Desktop/code/ros2/work_space_1/install/_local_setup_util_ps1.py'
[3.552s] INFO:colcon.colcon_core.shell:Creating prefix chain script '/home/wzy/Desktop/code/ros2/work_space_1/install/setup.ps1'
[3.553s] INFO:colcon.colcon_core.shell:Creating prefix script '/home/wzy/Desktop/code/ros2/work_space_1/install/local_setup.sh'
[3.554s] INFO:colcon.colcon_core.shell:Creating prefix util module '/home/wzy/Desktop/code/ros2/work_space_1/install/_local_setup_util_sh.py'
[3.555s] INFO:colcon.colcon_core.shell:Creating prefix chain script '/home/wzy/Desktop/code/ros2/work_space_1/install/setup.sh'
[3.556s] INFO:colcon.colcon_core.shell:Creating prefix script '/home/wzy/Desktop/code/ros2/work_space_1/install/local_setup.bash'
[3.557s] INFO:colcon.colcon_core.shell:Creating prefix chain script '/home/wzy/Desktop/code/ros2/work_space_1/install/setup.bash'
[3.558s] INFO:colcon.colcon_core.shell:Creating prefix script '/home/wzy/Desktop/code/ros2/work_space_1/install/local_setup.zsh'
[3.559s] INFO:colcon.colcon_core.shell:Creating prefix chain script '/home/wzy/Desktop/code/ros2/work_space_1/install/setup.zsh'
