-- Found ament_cmake: 1.3.12 (/opt/ros/humble/share/ament_cmake/cmake)
-- Found rclcpp: 16.0.14 (/opt/ros/humble/share/rclcpp/cmake)
-- Found rosidl_generator_c: 3.1.7 (/opt/ros/humble/share/rosidl_generator_c/cmake)
-- Found rosidl_adapter: 3.1.7 (/opt/ros/humble/share/rosidl_adapter/cmake)
-- Found rosidl_generator_cpp: 3.1.7 (/opt/ros/humble/share/rosidl_generator_cpp/cmake)
-- Using all available rosidl_typesupport_c: rosidl_typesupport_fastrtps_c;rosidl_typesupport_introspection_c
-- Using all available rosidl_typesupport_cpp: rosidl_typesupport_fastrtps_cpp;rosidl_typesupport_introspection_cpp
-- Found rmw_implementation_cmake: 6.1.2 (/opt/ros/humble/share/rmw_implementation_cmake/cmake)
-- Found rmw_fastrtps_cpp: 6.2.8 (/opt/ros/humble/share/rmw_fastrtps_cpp/cmake)
-- Using RMW implementation 'rmw_fastrtps_cpp' as default
-- Found ament_lint_auto: 0.12.14 (/opt/ros/humble/share/ament_lint_auto/cmake)
-- Added test 'cppcheck' to perform static code analysis on C / C++ code
-- Configured cppcheck include dirs: 
-- Configured cppcheck exclude dirs and/or files: 
-- Added test 'lint_cmake' to check CMake code style
-- Added test 'uncrustify' to check C / C++ code style
-- Configured uncrustify additional arguments: 
-- Added test 'xmllint' to check XML markup files
-- Configuring done
-- Generating done
-- Build files have been written to: /home/wzy/Desktop/code/ros2/ros2_demo_1/build/can_pkg
[ 25%] [32mBuilding CXX object CMakeFiles/can_simulator.dir/src/can_simulator.cpp.o[0m
[ 50%] [32mBuilding CXX object CMakeFiles/system_monitor.dir/src/system_monitor.cpp.o[0m
[ 75%] [32m[1mLinking CXX executable can_simulator[0m
[ 75%] Built target can_simulator
[100%] [32m[1mLinking CXX executable system_monitor[0m
[100%] Built target system_monitor
-- Install configuration: ""
-- Installing: /home/wzy/Desktop/code/ros2/ros2_demo_1/install/can_pkg/lib/can_pkg/can_simulator
-- Set runtime path of "/home/wzy/Desktop/code/ros2/ros2_demo_1/install/can_pkg/lib/can_pkg/can_simulator" to ""
-- Installing: /home/wzy/Desktop/code/ros2/ros2_demo_1/install/can_pkg/lib/can_pkg/system_monitor
-- Set runtime path of "/home/wzy/Desktop/code/ros2/ros2_demo_1/install/can_pkg/lib/can_pkg/system_monitor" to ""
-- Up-to-date: /home/wzy/Desktop/code/ros2/ros2_demo_1/install/can_pkg/share/ament_index/resource_index/package_run_dependencies/can_pkg
-- Up-to-date: /home/wzy/Desktop/code/ros2/ros2_demo_1/install/can_pkg/share/ament_index/resource_index/parent_prefix_path/can_pkg
-- Up-to-date: /home/wzy/Desktop/code/ros2/ros2_demo_1/install/can_pkg/share/can_pkg/environment/ament_prefix_path.sh
-- Installing: /home/wzy/Desktop/code/ros2/ros2_demo_1/install/can_pkg/share/can_pkg/environment/ament_prefix_path.dsv
-- Up-to-date: /home/wzy/Desktop/code/ros2/ros2_demo_1/install/can_pkg/share/can_pkg/environment/path.sh
-- Installing: /home/wzy/Desktop/code/ros2/ros2_demo_1/install/can_pkg/share/can_pkg/environment/path.dsv
-- Up-to-date: /home/wzy/Desktop/code/ros2/ros2_demo_1/install/can_pkg/share/can_pkg/local_setup.bash
-- Up-to-date: /home/wzy/Desktop/code/ros2/ros2_demo_1/install/can_pkg/share/can_pkg/local_setup.sh
-- Up-to-date: /home/wzy/Desktop/code/ros2/ros2_demo_1/install/can_pkg/share/can_pkg/local_setup.zsh
-- Installing: /home/wzy/Desktop/code/ros2/ros2_demo_1/install/can_pkg/share/can_pkg/local_setup.dsv
-- Installing: /home/wzy/Desktop/code/ros2/ros2_demo_1/install/can_pkg/share/can_pkg/package.dsv
-- Up-to-date: /home/wzy/Desktop/code/ros2/ros2_demo_1/install/can_pkg/share/ament_index/resource_index/packages/can_pkg
-- Up-to-date: /home/wzy/Desktop/code/ros2/ros2_demo_1/install/can_pkg/share/can_pkg/cmake/can_pkgConfig.cmake
-- Up-to-date: /home/wzy/Desktop/code/ros2/ros2_demo_1/install/can_pkg/share/can_pkg/cmake/can_pkgConfig-version.cmake
-- Up-to-date: /home/wzy/Desktop/code/ros2/ros2_demo_1/install/can_pkg/share/can_pkg/package.xml
