[0.015s] Invoking command in '/home/wzy/Desktop/code/ros2/ros2_demo_1/build/can_pkg': CMAKE_PREFIX_PATH=/opt/ros/humble /usr/bin/cmake --build /home/wzy/Desktop/code/ros2/ros2_demo_1/build/can_pkg -- -j2 -l2
[0.127s] -- Found ament_cmake: 1.3.12 (/opt/ros/humble/share/ament_cmake/cmake)
[0.273s] -- Found rclcpp: 16.0.14 (/opt/ros/humble/share/rclcpp/cmake)
[0.325s] -- Found rosidl_generator_c: 3.1.7 (/opt/ros/humble/share/rosidl_generator_c/cmake)
[0.330s] -- Found rosidl_adapter: 3.1.7 (/opt/ros/humble/share/rosidl_adapter/cmake)
[0.342s] -- Found rosidl_generator_cpp: 3.1.7 (/opt/ros/humble/share/rosidl_generator_cpp/cmake)
[0.357s] -- Using all available rosidl_typesupport_c: rosidl_typesupport_fastrtps_c;rosidl_typesupport_introspection_c
[0.375s] -- Using all available rosidl_typesupport_cpp: rosidl_typesupport_fastrtps_cpp;rosidl_typesupport_introspection_cpp
[0.423s] -- Found rmw_implementation_cmake: 6.1.2 (/opt/ros/humble/share/rmw_implementation_cmake/cmake)
[0.427s] -- Found rmw_fastrtps_cpp: 6.2.8 (/opt/ros/humble/share/rmw_fastrtps_cpp/cmake)
[0.529s] -- Using RMW implementation 'rmw_fastrtps_cpp' as default
[0.596s] -- Found ament_lint_auto: 0.12.14 (/opt/ros/humble/share/ament_lint_auto/cmake)
[0.664s] -- Added test 'cppcheck' to perform static code analysis on C / C++ code
[0.664s] -- Configured cppcheck include dirs: 
[0.664s] -- Configured cppcheck exclude dirs and/or files: 
[0.666s] -- Added test 'lint_cmake' to check CMake code style
[0.667s] -- Added test 'uncrustify' to check C / C++ code style
[0.667s] -- Configured uncrustify additional arguments: 
[0.668s] -- Added test 'xmllint' to check XML markup files
[0.672s] -- Configuring done
[0.686s] -- Generating done
[0.690s] -- Build files have been written to: /home/wzy/Desktop/code/ros2/ros2_demo_1/build/can_pkg
[0.725s] [ 25%] [32mBuilding CXX object CMakeFiles/can_simulator.dir/src/can_simulator.cpp.o[0m
[0.752s] [ 50%] [32mBuilding CXX object CMakeFiles/system_monitor.dir/src/system_monitor.cpp.o[0m
[5.280s] [ 75%] [32m[1mLinking CXX executable can_simulator[0m
[5.644s] [ 75%] Built target can_simulator
[8.284s] [100%] [32m[1mLinking CXX executable system_monitor[0m
[8.643s] [100%] Built target system_monitor
[8.654s] Invoked command in '/home/wzy/Desktop/code/ros2/ros2_demo_1/build/can_pkg' returned '0': CMAKE_PREFIX_PATH=/opt/ros/humble /usr/bin/cmake --build /home/wzy/Desktop/code/ros2/ros2_demo_1/build/can_pkg -- -j2 -l2
[8.658s] Invoking command in '/home/wzy/Desktop/code/ros2/ros2_demo_1/build/can_pkg': CMAKE_PREFIX_PATH=/opt/ros/humble /usr/bin/cmake --install /home/wzy/Desktop/code/ros2/ros2_demo_1/build/can_pkg
[8.663s] -- Install configuration: ""
[8.663s] -- Installing: /home/wzy/Desktop/code/ros2/ros2_demo_1/install/can_pkg/lib/can_pkg/can_simulator
[8.664s] -- Set runtime path of "/home/wzy/Desktop/code/ros2/ros2_demo_1/install/can_pkg/lib/can_pkg/can_simulator" to ""
[8.664s] -- Installing: /home/wzy/Desktop/code/ros2/ros2_demo_1/install/can_pkg/lib/can_pkg/system_monitor
[8.668s] -- Set runtime path of "/home/wzy/Desktop/code/ros2/ros2_demo_1/install/can_pkg/lib/can_pkg/system_monitor" to ""
[8.668s] -- Up-to-date: /home/wzy/Desktop/code/ros2/ros2_demo_1/install/can_pkg/share/ament_index/resource_index/package_run_dependencies/can_pkg
[8.668s] -- Up-to-date: /home/wzy/Desktop/code/ros2/ros2_demo_1/install/can_pkg/share/ament_index/resource_index/parent_prefix_path/can_pkg
[8.668s] -- Up-to-date: /home/wzy/Desktop/code/ros2/ros2_demo_1/install/can_pkg/share/can_pkg/environment/ament_prefix_path.sh
[8.669s] -- Installing: /home/wzy/Desktop/code/ros2/ros2_demo_1/install/can_pkg/share/can_pkg/environment/ament_prefix_path.dsv
[8.669s] -- Up-to-date: /home/wzy/Desktop/code/ros2/ros2_demo_1/install/can_pkg/share/can_pkg/environment/path.sh
[8.669s] -- Installing: /home/wzy/Desktop/code/ros2/ros2_demo_1/install/can_pkg/share/can_pkg/environment/path.dsv
[8.669s] -- Up-to-date: /home/wzy/Desktop/code/ros2/ros2_demo_1/install/can_pkg/share/can_pkg/local_setup.bash
[8.669s] -- Up-to-date: /home/wzy/Desktop/code/ros2/ros2_demo_1/install/can_pkg/share/can_pkg/local_setup.sh
[8.669s] -- Up-to-date: /home/wzy/Desktop/code/ros2/ros2_demo_1/install/can_pkg/share/can_pkg/local_setup.zsh
[8.670s] -- Installing: /home/wzy/Desktop/code/ros2/ros2_demo_1/install/can_pkg/share/can_pkg/local_setup.dsv
[8.670s] -- Installing: /home/wzy/Desktop/code/ros2/ros2_demo_1/install/can_pkg/share/can_pkg/package.dsv
[8.670s] -- Up-to-date: /home/wzy/Desktop/code/ros2/ros2_demo_1/install/can_pkg/share/ament_index/resource_index/packages/can_pkg
[8.670s] -- Up-to-date: /home/wzy/Desktop/code/ros2/ros2_demo_1/install/can_pkg/share/can_pkg/cmake/can_pkgConfig.cmake
[8.670s] -- Up-to-date: /home/wzy/Desktop/code/ros2/ros2_demo_1/install/can_pkg/share/can_pkg/cmake/can_pkgConfig-version.cmake
[8.670s] -- Up-to-date: /home/wzy/Desktop/code/ros2/ros2_demo_1/install/can_pkg/share/can_pkg/package.xml
[8.672s] Invoked command in '/home/wzy/Desktop/code/ros2/ros2_demo_1/build/can_pkg' returned '0': CMAKE_PREFIX_PATH=/opt/ros/humble /usr/bin/cmake --install /home/wzy/Desktop/code/ros2/ros2_demo_1/build/can_pkg
