[35m[1mConsolidate compiler generated dependencies of target interference_node[0m
[ 50%] [32mBuilding CXX object CMakeFiles/interference_node.dir/src/interference_node.cpp.o[0m
[100%] [32m[1mLinking CXX executable interference_node[0m
[100%] Built target interference_node
-- Install configuration: ""
-- Installing: /home/wzy/Desktop/code/ros2/work_space_1/install/interference_node/lib/interference_node/interference_node
-- Set runtime path of "/home/wzy/Desktop/code/ros2/work_space_1/install/interference_node/lib/interference_node/interference_node" to ""
-- Up-to-date: /home/wzy/Desktop/code/ros2/work_space_1/install/interference_node/share/ament_index/resource_index/package_run_dependencies/interference_node
-- Up-to-date: /home/wzy/Desktop/code/ros2/work_space_1/install/interference_node/share/ament_index/resource_index/parent_prefix_path/interference_node
-- Up-to-date: /home/wzy/Desktop/code/ros2/work_space_1/install/interference_node/share/interference_node/environment/ament_prefix_path.sh
-- Up-to-date: /home/wzy/Desktop/code/ros2/work_space_1/install/interference_node/share/interference_node/environment/ament_prefix_path.dsv
-- Up-to-date: /home/wzy/Desktop/code/ros2/work_space_1/install/interference_node/share/interference_node/environment/path.sh
-- Up-to-date: /home/wzy/Desktop/code/ros2/work_space_1/install/interference_node/share/interference_node/environment/path.dsv
-- Up-to-date: /home/wzy/Desktop/code/ros2/work_space_1/install/interference_node/share/interference_node/local_setup.bash
-- Up-to-date: /home/wzy/Desktop/code/ros2/work_space_1/install/interference_node/share/interference_node/local_setup.sh
-- Up-to-date: /home/wzy/Desktop/code/ros2/work_space_1/install/interference_node/share/interference_node/local_setup.zsh
-- Up-to-date: /home/wzy/Desktop/code/ros2/work_space_1/install/interference_node/share/interference_node/local_setup.dsv
-- Installing: /home/wzy/Desktop/code/ros2/work_space_1/install/interference_node/share/interference_node/package.dsv
-- Up-to-date: /home/wzy/Desktop/code/ros2/work_space_1/install/interference_node/share/ament_index/resource_index/packages/interference_node
-- Up-to-date: /home/wzy/Desktop/code/ros2/work_space_1/install/interference_node/share/interference_node/cmake/interference_nodeConfig.cmake
-- Up-to-date: /home/wzy/Desktop/code/ros2/work_space_1/install/interference_node/share/interference_node/cmake/interference_nodeConfig-version.cmake
-- Up-to-date: /home/wzy/Desktop/code/ros2/work_space_1/install/interference_node/share/interference_node/package.xml
