[0.014s] Invoking command in '/home/wzy/Desktop/code/ros2/ros2_demo_1/build/demo_startup': CMAKE_PREFIX_PATH=${CMAKE_PREFIX_PATH}:/opt/ros/humble /usr/bin/cmake --build /home/wzy/Desktop/code/ros2/ros2_demo_1/build/demo_startup -- -j2 -l2
[0.057s] Invoked command in '/home/wzy/Desktop/code/ros2/ros2_demo_1/build/demo_startup' returned '0': CMAKE_PREFIX_PATH=${CMAKE_PREFIX_PATH}:/opt/ros/humble /usr/bin/cmake --build /home/wzy/Desktop/code/ros2/ros2_demo_1/build/demo_startup -- -j2 -l2
[0.057s] Invoking command in '/home/wzy/Desktop/code/ros2/ros2_demo_1/build/demo_startup': CMAKE_PREFIX_PATH=${CMAKE_PREFIX_PATH}:/opt/ros/humble /usr/bin/cmake --install /home/wzy/Desktop/code/ros2/ros2_demo_1/build/demo_startup
[0.066s] -- Install configuration: ""
[0.066s] -- Up-to-date: /home/wzy/Desktop/code/ros2/ros2_demo_1/install/demo_startup/share/demo_startup/launch
[0.066s] -- Installing: /home/wzy/Desktop/code/ros2/ros2_demo_1/install/demo_startup/share/demo_startup/launch/demo_lanuch.py
[0.066s] -- Up-to-date: /home/wzy/Desktop/code/ros2/ros2_demo_1/install/demo_startup/share/ament_index/resource_index/package_run_dependencies/demo_startup
[0.066s] -- Up-to-date: /home/wzy/Desktop/code/ros2/ros2_demo_1/install/demo_startup/share/ament_index/resource_index/parent_prefix_path/demo_startup
[0.067s] -- Up-to-date: /home/wzy/Desktop/code/ros2/ros2_demo_1/install/demo_startup/share/demo_startup/environment/ament_prefix_path.sh
[0.069s] -- Up-to-date: /home/wzy/Desktop/code/ros2/ros2_demo_1/install/demo_startup/share/demo_startup/environment/ament_prefix_path.dsv
[0.069s] -- Up-to-date: /home/wzy/Desktop/code/ros2/ros2_demo_1/install/demo_startup/share/demo_startup/environment/path.sh
[0.069s] -- Up-to-date: /home/wzy/Desktop/code/ros2/ros2_demo_1/install/demo_startup/share/demo_startup/environment/path.dsv
[0.069s] -- Up-to-date: /home/wzy/Desktop/code/ros2/ros2_demo_1/install/demo_startup/share/demo_startup/local_setup.bash
[0.069s] -- Up-to-date: /home/wzy/Desktop/code/ros2/ros2_demo_1/install/demo_startup/share/demo_startup/local_setup.sh
[0.069s] -- Up-to-date: /home/wzy/Desktop/code/ros2/ros2_demo_1/install/demo_startup/share/demo_startup/local_setup.zsh
[0.069s] -- Up-to-date: /home/wzy/Desktop/code/ros2/ros2_demo_1/install/demo_startup/share/demo_startup/local_setup.dsv
[0.069s] -- Up-to-date: /home/wzy/Desktop/code/ros2/ros2_demo_1/install/demo_startup/share/demo_startup/package.dsv
[0.069s] -- Up-to-date: /home/wzy/Desktop/code/ros2/ros2_demo_1/install/demo_startup/share/ament_index/resource_index/packages/demo_startup
[0.069s] -- Up-to-date: /home/wzy/Desktop/code/ros2/ros2_demo_1/install/demo_startup/share/demo_startup/cmake/demo_startupConfig.cmake
[0.071s] -- Up-to-date: /home/wzy/Desktop/code/ros2/ros2_demo_1/install/demo_startup/share/demo_startup/cmake/demo_startupConfig-version.cmake
[0.071s] -- Up-to-date: /home/wzy/Desktop/code/ros2/ros2_demo_1/install/demo_startup/share/demo_startup/package.xml
[0.076s] Invoked command in '/home/wzy/Desktop/code/ros2/ros2_demo_1/build/demo_startup' returned '0': CMAKE_PREFIX_PATH=${CMAKE_PREFIX_PATH}:/opt/ros/humble /usr/bin/cmake --install /home/wzy/Desktop/code/ros2/ros2_demo_1/build/demo_startup
