[0.016s] Invoking command in '/home/wzy/Desktop/code/ros2/work_space_1/build/victim_node': /usr/bin/cmake /home/wzy/Desktop/code/ros2/work_space_1/src/victim_node -DCMAKE_INSTALL_PREFIX=/home/wzy/Desktop/code/ros2/work_space_1/install/victim_node
[0.289s] -- The C compiler identification is GNU 11.4.0
[0.417s] -- The CXX compiler identification is GNU 11.4.0
[0.431s] -- Detecting C compiler ABI info
[0.510s] -- Detecting C compiler ABI info - done
[0.514s] -- Check for working C compiler: /usr/bin/cc - skipped
[0.515s] -- Detecting C compile features
[0.515s] -- Detecting C compile features - done
[0.519s] -- Detecting CXX compiler ABI info
[0.591s] -- Detecting CXX compiler ABI info - done
[0.596s] -- Check for working CXX compiler: /usr/bin/c++ - skipped
[0.596s] -- Detecting CXX compile features
[0.596s] -- Detecting CXX compile features - done
[0.604s] -- Found ament_cmake: 1.3.12 (/opt/ros/humble/share/ament_cmake/cmake)
[0.721s] -- Found Python3: /usr/bin/python3 (found version "3.10.12") found components: Interpreter 
[0.822s] -- Found rclcpp: 16.0.14 (/opt/ros/humble/share/rclcpp/cmake)
[0.891s] -- Found rosidl_generator_c: 3.1.7 (/opt/ros/humble/share/rosidl_generator_c/cmake)
[0.898s] -- Found rosidl_adapter: 3.1.7 (/opt/ros/humble/share/rosidl_adapter/cmake)
[0.912s] -- Found rosidl_generator_cpp: 3.1.7 (/opt/ros/humble/share/rosidl_generator_cpp/cmake)
[0.934s] -- Using all available rosidl_typesupport_c: rosidl_typesupport_fastrtps_c;rosidl_typesupport_introspection_c
[0.956s] -- Using all available rosidl_typesupport_cpp: rosidl_typesupport_fastrtps_cpp;rosidl_typesupport_introspection_cpp
[1.018s] -- Found rmw_implementation_cmake: 6.1.2 (/opt/ros/humble/share/rmw_implementation_cmake/cmake)
[1.023s] -- Found rmw_fastrtps_cpp: 6.2.8 (/opt/ros/humble/share/rmw_fastrtps_cpp/cmake)
[1.133s] -- Found OpenSSL: /usr/lib/x86_64-linux-gnu/libcrypto.so (found version "3.0.2")  
[1.156s] -- Found FastRTPS: /opt/ros/humble/include  
[1.187s] -- Using RMW implementation 'rmw_fastrtps_cpp' as default
[1.202s] -- Looking for pthread.h
[1.267s] -- Looking for pthread.h - found
[1.267s] -- Performing Test CMAKE_HAVE_LIBC_PTHREAD
[1.333s] -- Performing Test CMAKE_HAVE_LIBC_PTHREAD - Success
[1.335s] -- Found Threads: TRUE  
[1.403s] -- Found ament_lint_auto: 0.12.14 (/opt/ros/humble/share/ament_lint_auto/cmake)
[1.441s] Error parsing '/home/wzy/Desktop/code/ros2/work_space_1/src/victim_node/package.xml':
[1.491s] Traceback (most recent call last):
[1.491s]   File "/opt/ros/humble/share/ament_cmake_core/cmake/core/package_xml_2_cmake.py", line 150, in <module>
[1.491s]     main()
[1.491s]   File "/opt/ros/humble/share/ament_cmake_core/cmake/core/package_xml_2_cmake.py", line 53, in main
[1.491s]     raise e
[1.491s]   File "/opt/ros/humble/share/ament_cmake_core/cmake/core/package_xml_2_cmake.py", line 49, in main
[1.491s]     package = parse_package_string(
[1.491s]   File "/usr/lib/python3/dist-packages/catkin_pkg/package.py", line 788, in parse_package_string
[1.492s]     pkg.validate(warnings=warnings)
[1.492s]   File "/usr/lib/python3/dist-packages/catkin_pkg/package.py", line 330, in validate
[1.492s]     raise InvalidPackage('\n'.join(errors), self.filename)
[1.492s] catkin_pkg.package.InvalidPackage: Error(s) in package '/home/wzy/Desktop/code/ros2/work_space_1/src/victim_node/package.xml':
[1.492s] Invalid email "“2579351233@qq.com“" for person "wzy"
[1.506s] [31mCMake Error at /opt/ros/humble/share/ament_cmake_core/cmake/core/ament_package_xml.cmake:95 (message):
[1.506s]   execute_process(/usr/bin/python3
[1.506s]   /opt/ros/humble/share/ament_cmake_core/cmake/core/package_xml_2_cmake.py
[1.506s]   /home/wzy/Desktop/code/ros2/work_space_1/src/victim_node/package.xml
[1.506s]   /home/wzy/Desktop/code/ros2/work_space_1/build/victim_node/ament_cmake_core/package.cmake)
[1.506s]   returned error code 1
[1.506s] Call Stack (most recent call first):
[1.506s]   /opt/ros/humble/share/ament_cmake_core/cmake/core/ament_package_xml.cmake:49 (_ament_package_xml)
[1.506s]   /opt/ros/humble/share/ament_lint_auto/cmake/ament_lint_auto_find_test_dependencies.cmake:31 (ament_package_xml)
[1.506s]   CMakeLists.txt:22 (ament_lint_auto_find_test_dependencies)
[1.506s] 
[1.506s] [0m
[1.506s] -- Configuring incomplete, errors occurred!
[1.506s] See also "/home/wzy/Desktop/code/ros2/work_space_1/build/victim_node/CMakeFiles/CMakeOutput.log".
[1.513s] Invoked command in '/home/wzy/Desktop/code/ros2/work_space_1/build/victim_node' returned '1': /usr/bin/cmake /home/wzy/Desktop/code/ros2/work_space_1/src/victim_node -DCMAKE_INSTALL_PREFIX=/home/wzy/Desktop/code/ros2/work_space_1/install/victim_node
