[0.016s] Invoking command in '/home/wzy/Desktop/code/ros2/ros2_demo_1/build/can_pkg': CMAKE_PREFIX_PATH=/opt/ros/humble /usr/bin/cmake /home/wzy/Desktop/code/ros2/ros2_demo_1/src/can_pkg -DCMAKE_INSTALL_PREFIX=/home/wzy/Desktop/code/ros2/ros2_demo_1/install/can_pkg
[0.234s] -- The C compiler identification is GNU 11.4.0
[0.376s] -- The CXX compiler identification is GNU 11.4.0
[0.397s] -- Detecting C compiler ABI info
[0.518s] -- Detecting C compiler ABI info - done
[0.526s] -- Check for working C compiler: /usr/bin/cc - skipped
[0.527s] -- Detecting C compile features
[0.530s] -- Detecting C compile features - done
[0.536s] -- Detecting CXX compiler ABI info
[0.696s] -- Detecting CXX compiler ABI info - done
[0.706s] -- Check for working CXX compiler: /usr/bin/c++ - skipped
[0.708s] -- Detecting CXX compile features
[0.708s] -- Detecting CXX compile features - done
[0.712s] -- Found ament_cmake: 1.3.12 (/opt/ros/humble/share/ament_cmake/cmake)
[0.921s] -- Found Python3: /usr/bin/python3 (found version "3.10.12") found components: Interpreter 
[1.114s] -- Found rclcpp: 16.0.14 (/opt/ros/humble/share/rclcpp/cmake)
[1.210s] -- Found rosidl_generator_c: 3.1.7 (/opt/ros/humble/share/rosidl_generator_c/cmake)
[1.218s] -- Found rosidl_adapter: 3.1.7 (/opt/ros/humble/share/rosidl_adapter/cmake)
[1.244s] -- Found rosidl_generator_cpp: 3.1.7 (/opt/ros/humble/share/rosidl_generator_cpp/cmake)
[1.271s] -- Using all available rosidl_typesupport_c: rosidl_typesupport_fastrtps_c;rosidl_typesupport_introspection_c
[1.302s] -- Using all available rosidl_typesupport_cpp: rosidl_typesupport_fastrtps_cpp;rosidl_typesupport_introspection_cpp
[1.394s] -- Found rmw_implementation_cmake: 6.1.2 (/opt/ros/humble/share/rmw_implementation_cmake/cmake)
[1.400s] -- Found rmw_fastrtps_cpp: 6.2.8 (/opt/ros/humble/share/rmw_fastrtps_cpp/cmake)
[1.600s] -- Found OpenSSL: /usr/lib/x86_64-linux-gnu/libcrypto.so (found version "3.0.2")  
[1.711s] -- Found FastRTPS: /opt/ros/humble/include  
[1.813s] -- Using RMW implementation 'rmw_fastrtps_cpp' as default
[1.828s] -- Looking for pthread.h
[1.939s] -- Looking for pthread.h - found
[1.939s] -- Performing Test CMAKE_HAVE_LIBC_PTHREAD
[2.102s] -- Performing Test CMAKE_HAVE_LIBC_PTHREAD - Success
[2.106s] -- Found Threads: TRUE  
[2.232s] -- Found ament_lint_auto: 0.12.14 (/opt/ros/humble/share/ament_lint_auto/cmake)
[2.376s] -- Added test 'lint_cmake' to check CMake code style
[2.377s] -- Added test 'xmllint' to check XML markup files
[2.383s] -- Configuring done
[2.390s] -- Generating done
[2.395s] -- Build files have been written to: /home/wzy/Desktop/code/ros2/ros2_demo_1/build/can_pkg
[2.417s] Invoked command in '/home/wzy/Desktop/code/ros2/ros2_demo_1/build/can_pkg' returned '0': CMAKE_PREFIX_PATH=/opt/ros/humble /usr/bin/cmake /home/wzy/Desktop/code/ros2/ros2_demo_1/src/can_pkg -DCMAKE_INSTALL_PREFIX=/home/wzy/Desktop/code/ros2/ros2_demo_1/install/can_pkg
[2.424s] Invoking command in '/home/wzy/Desktop/code/ros2/ros2_demo_1/build/can_pkg': CMAKE_PREFIX_PATH=/opt/ros/humble /usr/bin/cmake --build /home/wzy/Desktop/code/ros2/ros2_demo_1/build/can_pkg -- -j2 -l2
[2.503s] Invoked command in '/home/wzy/Desktop/code/ros2/ros2_demo_1/build/can_pkg' returned '0': CMAKE_PREFIX_PATH=/opt/ros/humble /usr/bin/cmake --build /home/wzy/Desktop/code/ros2/ros2_demo_1/build/can_pkg -- -j2 -l2
[2.530s] Invoking command in '/home/wzy/Desktop/code/ros2/ros2_demo_1/build/can_pkg': CMAKE_PREFIX_PATH=/opt/ros/humble /usr/bin/cmake --install /home/wzy/Desktop/code/ros2/ros2_demo_1/build/can_pkg
[2.540s] -- Install configuration: ""
[2.542s] -- Installing: /home/wzy/Desktop/code/ros2/ros2_demo_1/install/can_pkg/share/ament_index/resource_index/package_run_dependencies/can_pkg
[2.543s] -- Installing: /home/wzy/Desktop/code/ros2/ros2_demo_1/install/can_pkg/share/ament_index/resource_index/parent_prefix_path/can_pkg
[2.543s] -- Installing: /home/wzy/Desktop/code/ros2/ros2_demo_1/install/can_pkg/share/can_pkg/environment/ament_prefix_path.sh
[2.544s] -- Installing: /home/wzy/Desktop/code/ros2/ros2_demo_1/install/can_pkg/share/can_pkg/environment/ament_prefix_path.dsv
[2.546s] -- Installing: /home/wzy/Desktop/code/ros2/ros2_demo_1/install/can_pkg/share/can_pkg/environment/path.sh
[2.547s] -- Installing: /home/wzy/Desktop/code/ros2/ros2_demo_1/install/can_pkg/share/can_pkg/environment/path.dsv
[2.547s] -- Installing: /home/wzy/Desktop/code/ros2/ros2_demo_1/install/can_pkg/share/can_pkg/local_setup.bash
[2.547s] -- Installing: /home/wzy/Desktop/code/ros2/ros2_demo_1/install/can_pkg/share/can_pkg/local_setup.sh
[2.547s] -- Installing: /home/wzy/Desktop/code/ros2/ros2_demo_1/install/can_pkg/share/can_pkg/local_setup.zsh
[2.547s] -- Installing: /home/wzy/Desktop/code/ros2/ros2_demo_1/install/can_pkg/share/can_pkg/local_setup.dsv
[2.547s] -- Installing: /home/wzy/Desktop/code/ros2/ros2_demo_1/install/can_pkg/share/can_pkg/package.dsv
[2.547s] -- Installing: /home/wzy/Desktop/code/ros2/ros2_demo_1/install/can_pkg/share/ament_index/resource_index/packages/can_pkg
[2.548s] -- Installing: /home/wzy/Desktop/code/ros2/ros2_demo_1/install/can_pkg/share/can_pkg/cmake/can_pkgConfig.cmake
[2.552s] -- Installing: /home/wzy/Desktop/code/ros2/ros2_demo_1/install/can_pkg/share/can_pkg/cmake/can_pkgConfig-version.cmake
[2.552s] -- Installing: /home/wzy/Desktop/code/ros2/ros2_demo_1/install/can_pkg/share/can_pkg/package.xml
[2.553s] Invoked command in '/home/wzy/Desktop/code/ros2/ros2_demo_1/build/can_pkg' returned '0': CMAKE_PREFIX_PATH=/opt/ros/humble /usr/bin/cmake --install /home/wzy/Desktop/code/ros2/ros2_demo_1/build/can_pkg
