[0.010s] Invoking command in '/home/wzy/Desktop/code/ros2/work_space_1/build/victim_node': /usr/bin/cmake /home/wzy/Desktop/code/ros2/work_space_1/src/victim_node -DCMAKE_INSTALL_PREFIX=/home/wzy/Desktop/code/ros2/work_space_1/install/victim_node
[0.021s] -- Found ament_cmake: 1.3.12 (/opt/ros/humble/share/ament_cmake/cmake)
[0.101s] -- Found rclcpp: 16.0.14 (/opt/ros/humble/share/rclcpp/cmake)
[0.120s] -- Found rosidl_generator_c: 3.1.7 (/opt/ros/humble/share/rosidl_generator_c/cmake)
[0.120s] -- Found rosidl_adapter: 3.1.7 (/opt/ros/humble/share/rosidl_adapter/cmake)
[0.124s] -- Found rosidl_generator_cpp: 3.1.7 (/opt/ros/humble/share/rosidl_generator_cpp/cmake)
[0.130s] -- Using all available rosidl_typesupport_c: rosidl_typesupport_fastrtps_c;rosidl_typesupport_introspection_c
[0.137s] -- Using all available rosidl_typesupport_cpp: rosidl_typesupport_fastrtps_cpp;rosidl_typesupport_introspection_cpp
[0.157s] -- Found rmw_implementation_cmake: 6.1.2 (/opt/ros/humble/share/rmw_implementation_cmake/cmake)
[0.158s] -- Found rmw_fastrtps_cpp: 6.2.8 (/opt/ros/humble/share/rmw_fastrtps_cpp/cmake)
[0.232s] -- Using RMW implementation 'rmw_fastrtps_cpp' as default
[0.260s] -- Found ament_lint_auto: 0.12.14 (/opt/ros/humble/share/ament_lint_auto/cmake)
[0.298s] Error parsing '/home/wzy/Desktop/code/ros2/work_space_1/src/victim_node/package.xml':
[0.330s] Traceback (most recent call last):
[0.330s]   File "/opt/ros/humble/share/ament_cmake_core/cmake/core/package_xml_2_cmake.py", line 150, in <module>
[0.330s]     main()
[0.330s]   File "/opt/ros/humble/share/ament_cmake_core/cmake/core/package_xml_2_cmake.py", line 53, in main
[0.330s]     raise e
[0.330s]   File "/opt/ros/humble/share/ament_cmake_core/cmake/core/package_xml_2_cmake.py", line 49, in main
[0.330s]     package = parse_package_string(
[0.330s]   File "/usr/lib/python3/dist-packages/catkin_pkg/package.py", line 788, in parse_package_string
[0.330s]     pkg.validate(warnings=warnings)
[0.330s]   File "/usr/lib/python3/dist-packages/catkin_pkg/package.py", line 330, in validate
[0.330s]     raise InvalidPackage('\n'.join(errors), self.filename)
[0.330s] catkin_pkg.package.InvalidPackage: Error(s) in package '/home/wzy/Desktop/code/ros2/work_space_1/src/victim_node/package.xml':
[0.330s] Invalid email "“2579351233@qq.com“" for person "wzy"
[0.338s] [31mCMake Error at /opt/ros/humble/share/ament_cmake_core/cmake/core/ament_package_xml.cmake:95 (message):
[0.338s]   execute_process(/usr/bin/python3
[0.338s]   /opt/ros/humble/share/ament_cmake_core/cmake/core/package_xml_2_cmake.py
[0.338s]   /home/wzy/Desktop/code/ros2/work_space_1/src/victim_node/package.xml
[0.338s]   /home/wzy/Desktop/code/ros2/work_space_1/build/victim_node/ament_cmake_core/package.cmake)
[0.338s]   returned error code 1
[0.338s] Call Stack (most recent call first):
[0.338s]   /opt/ros/humble/share/ament_cmake_core/cmake/core/ament_package_xml.cmake:49 (_ament_package_xml)
[0.338s]   /opt/ros/humble/share/ament_lint_auto/cmake/ament_lint_auto_find_test_dependencies.cmake:31 (ament_package_xml)
[0.338s]   CMakeLists.txt:22 (ament_lint_auto_find_test_dependencies)
[0.338s] 
[0.338s] [0m
[0.339s] -- Configuring incomplete, errors occurred!
[0.339s] See also "/home/wzy/Desktop/code/ros2/work_space_1/build/victim_node/CMakeFiles/CMakeOutput.log".
[0.346s] Invoked command in '/home/wzy/Desktop/code/ros2/work_space_1/build/victim_node' returned '1': /usr/bin/cmake /home/wzy/Desktop/code/ros2/work_space_1/src/victim_node -DCMAKE_INSTALL_PREFIX=/home/wzy/Desktop/code/ros2/work_space_1/install/victim_node
