[0.011s] Invoking command in '/home/wzy/Desktop/code/ros2/work_space_1/build/victim_node': /usr/bin/cmake /home/wzy/Desktop/code/ros2/work_space_1/src/victim_node -DCMAKE_INSTALL_PREFIX=/home/wzy/Desktop/code/ros2/work_space_1/install/victim_node
[0.024s] -- Found ament_cmake: 1.3.12 (/opt/ros/humble/share/ament_cmake/cmake)
[0.104s] -- Found rclcpp: 16.0.14 (/opt/ros/humble/share/rclcpp/cmake)
[0.123s] -- Found rosidl_generator_c: 3.1.7 (/opt/ros/humble/share/rosidl_generator_c/cmake)
[0.124s] -- Found rosidl_adapter: 3.1.7 (/opt/ros/humble/share/rosidl_adapter/cmake)
[0.129s] -- Found rosidl_generator_cpp: 3.1.7 (/opt/ros/humble/share/rosidl_generator_cpp/cmake)
[0.135s] -- Using all available rosidl_typesupport_c: rosidl_typesupport_fastrtps_c;rosidl_typesupport_introspection_c
[0.141s] -- Using all available rosidl_typesupport_cpp: rosidl_typesupport_fastrtps_cpp;rosidl_typesupport_introspection_cpp
[0.161s] -- Found rmw_implementation_cmake: 6.1.2 (/opt/ros/humble/share/rmw_implementation_cmake/cmake)
[0.162s] -- Found rmw_fastrtps_cpp: 6.2.8 (/opt/ros/humble/share/rmw_fastrtps_cpp/cmake)
[0.234s] -- Using RMW implementation 'rmw_fastrtps_cpp' as default
[0.262s] -- Found ament_lint_auto: 0.12.14 (/opt/ros/humble/share/ament_lint_auto/cmake)
[0.295s] Error parsing '/home/wzy/Desktop/code/ros2/work_space_1/src/victim_node/package.xml':
[0.324s] Traceback (most recent call last):
[0.324s]   File "/opt/ros/humble/share/ament_cmake_core/cmake/core/package_xml_2_cmake.py", line 150, in <module>
[0.324s]     main()
[0.324s]   File "/opt/ros/humble/share/ament_cmake_core/cmake/core/package_xml_2_cmake.py", line 53, in main
[0.324s]     raise e
[0.324s]   File "/opt/ros/humble/share/ament_cmake_core/cmake/core/package_xml_2_cmake.py", line 49, in main
[0.324s]     package = parse_package_string(
[0.324s]   File "/usr/lib/python3/dist-packages/catkin_pkg/package.py", line 788, in parse_package_string
[0.324s]     pkg.validate(warnings=warnings)
[0.324s]   File "/usr/lib/python3/dist-packages/catkin_pkg/package.py", line 330, in validate
[0.324s]     raise InvalidPackage('\n'.join(errors), self.filename)
[0.324s] catkin_pkg.package.InvalidPackage: Error(s) in package '/home/wzy/Desktop/code/ros2/work_space_1/src/victim_node/package.xml':
[0.324s] Invalid email "“2579351233@qq.com“" for person "wzy"
[0.333s] [31mCMake Error at /opt/ros/humble/share/ament_cmake_core/cmake/core/ament_package_xml.cmake:95 (message):
[0.333s]   execute_process(/usr/bin/python3
[0.335s]   /opt/ros/humble/share/ament_cmake_core/cmake/core/package_xml_2_cmake.py
[0.335s]   /home/wzy/Desktop/code/ros2/work_space_1/src/victim_node/package.xml
[0.335s]   /home/wzy/Desktop/code/ros2/work_space_1/build/victim_node/ament_cmake_core/package.cmake)
[0.335s]   returned error code 1
[0.335s] Call Stack (most recent call first):
[0.335s]   /opt/ros/humble/share/ament_cmake_core/cmake/core/ament_package_xml.cmake:49 (_ament_package_xml)
[0.335s]   /opt/ros/humble/share/ament_lint_auto/cmake/ament_lint_auto_find_test_dependencies.cmake:31 (ament_package_xml)
[0.335s]   CMakeLists.txt:23 (ament_lint_auto_find_test_dependencies)
[0.335s] 
[0.335s] [0m
[0.335s] -- Configuring incomplete, errors occurred!
[0.335s] See also "/home/wzy/Desktop/code/ros2/work_space_1/build/victim_node/CMakeFiles/CMakeOutput.log".
[0.341s] Invoked command in '/home/wzy/Desktop/code/ros2/work_space_1/build/victim_node' returned '1': /usr/bin/cmake /home/wzy/Desktop/code/ros2/work_space_1/src/victim_node -DCMAKE_INSTALL_PREFIX=/home/wzy/Desktop/code/ros2/work_space_1/install/victim_node
