-- Found ament_cmake: 1.3.12 (/opt/ros/humble/share/ament_cmake/cmake)
-- Found rclcpp: 16.0.14 (/opt/ros/humble/share/rclcpp/cmake)
-- Found rosidl_generator_c: 3.1.7 (/opt/ros/humble/share/rosidl_generator_c/cmake)
-- Found rosidl_adapter: 3.1.7 (/opt/ros/humble/share/rosidl_adapter/cmake)
-- Found rosidl_generator_cpp: 3.1.7 (/opt/ros/humble/share/rosidl_generator_cpp/cmake)
-- Using all available rosidl_typesupport_c: rosidl_typesupport_fastrtps_c;rosidl_typesupport_introspection_c
-- Using all available rosidl_typesupport_cpp: rosidl_typesupport_fastrtps_cpp;rosidl_typesupport_introspection_cpp
-- Found rmw_implementation_cmake: 6.1.2 (/opt/ros/humble/share/rmw_implementation_cmake/cmake)
-- Found rmw_fastrtps_cpp: 6.2.8 (/opt/ros/humble/share/rmw_fastrtps_cpp/cmake)
-- Using RMW implementation 'rmw_fastrtps_cpp' as default
-- Found ament_lint_auto: 0.12.14 (/opt/ros/humble/share/ament_lint_auto/cmake)
-- Added test 'cppcheck' to perform static code analysis on C / C++ code
-- Configured cppcheck include dirs: 
-- Configured cppcheck exclude dirs and/or files: 
-- Added test 'lint_cmake' to check CMake code style
-- Added test 'uncrustify' to check C / C++ code style
-- Configured uncrustify additional arguments: 
-- Added test 'xmllint' to check XML markup files
-- Configuring done
-- Generating done
-- Build files have been written to: /home/wzy/Desktop/code/ros2/ros2_demo_1/build/logger
[ 50%] [32mBuilding CXX object CMakeFiles/logger_node.dir/src/logger_node.cpp.o[0m
[100%] [32m[1mLinking CXX executable logger_node[0m
[100%] Built target logger_node
-- Install configuration: ""
-- Installing: /home/wzy/Desktop/code/ros2/ros2_demo_1/install/logger/lib/logger/logger_node
-- Set runtime path of "/home/wzy/Desktop/code/ros2/ros2_demo_1/install/logger/lib/logger/logger_node" to ""
-- Installing: /home/wzy/Desktop/code/ros2/ros2_demo_1/install/logger/share/ament_index/resource_index/package_run_dependencies/logger
-- Installing: /home/wzy/Desktop/code/ros2/ros2_demo_1/install/logger/share/ament_index/resource_index/parent_prefix_path/logger
-- Installing: /home/wzy/Desktop/code/ros2/ros2_demo_1/install/logger/share/logger/environment/ament_prefix_path.sh
-- Installing: /home/wzy/Desktop/code/ros2/ros2_demo_1/install/logger/share/logger/environment/ament_prefix_path.dsv
-- Installing: /home/wzy/Desktop/code/ros2/ros2_demo_1/install/logger/share/logger/environment/path.sh
-- Installing: /home/wzy/Desktop/code/ros2/ros2_demo_1/install/logger/share/logger/environment/path.dsv
-- Installing: /home/wzy/Desktop/code/ros2/ros2_demo_1/install/logger/share/logger/local_setup.bash
-- Installing: /home/wzy/Desktop/code/ros2/ros2_demo_1/install/logger/share/logger/local_setup.sh
-- Installing: /home/wzy/Desktop/code/ros2/ros2_demo_1/install/logger/share/logger/local_setup.zsh
-- Installing: /home/wzy/Desktop/code/ros2/ros2_demo_1/install/logger/share/logger/local_setup.dsv
-- Installing: /home/wzy/Desktop/code/ros2/ros2_demo_1/install/logger/share/logger/package.dsv
-- Installing: /home/wzy/Desktop/code/ros2/ros2_demo_1/install/logger/share/ament_index/resource_index/packages/logger
-- Installing: /home/wzy/Desktop/code/ros2/ros2_demo_1/install/logger/share/logger/cmake/loggerConfig.cmake
-- Installing: /home/wzy/Desktop/code/ros2/ros2_demo_1/install/logger/share/logger/cmake/loggerConfig-version.cmake
-- Installing: /home/wzy/Desktop/code/ros2/ros2_demo_1/install/logger/share/logger/package.xml
