[0.011s] Invoking command in '/home/wzy/Desktop/code/ros2/ros2_demo_1/build/logger': CMAKE_PREFIX_PATH=${CMAKE_PREFIX_PATH}:/opt/ros/humble /usr/bin/cmake --build /home/wzy/Desktop/code/ros2/ros2_demo_1/build/logger -- -j2 -l2
[0.073s] [100%] Built target logger_node
[0.083s] Invoked command in '/home/wzy/Desktop/code/ros2/ros2_demo_1/build/logger' returned '0': CMAKE_PREFIX_PATH=${CMAKE_PREFIX_PATH}:/opt/ros/humble /usr/bin/cmake --build /home/wzy/Desktop/code/ros2/ros2_demo_1/build/logger -- -j2 -l2
[0.085s] Invoking command in '/home/wzy/Desktop/code/ros2/ros2_demo_1/build/logger': CMAKE_PREFIX_PATH=${CMAKE_PREFIX_PATH}:/opt/ros/humble /usr/bin/cmake --install /home/wzy/Desktop/code/ros2/ros2_demo_1/build/logger
[0.092s] -- Install configuration: ""
[0.092s] -- Up-to-date: /home/wzy/Desktop/code/ros2/ros2_demo_1/install/logger/lib/logger/logger_node
[0.092s] -- Up-to-date: /home/wzy/Desktop/code/ros2/ros2_demo_1/install/logger/share/ament_index/resource_index/package_run_dependencies/logger
[0.092s] -- Up-to-date: /home/wzy/Desktop/code/ros2/ros2_demo_1/install/logger/share/ament_index/resource_index/parent_prefix_path/logger
[0.092s] -- Up-to-date: /home/wzy/Desktop/code/ros2/ros2_demo_1/install/logger/share/logger/environment/ament_prefix_path.sh
[0.093s] -- Up-to-date: /home/wzy/Desktop/code/ros2/ros2_demo_1/install/logger/share/logger/environment/ament_prefix_path.dsv
[0.093s] -- Up-to-date: /home/wzy/Desktop/code/ros2/ros2_demo_1/install/logger/share/logger/environment/path.sh
[0.093s] -- Up-to-date: /home/wzy/Desktop/code/ros2/ros2_demo_1/install/logger/share/logger/environment/path.dsv
[0.093s] -- Up-to-date: /home/wzy/Desktop/code/ros2/ros2_demo_1/install/logger/share/logger/local_setup.bash
[0.093s] -- Up-to-date: /home/wzy/Desktop/code/ros2/ros2_demo_1/install/logger/share/logger/local_setup.sh
[0.093s] -- Up-to-date: /home/wzy/Desktop/code/ros2/ros2_demo_1/install/logger/share/logger/local_setup.zsh
[0.093s] -- Up-to-date: /home/wzy/Desktop/code/ros2/ros2_demo_1/install/logger/share/logger/local_setup.dsv
[0.093s] -- Installing: /home/wzy/Desktop/code/ros2/ros2_demo_1/install/logger/share/logger/package.dsv
[0.094s] -- Up-to-date: /home/wzy/Desktop/code/ros2/ros2_demo_1/install/logger/share/ament_index/resource_index/packages/logger
[0.094s] -- Up-to-date: /home/wzy/Desktop/code/ros2/ros2_demo_1/install/logger/share/logger/cmake/loggerConfig.cmake
[0.094s] -- Up-to-date: /home/wzy/Desktop/code/ros2/ros2_demo_1/install/logger/share/logger/cmake/loggerConfig-version.cmake
[0.094s] -- Up-to-date: /home/wzy/Desktop/code/ros2/ros2_demo_1/install/logger/share/logger/package.xml
[0.098s] Invoked command in '/home/wzy/Desktop/code/ros2/ros2_demo_1/build/logger' returned '0': CMAKE_PREFIX_PATH=${CMAKE_PREFIX_PATH}:/opt/ros/humble /usr/bin/cmake --install /home/wzy/Desktop/code/ros2/ros2_demo_1/build/logger
