[0.013s] Invoking command in '/home/wzy/Desktop/code/ros2/ros2_demo_1/build/logger': CMAKE_PREFIX_PATH=/opt/ros/humble /usr/bin/cmake /home/wzy/Desktop/code/ros2/ros2_demo_1/src/logger -DCMAKE_INSTALL_PREFIX=/home/wzy/Desktop/code/ros2/ros2_demo_1/install/logger
[0.022s] -- Found ament_cmake: 1.3.12 (/opt/ros/humble/share/ament_cmake/cmake)
[0.110s] -- Found rclcpp: 16.0.14 (/opt/ros/humble/share/rclcpp/cmake)
[0.131s] -- Found rosidl_generator_c: 3.1.7 (/opt/ros/humble/share/rosidl_generator_c/cmake)
[0.133s] -- Found rosidl_adapter: 3.1.7 (/opt/ros/humble/share/rosidl_adapter/cmake)
[0.137s] -- Found rosidl_generator_cpp: 3.1.7 (/opt/ros/humble/share/rosidl_generator_cpp/cmake)
[0.142s] -- Using all available rosidl_typesupport_c: rosidl_typesupport_fastrtps_c;rosidl_typesupport_introspection_c
[0.150s] -- Using all available rosidl_typesupport_cpp: rosidl_typesupport_fastrtps_cpp;rosidl_typesupport_introspection_cpp
[0.169s] -- Found rmw_implementation_cmake: 6.1.2 (/opt/ros/humble/share/rmw_implementation_cmake/cmake)
[0.170s] -- Found rmw_fastrtps_cpp: 6.2.8 (/opt/ros/humble/share/rmw_fastrtps_cpp/cmake)
[0.246s] -- Using RMW implementation 'rmw_fastrtps_cpp' as default
[0.291s] [31mCMake Error at CMakeLists.txt:11 (find_package):
[0.291s]   By not providing "Findstd_msg.cmake" in CMAKE_MODULE_PATH this project has
[0.291s]   asked CMake to find a package configuration file provided by "std_msg", but
[0.291s]   CMake did not find one.
[0.291s] 
[0.291s]   Could not find a package configuration file provided by "std_msg" with any
[0.291s]   of the following names:
[0.291s] 
[0.291s]     std_msgConfig.cmake
[0.291s]     std_msg-config.cmake
[0.291s] 
[0.291s]   Add the installation prefix of "std_msg" to CMAKE_PREFIX_PATH or set
[0.291s]   "std_msg_DIR" to a directory containing one of the above files.  If
[0.293s]   "std_msg" provides a separate development package or SDK, be sure it has
[0.293s]   been installed.
[0.293s] 
[0.293s] [0m
[0.293s] -- Configuring incomplete, errors occurred!
[0.294s] See also "/home/wzy/Desktop/code/ros2/ros2_demo_1/build/logger/CMakeFiles/CMakeOutput.log".
[0.299s] Invoked command in '/home/wzy/Desktop/code/ros2/ros2_demo_1/build/logger' returned '1': CMAKE_PREFIX_PATH=/opt/ros/humble /usr/bin/cmake /home/wzy/Desktop/code/ros2/ros2_demo_1/src/logger -DCMAKE_INSTALL_PREFIX=/home/wzy/Desktop/code/ros2/ros2_demo_1/install/logger
