[0.249s] DEBUG:colcon:Command line arguments: ['/usr/bin/colcon', 'build']
[0.249s] DEBUG:colcon:Parsed command line arguments: Namespace(log_base=None, log_level=None, verb_name='build', build_base='build', install_base='install', merge_install=False, symlink_install=False, test_result_base=None, continue_on_error=False, executor='parallel', parallel_workers=2, event_handlers=None, ignore_user_meta=False, metas=['./colcon.meta'], base_paths=['.'], packages_ignore=None, packages_ignore_regex=None, paths=None, packages_up_to=None, packages_up_to_regex=None, packages_above=None, packages_above_and_dependencies=None, packages_above_depth=None, packages_select_by_dep=None, packages_skip_by_dep=None, packages_skip_up_to=None, packages_select_build_failed=False, packages_skip_build_finished=False, packages_select_test_failures=False, packages_skip_test_passed=False, packages_select=None, packages_skip=None, packages_select_regex=None, packages_skip_regex=None, packages_start=None, packages_end=None, allow_overriding=[], cmake_args=None, cmake_target=None, cmake_target_skip_unavailable=False, cmake_clean_cache=False, cmake_clean_first=False, cmake_force_configure=False, ament_cmake_args=None, catkin_cmake_args=None, catkin_skip_building_tests=False, verb_parser=<colcon_defaults.argument_parser.defaults.DefaultArgumentsDecorator object at 0x7fbda5d00790>, verb_extension=<colcon_core.verb.build.BuildVerb object at 0x7fbda5e6a170>, main=<bound method BuildVerb.main of <colcon_core.verb.build.BuildVerb object at 0x7fbda5e6a170>>)
[0.709s] Level 1:colcon.colcon_core.package_discovery:discover_packages(colcon_meta) check parameters
[0.710s] Level 1:colcon.colcon_core.package_discovery:discover_packages(recursive) check parameters
[0.710s] Level 1:colcon.colcon_core.package_discovery:discover_packages(ignore) check parameters
[0.710s] Level 1:colcon.colcon_core.package_discovery:discover_packages(path) check parameters
[0.710s] Level 1:colcon.colcon_core.package_discovery:discover_packages(colcon_meta) discover
[0.710s] Level 1:colcon.colcon_core.package_discovery:discover_packages(recursive) discover
[0.710s] INFO:colcon.colcon_core.package_discovery:Crawling recursively for packages in '/home/wzy/Desktop/code/ros2/work_space_1'
[0.710s] Level 1:colcon.colcon_core.package_identification:_identify(.) by extensions ['ignore', 'ignore_ament_install']
[0.710s] Level 1:colcon.colcon_core.package_identification:_identify(.) by extension 'ignore'
[0.710s] Level 1:colcon.colcon_core.package_identification:_identify(.) by extension 'ignore_ament_install'
[0.710s] Level 1:colcon.colcon_core.package_identification:_identify(.) by extensions ['colcon_pkg']
[0.710s] Level 1:colcon.colcon_core.package_identification:_identify(.) by extension 'colcon_pkg'
[0.710s] Level 1:colcon.colcon_core.package_identification:_identify(.) by extensions ['colcon_meta']
[0.710s] Level 1:colcon.colcon_core.package_identification:_identify(.) by extension 'colcon_meta'
[0.710s] Level 1:colcon.colcon_core.package_identification:_identify(.) by extensions ['ros']
[0.710s] Level 1:colcon.colcon_core.package_identification:_identify(.) by extension 'ros'
[0.728s] Level 1:colcon.colcon_core.package_identification:_identify(.) by extensions ['cmake', 'python']
[0.728s] Level 1:colcon.colcon_core.package_identification:_identify(.) by extension 'cmake'
[0.728s] Level 1:colcon.colcon_core.package_identification:_identify(.) by extension 'python'
[0.728s] Level 1:colcon.colcon_core.package_identification:_identify(.) by extensions ['python_setup_py']
[0.728s] Level 1:colcon.colcon_core.package_identification:_identify(.) by extension 'python_setup_py'
[0.728s] Level 1:colcon.colcon_core.package_identification:_identify(build) by extensions ['ignore', 'ignore_ament_install']
[0.728s] Level 1:colcon.colcon_core.package_identification:_identify(build) by extension 'ignore'
[0.728s] Level 1:colcon.colcon_core.package_identification:_identify(build) ignored
[0.728s] Level 1:colcon.colcon_core.package_identification:_identify(install) by extensions ['ignore', 'ignore_ament_install']
[0.728s] Level 1:colcon.colcon_core.package_identification:_identify(install) by extension 'ignore'
[0.728s] Level 1:colcon.colcon_core.package_identification:_identify(install) ignored
[0.728s] Level 1:colcon.colcon_core.package_identification:_identify(log) by extensions ['ignore', 'ignore_ament_install']
[0.728s] Level 1:colcon.colcon_core.package_identification:_identify(log) by extension 'ignore'
[0.728s] Level 1:colcon.colcon_core.package_identification:_identify(log) ignored
[0.728s] Level 1:colcon.colcon_core.package_identification:_identify(src) by extensions ['ignore', 'ignore_ament_install']
[0.728s] Level 1:colcon.colcon_core.package_identification:_identify(src) by extension 'ignore'
[0.728s] Level 1:colcon.colcon_core.package_identification:_identify(src) by extension 'ignore_ament_install'
[0.728s] Level 1:colcon.colcon_core.package_identification:_identify(src) by extensions ['colcon_pkg']
[0.728s] Level 1:colcon.colcon_core.package_identification:_identify(src) by extension 'colcon_pkg'
[0.728s] Level 1:colcon.colcon_core.package_identification:_identify(src) by extensions ['colcon_meta']
[0.728s] Level 1:colcon.colcon_core.package_identification:_identify(src) by extension 'colcon_meta'
[0.728s] Level 1:colcon.colcon_core.package_identification:_identify(src) by extensions ['ros']
[0.728s] Level 1:colcon.colcon_core.package_identification:_identify(src) by extension 'ros'
[0.728s] Level 1:colcon.colcon_core.package_identification:_identify(src) by extensions ['cmake', 'python']
[0.728s] Level 1:colcon.colcon_core.package_identification:_identify(src) by extension 'cmake'
[0.728s] Level 1:colcon.colcon_core.package_identification:_identify(src) by extension 'python'
[0.728s] Level 1:colcon.colcon_core.package_identification:_identify(src) by extensions ['python_setup_py']
[0.729s] Level 1:colcon.colcon_core.package_identification:_identify(src) by extension 'python_setup_py'
[0.729s] Level 1:colcon.colcon_core.package_identification:_identify(src/interference_node) by extensions ['ignore', 'ignore_ament_install']
[0.729s] Level 1:colcon.colcon_core.package_identification:_identify(src/interference_node) by extension 'ignore'
[0.729s] Level 1:colcon.colcon_core.package_identification:_identify(src/interference_node) by extension 'ignore_ament_install'
[0.729s] Level 1:colcon.colcon_core.package_identification:_identify(src/interference_node) by extensions ['colcon_pkg']
[0.729s] Level 1:colcon.colcon_core.package_identification:_identify(src/interference_node) by extension 'colcon_pkg'
[0.729s] Level 1:colcon.colcon_core.package_identification:_identify(src/interference_node) by extensions ['colcon_meta']
[0.729s] Level 1:colcon.colcon_core.package_identification:_identify(src/interference_node) by extension 'colcon_meta'
[0.729s] Level 1:colcon.colcon_core.package_identification:_identify(src/interference_node) by extensions ['ros']
[0.729s] Level 1:colcon.colcon_core.package_identification:_identify(src/interference_node) by extension 'ros'
[0.732s] DEBUG:colcon.colcon_core.package_identification:Package 'src/interference_node' with type 'ros.ament_cmake' and name 'interference_node'
[0.732s] Level 1:colcon.colcon_core.package_identification:_identify(src/victim_node) by extensions ['ignore', 'ignore_ament_install']
[0.732s] Level 1:colcon.colcon_core.package_identification:_identify(src/victim_node) by extension 'ignore'
[0.732s] Level 1:colcon.colcon_core.package_identification:_identify(src/victim_node) by extension 'ignore_ament_install'
[0.732s] Level 1:colcon.colcon_core.package_identification:_identify(src/victim_node) by extensions ['colcon_pkg']
[0.732s] Level 1:colcon.colcon_core.package_identification:_identify(src/victim_node) by extension 'colcon_pkg'
[0.733s] Level 1:colcon.colcon_core.package_identification:_identify(src/victim_node) by extensions ['colcon_meta']
[0.733s] Level 1:colcon.colcon_core.package_identification:_identify(src/victim_node) by extension 'colcon_meta'
[0.733s] Level 1:colcon.colcon_core.package_identification:_identify(src/victim_node) by extensions ['ros']
[0.733s] Level 1:colcon.colcon_core.package_identification:_identify(src/victim_node) by extension 'ros'
[0.733s] DEBUG:colcon.colcon_core.package_identification:Package 'src/victim_node' with type 'ros.ament_cmake' and name 'victim_node'
[0.733s] Level 1:colcon.colcon_core.package_discovery:discover_packages(recursive) using defaults
[0.733s] Level 1:colcon.colcon_core.package_discovery:discover_packages(ignore) discover
[0.733s] Level 1:colcon.colcon_core.package_discovery:discover_packages(ignore) using defaults
[0.733s] Level 1:colcon.colcon_core.package_discovery:discover_packages(path) discover
[0.733s] Level 1:colcon.colcon_core.package_discovery:discover_packages(path) using defaults
[0.778s] Level 1:colcon.colcon_core.package_discovery:discover_packages(prefix_path) check parameters
[0.778s] Level 1:colcon.colcon_core.package_discovery:discover_packages(prefix_path) discover
[0.782s] DEBUG:colcon.colcon_installed_package_information.package_discovery:Found 2 installed packages in /home/wzy/Desktop/code/ros2/work_space_1/install
[0.785s] DEBUG:colcon.colcon_installed_package_information.package_discovery:Found 271 installed packages in /opt/ros/humble
[0.793s] Level 1:colcon.colcon_core.package_discovery:discover_packages(prefix_path) using defaults
[0.897s] Level 5:colcon.colcon_core.verb:set package 'interference_node' build argument 'cmake_args' from command line to 'None'
[0.897s] Level 5:colcon.colcon_core.verb:set package 'interference_node' build argument 'cmake_target' from command line to 'None'
[0.897s] Level 5:colcon.colcon_core.verb:set package 'interference_node' build argument 'cmake_target_skip_unavailable' from command line to 'False'
[0.897s] Level 5:colcon.colcon_core.verb:set package 'interference_node' build argument 'cmake_clean_cache' from command line to 'False'
[0.897s] Level 5:colcon.colcon_core.verb:set package 'interference_node' build argument 'cmake_clean_first' from command line to 'False'
[0.897s] Level 5:colcon.colcon_core.verb:set package 'interference_node' build argument 'cmake_force_configure' from command line to 'False'
[0.897s] Level 5:colcon.colcon_core.verb:set package 'interference_node' build argument 'ament_cmake_args' from command line to 'None'
[0.897s] Level 5:colcon.colcon_core.verb:set package 'interference_node' build argument 'catkin_cmake_args' from command line to 'None'
[0.897s] Level 5:colcon.colcon_core.verb:set package 'interference_node' build argument 'catkin_skip_building_tests' from command line to 'False'
[0.897s] DEBUG:colcon.colcon_core.verb:Building package 'interference_node' with the following arguments: {'ament_cmake_args': None, 'build_base': '/home/wzy/Desktop/code/ros2/work_space_1/build/interference_node', 'catkin_cmake_args': None, 'catkin_skip_building_tests': False, 'cmake_args': None, 'cmake_clean_cache': False, 'cmake_clean_first': False, 'cmake_force_configure': False, 'cmake_target': None, 'cmake_target_skip_unavailable': False, 'install_base': '/home/wzy/Desktop/code/ros2/work_space_1/install/interference_node', 'merge_install': False, 'path': '/home/wzy/Desktop/code/ros2/work_space_1/src/interference_node', 'symlink_install': False, 'test_result_base': None}
[0.897s] Level 5:colcon.colcon_core.verb:set package 'victim_node' build argument 'cmake_args' from command line to 'None'
[0.897s] Level 5:colcon.colcon_core.verb:set package 'victim_node' build argument 'cmake_target' from command line to 'None'
[0.897s] Level 5:colcon.colcon_core.verb:set package 'victim_node' build argument 'cmake_target_skip_unavailable' from command line to 'False'
[0.897s] Level 5:colcon.colcon_core.verb:set package 'victim_node' build argument 'cmake_clean_cache' from command line to 'False'
[0.897s] Level 5:colcon.colcon_core.verb:set package 'victim_node' build argument 'cmake_clean_first' from command line to 'False'
[0.897s] Level 5:colcon.colcon_core.verb:set package 'victim_node' build argument 'cmake_force_configure' from command line to 'False'
[0.897s] Level 5:colcon.colcon_core.verb:set package 'victim_node' build argument 'ament_cmake_args' from command line to 'None'
[0.897s] Level 5:colcon.colcon_core.verb:set package 'victim_node' build argument 'catkin_cmake_args' from command line to 'None'
[0.897s] Level 5:colcon.colcon_core.verb:set package 'victim_node' build argument 'catkin_skip_building_tests' from command line to 'False'
[0.897s] DEBUG:colcon.colcon_core.verb:Building package 'victim_node' with the following arguments: {'ament_cmake_args': None, 'build_base': '/home/wzy/Desktop/code/ros2/work_space_1/build/victim_node', 'catkin_cmake_args': None, 'catkin_skip_building_tests': False, 'cmake_args': None, 'cmake_clean_cache': False, 'cmake_clean_first': False, 'cmake_force_configure': False, 'cmake_target': None, 'cmake_target_skip_unavailable': False, 'install_base': '/home/wzy/Desktop/code/ros2/work_space_1/install/victim_node', 'merge_install': False, 'path': '/home/wzy/Desktop/code/ros2/work_space_1/src/victim_node', 'symlink_install': False, 'test_result_base': None}
[0.897s] INFO:colcon.colcon_core.executor:Executing jobs using 'parallel' executor
[0.899s] DEBUG:colcon.colcon_parallel_executor.executor.parallel:run_until_complete
[0.899s] INFO:colcon.colcon_ros.task.ament_cmake.build:Building ROS package in '/home/wzy/Desktop/code/ros2/work_space_1/src/interference_node' with build type 'ament_cmake'
[0.899s] INFO:colcon.colcon_cmake.task.cmake.build:Building CMake package in '/home/wzy/Desktop/code/ros2/work_space_1/src/interference_node'
[0.907s] INFO:colcon.colcon_core.plugin_system:Skipping extension 'colcon_core.shell.bat': Not used on non-Windows systems
[0.907s] INFO:colcon.colcon_core.shell:Skip shell extension 'powershell' for command environment: Not usable outside of PowerShell
[0.907s] DEBUG:colcon.colcon_core.shell:Skip shell extension 'dsv' for command environment
[0.911s] INFO:colcon.colcon_ros.task.ament_cmake.build:Building ROS package in '/home/wzy/Desktop/code/ros2/work_space_1/src/victim_node' with build type 'ament_cmake'
[0.911s] INFO:colcon.colcon_cmake.task.cmake.build:Building CMake package in '/home/wzy/Desktop/code/ros2/work_space_1/src/victim_node'
[0.911s] INFO:colcon.colcon_core.shell:Skip shell extension 'powershell' for command environment: Not usable outside of PowerShell
[0.911s] DEBUG:colcon.colcon_core.shell:Skip shell extension 'dsv' for command environment
[0.918s] DEBUG:colcon.colcon_core.event_handler.log_command:Invoking command in '/home/wzy/Desktop/code/ros2/work_space_1/build/interference_node': CMAKE_PREFIX_PATH=${CMAKE_PREFIX_PATH}:/opt/ros/humble /usr/bin/cmake --build /home/wzy/Desktop/code/ros2/work_space_1/build/interference_node -- -j2 -l2
[0.929s] DEBUG:colcon.colcon_core.event_handler.log_command:Invoking command in '/home/wzy/Desktop/code/ros2/work_space_1/build/victim_node': CMAKE_PREFIX_PATH=${CMAKE_PREFIX_PATH}:/opt/ros/humble /usr/bin/cmake --build /home/wzy/Desktop/code/ros2/work_space_1/build/victim_node -- -j2 -l2
[1.119s] DEBUG:colcon.colcon_core.event_handler.log_command:Invoked command in '/home/wzy/Desktop/code/ros2/work_space_1/build/victim_node' returned '0': CMAKE_PREFIX_PATH=${CMAKE_PREFIX_PATH}:/opt/ros/humble /usr/bin/cmake --build /home/wzy/Desktop/code/ros2/work_space_1/build/victim_node -- -j2 -l2
[1.133s] DEBUG:colcon.colcon_core.event_handler.log_command:Invoking command in '/home/wzy/Desktop/code/ros2/work_space_1/build/victim_node': CMAKE_PREFIX_PATH=${CMAKE_PREFIX_PATH}:/opt/ros/humble /usr/bin/cmake --install /home/wzy/Desktop/code/ros2/work_space_1/build/victim_node
[1.146s] Level 1:colcon.colcon_core.environment:create_environment_scripts_only(victim_node)
[1.147s] DEBUG:colcon.colcon_core.event_handler.log_command:Invoked command in '/home/wzy/Desktop/code/ros2/work_space_1/build/victim_node' returned '0': CMAKE_PREFIX_PATH=${CMAKE_PREFIX_PATH}:/opt/ros/humble /usr/bin/cmake --install /home/wzy/Desktop/code/ros2/work_space_1/build/victim_node
[1.160s] Level 1:colcon.colcon_core.environment:checking '/home/wzy/Desktop/code/ros2/work_space_1/install/victim_node' for CMake module files
[1.160s] Level 1:colcon.colcon_core.environment:checking '/home/wzy/Desktop/code/ros2/work_space_1/install/victim_node' for CMake config files
[1.160s] Level 1:colcon.colcon_core.shell:create_environment_hook('victim_node', 'cmake_prefix_path')
[1.160s] INFO:colcon.colcon_core.shell:Creating environment hook '/home/wzy/Desktop/code/ros2/work_space_1/install/victim_node/share/victim_node/hook/cmake_prefix_path.ps1'
[1.161s] INFO:colcon.colcon_core.shell:Creating environment descriptor '/home/wzy/Desktop/code/ros2/work_space_1/install/victim_node/share/victim_node/hook/cmake_prefix_path.dsv'
[1.162s] INFO:colcon.colcon_core.shell:Creating environment hook '/home/wzy/Desktop/code/ros2/work_space_1/install/victim_node/share/victim_node/hook/cmake_prefix_path.sh'
[1.163s] Level 1:colcon.colcon_core.environment:checking '/home/wzy/Desktop/code/ros2/work_space_1/install/victim_node/lib'
[1.163s] Level 1:colcon.colcon_core.environment:checking '/home/wzy/Desktop/code/ros2/work_space_1/install/victim_node/bin'
[1.163s] Level 1:colcon.colcon_core.environment:checking '/home/wzy/Desktop/code/ros2/work_space_1/install/victim_node/lib/pkgconfig/victim_node.pc'
[1.164s] Level 1:colcon.colcon_core.environment:checking '/home/wzy/Desktop/code/ros2/work_space_1/install/victim_node/lib/python3.10/site-packages'
[1.164s] Level 1:colcon.colcon_core.environment:checking '/home/wzy/Desktop/code/ros2/work_space_1/install/victim_node/bin'
[1.164s] INFO:colcon.colcon_core.shell:Creating package script '/home/wzy/Desktop/code/ros2/work_space_1/install/victim_node/share/victim_node/package.ps1'
[1.165s] INFO:colcon.colcon_core.shell:Creating package descriptor '/home/wzy/Desktop/code/ros2/work_space_1/install/victim_node/share/victim_node/package.dsv'
[1.166s] INFO:colcon.colcon_core.shell:Creating package script '/home/wzy/Desktop/code/ros2/work_space_1/install/victim_node/share/victim_node/package.sh'
[1.167s] INFO:colcon.colcon_core.shell:Creating package script '/home/wzy/Desktop/code/ros2/work_space_1/install/victim_node/share/victim_node/package.bash'
[1.168s] INFO:colcon.colcon_core.shell:Creating package script '/home/wzy/Desktop/code/ros2/work_space_1/install/victim_node/share/victim_node/package.zsh'
[1.171s] Level 1:colcon.colcon_core.environment:create_file_with_runtime_dependencies(/home/wzy/Desktop/code/ros2/work_space_1/install/victim_node/share/colcon-core/packages/victim_node)
[1.172s] Level 1:colcon.colcon_core.environment:create_environment_scripts_only(victim_node)
[1.172s] Level 1:colcon.colcon_core.environment:checking '/home/wzy/Desktop/code/ros2/work_space_1/install/victim_node' for CMake module files
[1.172s] Level 1:colcon.colcon_core.environment:checking '/home/wzy/Desktop/code/ros2/work_space_1/install/victim_node' for CMake config files
[1.172s] Level 1:colcon.colcon_core.shell:create_environment_hook('victim_node', 'cmake_prefix_path')
[1.172s] INFO:colcon.colcon_core.shell:Creating environment hook '/home/wzy/Desktop/code/ros2/work_space_1/install/victim_node/share/victim_node/hook/cmake_prefix_path.ps1'
[1.173s] INFO:colcon.colcon_core.shell:Creating environment descriptor '/home/wzy/Desktop/code/ros2/work_space_1/install/victim_node/share/victim_node/hook/cmake_prefix_path.dsv'
[1.173s] INFO:colcon.colcon_core.shell:Creating environment hook '/home/wzy/Desktop/code/ros2/work_space_1/install/victim_node/share/victim_node/hook/cmake_prefix_path.sh'
[1.173s] Level 1:colcon.colcon_core.environment:checking '/home/wzy/Desktop/code/ros2/work_space_1/install/victim_node/lib'
[1.173s] Level 1:colcon.colcon_core.environment:checking '/home/wzy/Desktop/code/ros2/work_space_1/install/victim_node/bin'
[1.174s] Level 1:colcon.colcon_core.environment:checking '/home/wzy/Desktop/code/ros2/work_space_1/install/victim_node/lib/pkgconfig/victim_node.pc'
[1.174s] Level 1:colcon.colcon_core.environment:checking '/home/wzy/Desktop/code/ros2/work_space_1/install/victim_node/lib/python3.10/site-packages'
[1.174s] Level 1:colcon.colcon_core.environment:checking '/home/wzy/Desktop/code/ros2/work_space_1/install/victim_node/bin'
[1.174s] INFO:colcon.colcon_core.shell:Creating package script '/home/wzy/Desktop/code/ros2/work_space_1/install/victim_node/share/victim_node/package.ps1'
[1.174s] INFO:colcon.colcon_core.shell:Creating package descriptor '/home/wzy/Desktop/code/ros2/work_space_1/install/victim_node/share/victim_node/package.dsv'
[1.175s] INFO:colcon.colcon_core.shell:Creating package script '/home/wzy/Desktop/code/ros2/work_space_1/install/victim_node/share/victim_node/package.sh'
[1.175s] INFO:colcon.colcon_core.shell:Creating package script '/home/wzy/Desktop/code/ros2/work_space_1/install/victim_node/share/victim_node/package.bash'
[1.175s] INFO:colcon.colcon_core.shell:Creating package script '/home/wzy/Desktop/code/ros2/work_space_1/install/victim_node/share/victim_node/package.zsh'
[1.176s] Level 1:colcon.colcon_core.environment:create_file_with_runtime_dependencies(/home/wzy/Desktop/code/ros2/work_space_1/install/victim_node/share/colcon-core/packages/victim_node)
[3.547s] DEBUG:colcon.colcon_core.event_handler.log_command:Invoked command in '/home/wzy/Desktop/code/ros2/work_space_1/build/interference_node' returned '0': CMAKE_PREFIX_PATH=${CMAKE_PREFIX_PATH}:/opt/ros/humble /usr/bin/cmake --build /home/wzy/Desktop/code/ros2/work_space_1/build/interference_node -- -j2 -l2
[3.549s] DEBUG:colcon.colcon_core.event_handler.log_command:Invoking command in '/home/wzy/Desktop/code/ros2/work_space_1/build/interference_node': CMAKE_PREFIX_PATH=${CMAKE_PREFIX_PATH}:/opt/ros/humble /usr/bin/cmake --install /home/wzy/Desktop/code/ros2/work_space_1/build/interference_node
[3.562s] Level 1:colcon.colcon_core.environment:create_environment_scripts_only(interference_node)
[3.563s] Level 1:colcon.colcon_core.environment:checking '/home/wzy/Desktop/code/ros2/work_space_1/install/interference_node' for CMake module files
[3.563s] DEBUG:colcon.colcon_core.event_handler.log_command:Invoked command in '/home/wzy/Desktop/code/ros2/work_space_1/build/interference_node' returned '0': CMAKE_PREFIX_PATH=${CMAKE_PREFIX_PATH}:/opt/ros/humble /usr/bin/cmake --install /home/wzy/Desktop/code/ros2/work_space_1/build/interference_node
[3.564s] Level 1:colcon.colcon_core.environment:checking '/home/wzy/Desktop/code/ros2/work_space_1/install/interference_node' for CMake config files
[3.564s] Level 1:colcon.colcon_core.shell:create_environment_hook('interference_node', 'cmake_prefix_path')
[3.564s] INFO:colcon.colcon_core.shell:Creating environment hook '/home/wzy/Desktop/code/ros2/work_space_1/install/interference_node/share/interference_node/hook/cmake_prefix_path.ps1'
[3.565s] INFO:colcon.colcon_core.shell:Creating environment descriptor '/home/wzy/Desktop/code/ros2/work_space_1/install/interference_node/share/interference_node/hook/cmake_prefix_path.dsv'
[3.566s] INFO:colcon.colcon_core.shell:Creating environment hook '/home/wzy/Desktop/code/ros2/work_space_1/install/interference_node/share/interference_node/hook/cmake_prefix_path.sh'
[3.566s] Level 1:colcon.colcon_core.environment:checking '/home/wzy/Desktop/code/ros2/work_space_1/install/interference_node/lib'
[3.566s] Level 1:colcon.colcon_core.environment:checking '/home/wzy/Desktop/code/ros2/work_space_1/install/interference_node/bin'
[3.566s] Level 1:colcon.colcon_core.environment:checking '/home/wzy/Desktop/code/ros2/work_space_1/install/interference_node/lib/pkgconfig/interference_node.pc'
[3.566s] Level 1:colcon.colcon_core.environment:checking '/home/wzy/Desktop/code/ros2/work_space_1/install/interference_node/lib/python3.10/site-packages'
[3.566s] Level 1:colcon.colcon_core.environment:checking '/home/wzy/Desktop/code/ros2/work_space_1/install/interference_node/bin'
[3.567s] INFO:colcon.colcon_core.shell:Creating package script '/home/wzy/Desktop/code/ros2/work_space_1/install/interference_node/share/interference_node/package.ps1'
[3.567s] INFO:colcon.colcon_core.shell:Creating package descriptor '/home/wzy/Desktop/code/ros2/work_space_1/install/interference_node/share/interference_node/package.dsv'
[3.567s] INFO:colcon.colcon_core.shell:Creating package script '/home/wzy/Desktop/code/ros2/work_space_1/install/interference_node/share/interference_node/package.sh'
[3.568s] INFO:colcon.colcon_core.shell:Creating package script '/home/wzy/Desktop/code/ros2/work_space_1/install/interference_node/share/interference_node/package.bash'
[3.568s] INFO:colcon.colcon_core.shell:Creating package script '/home/wzy/Desktop/code/ros2/work_space_1/install/interference_node/share/interference_node/package.zsh'
[3.568s] Level 1:colcon.colcon_core.environment:create_file_with_runtime_dependencies(/home/wzy/Desktop/code/ros2/work_space_1/install/interference_node/share/colcon-core/packages/interference_node)
[3.569s] Level 1:colcon.colcon_core.environment:create_environment_scripts_only(interference_node)
[3.569s] Level 1:colcon.colcon_core.environment:checking '/home/wzy/Desktop/code/ros2/work_space_1/install/interference_node' for CMake module files
[3.569s] Level 1:colcon.colcon_core.environment:checking '/home/wzy/Desktop/code/ros2/work_space_1/install/interference_node' for CMake config files
[3.569s] Level 1:colcon.colcon_core.shell:create_environment_hook('interference_node', 'cmake_prefix_path')
[3.569s] INFO:colcon.colcon_core.shell:Creating environment hook '/home/wzy/Desktop/code/ros2/work_space_1/install/interference_node/share/interference_node/hook/cmake_prefix_path.ps1'
[3.570s] INFO:colcon.colcon_core.shell:Creating environment descriptor '/home/wzy/Desktop/code/ros2/work_space_1/install/interference_node/share/interference_node/hook/cmake_prefix_path.dsv'
[3.570s] INFO:colcon.colcon_core.shell:Creating environment hook '/home/wzy/Desktop/code/ros2/work_space_1/install/interference_node/share/interference_node/hook/cmake_prefix_path.sh'
[3.571s] Level 1:colcon.colcon_core.environment:checking '/home/wzy/Desktop/code/ros2/work_space_1/install/interference_node/lib'
[3.571s] Level 1:colcon.colcon_core.environment:checking '/home/wzy/Desktop/code/ros2/work_space_1/install/interference_node/bin'
[3.571s] Level 1:colcon.colcon_core.environment:checking '/home/wzy/Desktop/code/ros2/work_space_1/install/interference_node/lib/pkgconfig/interference_node.pc'
[3.571s] Level 1:colcon.colcon_core.environment:checking '/home/wzy/Desktop/code/ros2/work_space_1/install/interference_node/lib/python3.10/site-packages'
[3.571s] Level 1:colcon.colcon_core.environment:checking '/home/wzy/Desktop/code/ros2/work_space_1/install/interference_node/bin'
[3.571s] INFO:colcon.colcon_core.shell:Creating package script '/home/wzy/Desktop/code/ros2/work_space_1/install/interference_node/share/interference_node/package.ps1'
[3.571s] INFO:colcon.colcon_core.shell:Creating package descriptor '/home/wzy/Desktop/code/ros2/work_space_1/install/interference_node/share/interference_node/package.dsv'
[3.572s] INFO:colcon.colcon_core.shell:Creating package script '/home/wzy/Desktop/code/ros2/work_space_1/install/interference_node/share/interference_node/package.sh'
[3.572s] INFO:colcon.colcon_core.shell:Creating package script '/home/wzy/Desktop/code/ros2/work_space_1/install/interference_node/share/interference_node/package.bash'
[3.573s] INFO:colcon.colcon_core.shell:Creating package script '/home/wzy/Desktop/code/ros2/work_space_1/install/interference_node/share/interference_node/package.zsh'
[3.573s] Level 1:colcon.colcon_core.environment:create_file_with_runtime_dependencies(/home/wzy/Desktop/code/ros2/work_space_1/install/interference_node/share/colcon-core/packages/interference_node)
[3.574s] DEBUG:colcon.colcon_parallel_executor.executor.parallel:closing loop
[3.574s] DEBUG:colcon.colcon_parallel_executor.executor.parallel:loop closed
[3.574s] DEBUG:colcon.colcon_parallel_executor.executor.parallel:run_until_complete finished with '0'
[3.574s] DEBUG:colcon.colcon_core.event_reactor:joining thread
[3.585s] INFO:colcon.colcon_core.plugin_system:Skipping extension 'colcon_notification.desktop_notification.terminal_notifier': Not used on non-Darwin systems
[3.585s] INFO:colcon.colcon_core.plugin_system:Skipping extension 'colcon_notification.desktop_notification.win32': Not used on non-Windows systems
[3.586s] INFO:colcon.colcon_notification.desktop_notification:Sending desktop notification using 'notify2'
[3.608s] DEBUG:colcon.colcon_core.event_reactor:joined thread
[3.608s] INFO:colcon.colcon_core.shell:Creating prefix script '/home/wzy/Desktop/code/ros2/work_space_1/install/local_setup.ps1'
[3.609s] INFO:colcon.colcon_core.shell:Creating prefix util module '/home/wzy/Desktop/code/ros2/work_space_1/install/_local_setup_util_ps1.py'
[3.610s] INFO:colcon.colcon_core.shell:Creating prefix chain script '/home/wzy/Desktop/code/ros2/work_space_1/install/setup.ps1'
[3.611s] INFO:colcon.colcon_core.shell:Creating prefix script '/home/wzy/Desktop/code/ros2/work_space_1/install/local_setup.sh'
[3.612s] INFO:colcon.colcon_core.shell:Creating prefix util module '/home/wzy/Desktop/code/ros2/work_space_1/install/_local_setup_util_sh.py'
[3.613s] INFO:colcon.colcon_core.shell:Creating prefix chain script '/home/wzy/Desktop/code/ros2/work_space_1/install/setup.sh'
[3.614s] INFO:colcon.colcon_core.shell:Creating prefix script '/home/wzy/Desktop/code/ros2/work_space_1/install/local_setup.bash'
[3.615s] INFO:colcon.colcon_core.shell:Creating prefix chain script '/home/wzy/Desktop/code/ros2/work_space_1/install/setup.bash'
[3.616s] INFO:colcon.colcon_core.shell:Creating prefix script '/home/wzy/Desktop/code/ros2/work_space_1/install/local_setup.zsh'
[3.617s] INFO:colcon.colcon_core.shell:Creating prefix chain script '/home/wzy/Desktop/code/ros2/work_space_1/install/setup.zsh'
