[0.017s] Invoking command in '/home/wzy/Desktop/code/ros2/work_space_1/build/interference_node': CMAKE_PREFIX_PATH=/opt/ros/humble /usr/bin/cmake /home/wzy/Desktop/code/ros2/work_space_1/src/interference_node -DCMAKE_INSTALL_PREFIX=/home/wzy/Desktop/code/ros2/work_space_1/install/interference_node
[0.204s] -- The C compiler identification is GNU 11.4.0
[0.333s] -- The CXX compiler identification is GNU 11.4.0
[0.349s] -- Detecting C compiler ABI info
[0.423s] -- Detecting C compiler ABI info - done
[0.427s] -- Check for working C compiler: /usr/bin/cc - skipped
[0.427s] -- Detecting C compile features
[0.428s] -- Detecting C compile features - done
[0.432s] -- Detecting CXX compiler ABI info
[0.517s] -- Detecting CXX compiler ABI info - done
[0.522s] -- Check for working CXX compiler: /usr/bin/c++ - skipped
[0.522s] -- Detecting CXX compile features
[0.523s] -- Detecting CXX compile features - done
[0.543s] -- Found ament_cmake: 1.3.12 (/opt/ros/humble/share/ament_cmake/cmake)
[0.664s] -- Found Python3: /usr/bin/python3 (found version "3.10.12") found components: Interpreter 
[0.759s] -- Found rclcpp: 16.0.14 (/opt/ros/humble/share/rclcpp/cmake)
[0.846s] -- Found rosidl_generator_c: 3.1.7 (/opt/ros/humble/share/rosidl_generator_c/cmake)
[0.856s] -- Found rosidl_adapter: 3.1.7 (/opt/ros/humble/share/rosidl_adapter/cmake)
[0.870s] -- Found rosidl_generator_cpp: 3.1.7 (/opt/ros/humble/share/rosidl_generator_cpp/cmake)
[0.896s] -- Using all available rosidl_typesupport_c: rosidl_typesupport_fastrtps_c;rosidl_typesupport_introspection_c
[0.920s] -- Using all available rosidl_typesupport_cpp: rosidl_typesupport_fastrtps_cpp;rosidl_typesupport_introspection_cpp
[0.987s] -- Found rmw_implementation_cmake: 6.1.2 (/opt/ros/humble/share/rmw_implementation_cmake/cmake)
[0.992s] -- Found rmw_fastrtps_cpp: 6.2.8 (/opt/ros/humble/share/rmw_fastrtps_cpp/cmake)
[1.118s] -- Found OpenSSL: /usr/lib/x86_64-linux-gnu/libcrypto.so (found version "3.0.2")  
[1.148s] -- Found FastRTPS: /opt/ros/humble/include  
[1.180s] -- Using RMW implementation 'rmw_fastrtps_cpp' as default
[1.194s] -- Looking for pthread.h
[1.275s] -- Looking for pthread.h - found
[1.275s] -- Performing Test CMAKE_HAVE_LIBC_PTHREAD
[1.341s] -- Performing Test CMAKE_HAVE_LIBC_PTHREAD - Success
[1.341s] -- Found Threads: TRUE  
[1.410s] -- Found ament_lint_auto: 0.12.14 (/opt/ros/humble/share/ament_lint_auto/cmake)
[1.474s] -- Added test 'cppcheck' to perform static code analysis on C / C++ code
[1.474s] -- Configured cppcheck include dirs: 
[1.474s] -- Configured cppcheck exclude dirs and/or files: 
[1.475s] -- Added test 'lint_cmake' to check CMake code style
[1.476s] -- Added test 'uncrustify' to check C / C++ code style
[1.476s] -- Configured uncrustify additional arguments: 
[1.476s] -- Added test 'xmllint' to check XML markup files
[1.478s] -- Configuring done
[1.485s] -- Generating done
[1.487s] -- Build files have been written to: /home/wzy/Desktop/code/ros2/work_space_1/build/interference_node
[1.498s] Invoked command in '/home/wzy/Desktop/code/ros2/work_space_1/build/interference_node' returned '0': CMAKE_PREFIX_PATH=/opt/ros/humble /usr/bin/cmake /home/wzy/Desktop/code/ros2/work_space_1/src/interference_node -DCMAKE_INSTALL_PREFIX=/home/wzy/Desktop/code/ros2/work_space_1/install/interference_node
[1.498s] Invoking command in '/home/wzy/Desktop/code/ros2/work_space_1/build/interference_node': CMAKE_PREFIX_PATH=/opt/ros/humble /usr/bin/cmake --build /home/wzy/Desktop/code/ros2/work_space_1/build/interference_node -- -j2 -l2
[1.558s] [ 50%] [32mBuilding CXX object CMakeFiles/interference_node.dir/src/interference_node.cpp.o[0m
[3.494s] [01m[K/home/wzy/Desktop/code/ros2/work_space_1/src/interference_node/src/interference_node.cpp:[m[K In member function ‘[01m[Kvoid InterferenceNode::do_memory_intensive_work()[m[K’:
[3.494s] [01m[K/home/wzy/Desktop/code/ros2/work_space_1/src/interference_node/src/interference_node.cpp:27:12:[m[K [01;35m[Kwarning: [m[Kunused variable ‘[01m[Kstep[m[K’ [[01;35m[K]8;;https://gcc.gnu.org/onlinedocs/gcc/Warning-Options.html#index-Wunused-variable-Wunused-variable]8;;[m[K]
[3.494s]    27 |     size_t [01;35m[Kstep[m[K = 256;
[3.494s]       |            [01;35m[K^~~~[m[K
[3.985s] [100%] [32m[1mLinking CXX executable interference_node[0m
[4.144s] [100%] Built target interference_node
[4.155s] Invoked command in '/home/wzy/Desktop/code/ros2/work_space_1/build/interference_node' returned '0': CMAKE_PREFIX_PATH=/opt/ros/humble /usr/bin/cmake --build /home/wzy/Desktop/code/ros2/work_space_1/build/interference_node -- -j2 -l2
[4.158s] Invoking command in '/home/wzy/Desktop/code/ros2/work_space_1/build/interference_node': CMAKE_PREFIX_PATH=/opt/ros/humble /usr/bin/cmake --install /home/wzy/Desktop/code/ros2/work_space_1/build/interference_node
[4.166s] -- Install configuration: ""
[4.166s] -- Installing: /home/wzy/Desktop/code/ros2/work_space_1/install/interference_node/lib/interference_node/interference_node
[4.166s] -- Set runtime path of "/home/wzy/Desktop/code/ros2/work_space_1/install/interference_node/lib/interference_node/interference_node" to ""
[4.166s] -- Installing: /home/wzy/Desktop/code/ros2/work_space_1/install/interference_node/share/ament_index/resource_index/package_run_dependencies/interference_node
[4.166s] -- Installing: /home/wzy/Desktop/code/ros2/work_space_1/install/interference_node/share/ament_index/resource_index/parent_prefix_path/interference_node
[4.166s] -- Installing: /home/wzy/Desktop/code/ros2/work_space_1/install/interference_node/share/interference_node/environment/ament_prefix_path.sh
[4.166s] -- Installing: /home/wzy/Desktop/code/ros2/work_space_1/install/interference_node/share/interference_node/environment/ament_prefix_path.dsv
[4.166s] -- Installing: /home/wzy/Desktop/code/ros2/work_space_1/install/interference_node/share/interference_node/environment/path.sh
[4.166s] -- Installing: /home/wzy/Desktop/code/ros2/work_space_1/install/interference_node/share/interference_node/environment/path.dsv
[4.167s] -- Installing: /home/wzy/Desktop/code/ros2/work_space_1/install/interference_node/share/interference_node/local_setup.bash
[4.167s] -- Installing: /home/wzy/Desktop/code/ros2/work_space_1/install/interference_node/share/interference_node/local_setup.sh
[4.167s] -- Installing: /home/wzy/Desktop/code/ros2/work_space_1/install/interference_node/share/interference_node/local_setup.zsh
[4.167s] -- Installing: /home/wzy/Desktop/code/ros2/work_space_1/install/interference_node/share/interference_node/local_setup.dsv
[4.167s] -- Installing: /home/wzy/Desktop/code/ros2/work_space_1/install/interference_node/share/interference_node/package.dsv
[4.167s] -- Installing: /home/wzy/Desktop/code/ros2/work_space_1/install/interference_node/share/ament_index/resource_index/packages/interference_node
[4.167s] -- Installing: /home/wzy/Desktop/code/ros2/work_space_1/install/interference_node/share/interference_node/cmake/interference_nodeConfig.cmake
[4.167s] -- Installing: /home/wzy/Desktop/code/ros2/work_space_1/install/interference_node/share/interference_node/cmake/interference_nodeConfig-version.cmake
[4.167s] -- Installing: /home/wzy/Desktop/code/ros2/work_space_1/install/interference_node/share/interference_node/package.xml
[4.170s] Invoked command in '/home/wzy/Desktop/code/ros2/work_space_1/build/interference_node' returned '0': CMAKE_PREFIX_PATH=/opt/ros/humble /usr/bin/cmake --install /home/wzy/Desktop/code/ros2/work_space_1/build/interference_node
