[0.009s] Invoking command in '/home/wzy/Desktop/code/ros2/ros2_demo_1/build/lidar_pkg': CMAKE_PREFIX_PATH=${CMAKE_PREFIX_PATH}:/opt/ros/humble /usr/bin/cmake --build /home/wzy/Desktop/code/ros2/ros2_demo_1/build/lidar_pkg -- -j2 -l2
[0.061s] [35m[1mConsolidate compiler generated dependencies of target virtual_lidar[0m
[0.086s] [ 50%] Built target pointcloud_processor
[0.093s] [100%] Built target virtual_lidar
[0.105s] Invoked command in '/home/wzy/Desktop/code/ros2/ros2_demo_1/build/lidar_pkg' returned '0': CMAKE_PREFIX_PATH=${CMAKE_PREFIX_PATH}:/opt/ros/humble /usr/bin/cmake --build /home/wzy/Desktop/code/ros2/ros2_demo_1/build/lidar_pkg -- -j2 -l2
[0.105s] Invoking command in '/home/wzy/Desktop/code/ros2/ros2_demo_1/build/lidar_pkg': CMAKE_PREFIX_PATH=${CMAKE_PREFIX_PATH}:/opt/ros/humble /usr/bin/cmake --install /home/wzy/Desktop/code/ros2/ros2_demo_1/build/lidar_pkg
[0.114s] -- Install configuration: ""
[0.114s] -- Up-to-date: /home/wzy/Desktop/code/ros2/ros2_demo_1/install/lidar_pkg/lib/lidar_pkg/pointcloud_processor
[0.115s] -- Up-to-date: /home/wzy/Desktop/code/ros2/ros2_demo_1/install/lidar_pkg/lib/lidar_pkg/virtual_lidar
[0.115s] -- Up-to-date: /home/wzy/Desktop/code/ros2/ros2_demo_1/install/lidar_pkg/share/ament_index/resource_index/package_run_dependencies/lidar_pkg
[0.115s] -- Up-to-date: /home/wzy/Desktop/code/ros2/ros2_demo_1/install/lidar_pkg/share/ament_index/resource_index/parent_prefix_path/lidar_pkg
[0.115s] -- Up-to-date: /home/wzy/Desktop/code/ros2/ros2_demo_1/install/lidar_pkg/share/lidar_pkg/environment/ament_prefix_path.sh
[0.115s] -- Up-to-date: /home/wzy/Desktop/code/ros2/ros2_demo_1/install/lidar_pkg/share/lidar_pkg/environment/ament_prefix_path.dsv
[0.116s] -- Up-to-date: /home/wzy/Desktop/code/ros2/ros2_demo_1/install/lidar_pkg/share/lidar_pkg/environment/path.sh
[0.116s] -- Up-to-date: /home/wzy/Desktop/code/ros2/ros2_demo_1/install/lidar_pkg/share/lidar_pkg/environment/path.dsv
[0.116s] -- Up-to-date: /home/wzy/Desktop/code/ros2/ros2_demo_1/install/lidar_pkg/share/lidar_pkg/local_setup.bash
[0.117s] -- Up-to-date: /home/wzy/Desktop/code/ros2/ros2_demo_1/install/lidar_pkg/share/lidar_pkg/local_setup.sh
[0.117s] -- Up-to-date: /home/wzy/Desktop/code/ros2/ros2_demo_1/install/lidar_pkg/share/lidar_pkg/local_setup.zsh
[0.117s] -- Up-to-date: /home/wzy/Desktop/code/ros2/ros2_demo_1/install/lidar_pkg/share/lidar_pkg/local_setup.dsv
[0.117s] -- Installing: /home/wzy/Desktop/code/ros2/ros2_demo_1/install/lidar_pkg/share/lidar_pkg/package.dsv
[0.117s] -- Up-to-date: /home/wzy/Desktop/code/ros2/ros2_demo_1/install/lidar_pkg/share/ament_index/resource_index/packages/lidar_pkg
[0.119s] -- Up-to-date: /home/wzy/Desktop/code/ros2/ros2_demo_1/install/lidar_pkg/share/lidar_pkg/cmake/ament_cmake_export_dependencies-extras.cmake
[0.119s] -- Up-to-date: /home/wzy/Desktop/code/ros2/ros2_demo_1/install/lidar_pkg/share/lidar_pkg/cmake/lidar_pkgConfig.cmake
[0.119s] -- Up-to-date: /home/wzy/Desktop/code/ros2/ros2_demo_1/install/lidar_pkg/share/lidar_pkg/cmake/lidar_pkgConfig-version.cmake
[0.119s] -- Up-to-date: /home/wzy/Desktop/code/ros2/ros2_demo_1/install/lidar_pkg/share/lidar_pkg/package.xml
[0.122s] Invoked command in '/home/wzy/Desktop/code/ros2/ros2_demo_1/build/lidar_pkg' returned '0': CMAKE_PREFIX_PATH=${CMAKE_PREFIX_PATH}:/opt/ros/humble /usr/bin/cmake --install /home/wzy/Desktop/code/ros2/ros2_demo_1/build/lidar_pkg
