[ 50%] Built target control_decision
[35m[1mConsolidate compiler generated dependencies of target control_signal_generator[0m
[100%] Built target control_signal_generator
-- Install configuration: ""
-- Up-to-date: /home/wzy/Desktop/code/ros2/ros2_demo_1/install/control_pkg/lib/control_pkg/control_decision
-- Up-to-date: /home/wzy/Desktop/code/ros2/ros2_demo_1/install/control_pkg/lib/control_pkg/control_signal_generator
-- Up-to-date: /home/wzy/Desktop/code/ros2/ros2_demo_1/install/control_pkg/share/ament_index/resource_index/package_run_dependencies/control_pkg
-- Up-to-date: /home/wzy/Desktop/code/ros2/ros2_demo_1/install/control_pkg/share/ament_index/resource_index/parent_prefix_path/control_pkg
-- Up-to-date: /home/wzy/Desktop/code/ros2/ros2_demo_1/install/control_pkg/share/control_pkg/environment/ament_prefix_path.sh
-- Up-to-date: /home/wzy/Desktop/code/ros2/ros2_demo_1/install/control_pkg/share/control_pkg/environment/ament_prefix_path.dsv
-- Up-to-date: /home/wzy/Desktop/code/ros2/ros2_demo_1/install/control_pkg/share/control_pkg/environment/path.sh
-- Up-to-date: /home/wzy/Desktop/code/ros2/ros2_demo_1/install/control_pkg/share/control_pkg/environment/path.dsv
-- Up-to-date: /home/wzy/Desktop/code/ros2/ros2_demo_1/install/control_pkg/share/control_pkg/local_setup.bash
-- Up-to-date: /home/wzy/Desktop/code/ros2/ros2_demo_1/install/control_pkg/share/control_pkg/local_setup.sh
-- Up-to-date: /home/wzy/Desktop/code/ros2/ros2_demo_1/install/control_pkg/share/control_pkg/local_setup.zsh
-- Up-to-date: /home/wzy/Desktop/code/ros2/ros2_demo_1/install/control_pkg/share/control_pkg/local_setup.dsv
-- Installing: /home/wzy/Desktop/code/ros2/ros2_demo_1/install/control_pkg/share/control_pkg/package.dsv
-- Up-to-date: /home/wzy/Desktop/code/ros2/ros2_demo_1/install/control_pkg/share/ament_index/resource_index/packages/control_pkg
-- Up-to-date: /home/wzy/Desktop/code/ros2/ros2_demo_1/install/control_pkg/share/control_pkg/cmake/control_pkgConfig.cmake
-- Up-to-date: /home/wzy/Desktop/code/ros2/ros2_demo_1/install/control_pkg/share/control_pkg/cmake/control_pkgConfig-version.cmake
-- Up-to-date: /home/wzy/Desktop/code/ros2/ros2_demo_1/install/control_pkg/share/control_pkg/package.xml
