[0.007s] Invoking command in '/home/wzy/Desktop/code/ros2/ros2_demo_1/build/control_pkg': CMAKE_PREFIX_PATH=${CMAKE_PREFIX_PATH}:/opt/ros/humble /usr/bin/cmake --build /home/wzy/Desktop/code/ros2/ros2_demo_1/build/control_pkg -- -j2 -l2
[0.059s] [ 50%] Built target control_decision
[0.061s] [35m[1mConsolidate compiler generated dependencies of target control_signal_generator[0m
[0.078s] [100%] Built target control_signal_generator
[0.093s] Invoked command in '/home/wzy/Desktop/code/ros2/ros2_demo_1/build/control_pkg' returned '0': CMAKE_PREFIX_PATH=${CMAKE_PREFIX_PATH}:/opt/ros/humble /usr/bin/cmake --build /home/wzy/Desktop/code/ros2/ros2_demo_1/build/control_pkg -- -j2 -l2
[0.094s] Invoking command in '/home/wzy/Desktop/code/ros2/ros2_demo_1/build/control_pkg': CMAKE_PREFIX_PATH=${CMAKE_PREFIX_PATH}:/opt/ros/humble /usr/bin/cmake --install /home/wzy/Desktop/code/ros2/ros2_demo_1/build/control_pkg
[0.105s] -- Install configuration: ""
[0.106s] -- Up-to-date: /home/wzy/Desktop/code/ros2/ros2_demo_1/install/control_pkg/lib/control_pkg/control_decision
[0.106s] -- Up-to-date: /home/wzy/Desktop/code/ros2/ros2_demo_1/install/control_pkg/lib/control_pkg/control_signal_generator
[0.106s] -- Up-to-date: /home/wzy/Desktop/code/ros2/ros2_demo_1/install/control_pkg/share/ament_index/resource_index/package_run_dependencies/control_pkg
[0.107s] -- Up-to-date: /home/wzy/Desktop/code/ros2/ros2_demo_1/install/control_pkg/share/ament_index/resource_index/parent_prefix_path/control_pkg
[0.107s] -- Up-to-date: /home/wzy/Desktop/code/ros2/ros2_demo_1/install/control_pkg/share/control_pkg/environment/ament_prefix_path.sh
[0.107s] -- Up-to-date: /home/wzy/Desktop/code/ros2/ros2_demo_1/install/control_pkg/share/control_pkg/environment/ament_prefix_path.dsv
[0.107s] -- Up-to-date: /home/wzy/Desktop/code/ros2/ros2_demo_1/install/control_pkg/share/control_pkg/environment/path.sh
[0.107s] -- Up-to-date: /home/wzy/Desktop/code/ros2/ros2_demo_1/install/control_pkg/share/control_pkg/environment/path.dsv
[0.107s] -- Up-to-date: /home/wzy/Desktop/code/ros2/ros2_demo_1/install/control_pkg/share/control_pkg/local_setup.bash
[0.108s] -- Up-to-date: /home/wzy/Desktop/code/ros2/ros2_demo_1/install/control_pkg/share/control_pkg/local_setup.sh
[0.108s] -- Up-to-date: /home/wzy/Desktop/code/ros2/ros2_demo_1/install/control_pkg/share/control_pkg/local_setup.zsh
[0.109s] -- Up-to-date: /home/wzy/Desktop/code/ros2/ros2_demo_1/install/control_pkg/share/control_pkg/local_setup.dsv
[0.110s] -- Installing: /home/wzy/Desktop/code/ros2/ros2_demo_1/install/control_pkg/share/control_pkg/package.dsv
[0.110s] -- Up-to-date: /home/wzy/Desktop/code/ros2/ros2_demo_1/install/control_pkg/share/ament_index/resource_index/packages/control_pkg
[0.113s] -- Up-to-date: /home/wzy/Desktop/code/ros2/ros2_demo_1/install/control_pkg/share/control_pkg/cmake/control_pkgConfig.cmake
[0.113s] -- Up-to-date: /home/wzy/Desktop/code/ros2/ros2_demo_1/install/control_pkg/share/control_pkg/cmake/control_pkgConfig-version.cmake
[0.113s] -- Up-to-date: /home/wzy/Desktop/code/ros2/ros2_demo_1/install/control_pkg/share/control_pkg/package.xml
[0.113s] Invoked command in '/home/wzy/Desktop/code/ros2/ros2_demo_1/build/control_pkg' returned '0': CMAKE_PREFIX_PATH=${CMAKE_PREFIX_PATH}:/opt/ros/humble /usr/bin/cmake --install /home/wzy/Desktop/code/ros2/ros2_demo_1/build/control_pkg
