[0.016s] Invoking command in '/home/wzy/Desktop/code/ros2/ros2_demo_1/build/lidar_pkg': /usr/bin/cmake /home/wzy/Desktop/code/ros2/ros2_demo_1/src/lidar_pkg -DCMAKE_INSTALL_PREFIX=/home/wzy/Desktop/code/ros2/ros2_demo_1/install/lidar_pkg
[0.240s] -- The C compiler identification is GNU 11.4.0
[0.417s] -- The CXX compiler identification is GNU 11.4.0
[0.453s] -- Detecting C compiler ABI info
[0.641s] -- Detecting C compiler ABI info - done
[0.654s] -- Check for working C compiler: /usr/bin/cc - skipped
[0.660s] -- Detecting C compile features
[0.660s] -- Detecting C compile features - done
[0.666s] -- Detecting CXX compiler ABI info
[1.352s] -- Detecting CXX compiler ABI info - done
[1.362s] -- Check for working CXX compiler: /usr/bin/c++ - skipped
[1.363s] -- Detecting CXX compile features
[1.369s] -- Detecting CXX compile features - done
[1.373s] -- Found ament_cmake: 1.3.12 (/opt/ros/humble/share/ament_cmake/cmake)
[2.154s] -- Found Python3: /usr/bin/python3 (found version "3.10.12") found components: Interpreter 
[2.351s] -- Found sensor_msgs: 4.9.0 (/opt/ros/humble/share/sensor_msgs/cmake)
[2.498s] -- Found rosidl_generator_c: 3.1.7 (/opt/ros/humble/share/rosidl_generator_c/cmake)
[2.524s] -- Found rosidl_adapter: 3.1.7 (/opt/ros/humble/share/rosidl_adapter/cmake)
[2.565s] -- Found rosidl_generator_cpp: 3.1.7 (/opt/ros/humble/share/rosidl_generator_cpp/cmake)
[2.606s] -- Using all available rosidl_typesupport_c: rosidl_typesupport_fastrtps_c;rosidl_typesupport_introspection_c
[2.642s] -- Using all available rosidl_typesupport_cpp: rosidl_typesupport_fastrtps_cpp;rosidl_typesupport_introspection_cpp
[2.772s] -- Found ament_lint_auto: 0.12.14 (/opt/ros/humble/share/ament_lint_auto/cmake)
[2.898s] Error parsing '/home/wzy/Desktop/code/ros2/ros2_demo_1/src/lidar_pkg/package.xml':
[2.993s] Traceback (most recent call last):
[2.993s]   File "/opt/ros/humble/share/ament_cmake_core/cmake/core/package_xml_2_cmake.py", line 150, in <module>
[2.993s]     main()
[2.993s]   File "/opt/ros/humble/share/ament_cmake_core/cmake/core/package_xml_2_cmake.py", line 53, in main
[2.993s]     raise e
[2.993s]   File "/opt/ros/humble/share/ament_cmake_core/cmake/core/package_xml_2_cmake.py", line 49, in main
[2.993s]     package = parse_package_string(
[2.993s]   File "/usr/lib/python3/dist-packages/catkin_pkg/package.py", line 788, in parse_package_string
[2.995s]     pkg.validate(warnings=warnings)
[2.995s]   File "/usr/lib/python3/dist-packages/catkin_pkg/package.py", line 330, in validate
[2.995s]     raise InvalidPackage('\n'.join(errors), self.filename)
[2.995s] catkin_pkg.package.InvalidPackage: Error(s) in package '/home/wzy/Desktop/code/ros2/ros2_demo_1/src/lidar_pkg/package.xml':
[2.995s] Invalid email "“2579351233@qq.com“" for person "wzy"
[3.016s] [31mCMake Error at /opt/ros/humble/share/ament_cmake_core/cmake/core/ament_package_xml.cmake:95 (message):
[3.016s]   execute_process(/usr/bin/python3
[3.016s]   /opt/ros/humble/share/ament_cmake_core/cmake/core/package_xml_2_cmake.py
[3.016s]   /home/wzy/Desktop/code/ros2/ros2_demo_1/src/lidar_pkg/package.xml
[3.016s]   /home/wzy/Desktop/code/ros2/ros2_demo_1/build/lidar_pkg/ament_cmake_core/package.cmake)
[3.016s]   returned error code 1
[3.016s] Call Stack (most recent call first):
[3.016s]   /opt/ros/humble/share/ament_cmake_core/cmake/core/ament_package_xml.cmake:49 (_ament_package_xml)
[3.016s]   /opt/ros/humble/share/ament_lint_auto/cmake/ament_lint_auto_find_test_dependencies.cmake:31 (ament_package_xml)
[3.016s]   CMakeLists.txt:22 (ament_lint_auto_find_test_dependencies)
[3.016s] 
[3.016s] [0m
[3.016s] -- Configuring incomplete, errors occurred!
[3.016s] See also "/home/wzy/Desktop/code/ros2/ros2_demo_1/build/lidar_pkg/CMakeFiles/CMakeOutput.log".
[3.026s] Invoked command in '/home/wzy/Desktop/code/ros2/ros2_demo_1/build/lidar_pkg' returned '1': /usr/bin/cmake /home/wzy/Desktop/code/ros2/ros2_demo_1/src/lidar_pkg -DCMAKE_INSTALL_PREFIX=/home/wzy/Desktop/code/ros2/ros2_demo_1/install/lidar_pkg
