[0.018s] Invoking command in '/home/wzy/Desktop/code/ros2/work_space_1/build/victim_node': CMAKE_PREFIX_PATH=/opt/ros/humble /usr/bin/cmake --build /home/wzy/Desktop/code/ros2/work_space_1/build/victim_node -- -j2 -l2
[0.092s] [35m[1mConsolidate compiler generated dependencies of target victim_node[0m
[0.113s] [100%] Built target victim_node
[0.129s] Invoked command in '/home/wzy/Desktop/code/ros2/work_space_1/build/victim_node' returned '0': CMAKE_PREFIX_PATH=/opt/ros/humble /usr/bin/cmake --build /home/wzy/Desktop/code/ros2/work_space_1/build/victim_node -- -j2 -l2
[0.145s] Invoking command in '/home/wzy/Desktop/code/ros2/work_space_1/build/victim_node': CMAKE_PREFIX_PATH=/opt/ros/humble /usr/bin/cmake --install /home/wzy/Desktop/code/ros2/work_space_1/build/victim_node
[0.154s] -- Install configuration: ""
[0.156s] -- Up-to-date: /home/wzy/Desktop/code/ros2/work_space_1/install/victim_node/lib/victim_node/victim_node
[0.157s] -- Up-to-date: /home/wzy/Desktop/code/ros2/work_space_1/install/victim_node/share/ament_index/resource_index/package_run_dependencies/victim_node
[0.157s] -- Up-to-date: /home/wzy/Desktop/code/ros2/work_space_1/install/victim_node/share/ament_index/resource_index/parent_prefix_path/victim_node
[0.157s] -- Up-to-date: /home/wzy/Desktop/code/ros2/work_space_1/install/victim_node/share/victim_node/environment/ament_prefix_path.sh
[0.157s] -- Up-to-date: /home/wzy/Desktop/code/ros2/work_space_1/install/victim_node/share/victim_node/environment/ament_prefix_path.dsv
[0.157s] -- Up-to-date: /home/wzy/Desktop/code/ros2/work_space_1/install/victim_node/share/victim_node/environment/path.sh
[0.157s] -- Up-to-date: /home/wzy/Desktop/code/ros2/work_space_1/install/victim_node/share/victim_node/environment/path.dsv
[0.158s] -- Up-to-date: /home/wzy/Desktop/code/ros2/work_space_1/install/victim_node/share/victim_node/local_setup.bash
[0.158s] -- Up-to-date: /home/wzy/Desktop/code/ros2/work_space_1/install/victim_node/share/victim_node/local_setup.sh
[0.158s] -- Up-to-date: /home/wzy/Desktop/code/ros2/work_space_1/install/victim_node/share/victim_node/local_setup.zsh
[0.158s] -- Up-to-date: /home/wzy/Desktop/code/ros2/work_space_1/install/victim_node/share/victim_node/local_setup.dsv
[0.158s] -- Installing: /home/wzy/Desktop/code/ros2/work_space_1/install/victim_node/share/victim_node/package.dsv
[0.159s] -- Up-to-date: /home/wzy/Desktop/code/ros2/work_space_1/install/victim_node/share/ament_index/resource_index/packages/victim_node
[0.159s] -- Up-to-date: /home/wzy/Desktop/code/ros2/work_space_1/install/victim_node/share/victim_node/cmake/victim_nodeConfig.cmake
[0.159s] -- Up-to-date: /home/wzy/Desktop/code/ros2/work_space_1/install/victim_node/share/victim_node/cmake/victim_nodeConfig-version.cmake
[0.160s] -- Up-to-date: /home/wzy/Desktop/code/ros2/work_space_1/install/victim_node/share/victim_node/package.xml
[0.164s] Invoked command in '/home/wzy/Desktop/code/ros2/work_space_1/build/victim_node' returned '0': CMAKE_PREFIX_PATH=/opt/ros/humble /usr/bin/cmake --install /home/wzy/Desktop/code/ros2/work_space_1/build/victim_node
