[0.059s] DEBUG:colcon:Command line arguments: ['/usr/bin/colcon', 'build']
[0.059s] DEBUG:colcon:Parsed command line arguments: Namespace(log_base=None, log_level=None, verb_name='build', build_base='build', install_base='install', merge_install=False, symlink_install=False, test_result_base=None, continue_on_error=False, executor='parallel', parallel_workers=2, event_handlers=None, ignore_user_meta=False, metas=['./colcon.meta'], base_paths=['.'], packages_ignore=None, packages_ignore_regex=None, paths=None, packages_up_to=None, packages_up_to_regex=None, packages_above=None, packages_above_and_dependencies=None, packages_above_depth=None, packages_select_by_dep=None, packages_skip_by_dep=None, packages_skip_up_to=None, packages_select_build_failed=False, packages_skip_build_finished=False, packages_select_test_failures=False, packages_skip_test_passed=False, packages_select=None, packages_skip=None, packages_select_regex=None, packages_skip_regex=None, packages_start=None, packages_end=None, allow_overriding=[], cmake_args=None, cmake_target=None, cmake_target_skip_unavailable=False, cmake_clean_cache=False, cmake_clean_first=False, cmake_force_configure=False, ament_cmake_args=None, catkin_cmake_args=None, catkin_skip_building_tests=False, verb_parser=<colcon_defaults.argument_parser.defaults.DefaultArgumentsDecorator object at 0x78a8a0b6c7c0>, verb_extension=<colcon_core.verb.build.BuildVerb object at 0x78a8a0c761a0>, main=<bound method BuildVerb.main of <colcon_core.verb.build.BuildVerb object at 0x78a8a0c761a0>>)
[0.153s] Level 1:colcon.colcon_core.package_discovery:discover_packages(colcon_meta) check parameters
[0.153s] Level 1:colcon.colcon_core.package_discovery:discover_packages(recursive) check parameters
[0.153s] Level 1:colcon.colcon_core.package_discovery:discover_packages(ignore) check parameters
[0.153s] Level 1:colcon.colcon_core.package_discovery:discover_packages(path) check parameters
[0.153s] Level 1:colcon.colcon_core.package_discovery:discover_packages(colcon_meta) discover
[0.153s] Level 1:colcon.colcon_core.package_discovery:discover_packages(recursive) discover
[0.153s] INFO:colcon.colcon_core.package_discovery:Crawling recursively for packages in '/home/wzy/Desktop/code/ros2/ros2_demo_1'
[0.153s] Level 1:colcon.colcon_core.package_identification:_identify(.) by extensions ['ignore', 'ignore_ament_install']
[0.153s] Level 1:colcon.colcon_core.package_identification:_identify(.) by extension 'ignore'
[0.153s] Level 1:colcon.colcon_core.package_identification:_identify(.) by extension 'ignore_ament_install'
[0.153s] Level 1:colcon.colcon_core.package_identification:_identify(.) by extensions ['colcon_pkg']
[0.153s] Level 1:colcon.colcon_core.package_identification:_identify(.) by extension 'colcon_pkg'
[0.153s] Level 1:colcon.colcon_core.package_identification:_identify(.) by extensions ['colcon_meta']
[0.153s] Level 1:colcon.colcon_core.package_identification:_identify(.) by extension 'colcon_meta'
[0.153s] Level 1:colcon.colcon_core.package_identification:_identify(.) by extensions ['ros']
[0.153s] Level 1:colcon.colcon_core.package_identification:_identify(.) by extension 'ros'
[0.160s] Level 1:colcon.colcon_core.package_identification:_identify(.) by extensions ['cmake', 'python']
[0.160s] Level 1:colcon.colcon_core.package_identification:_identify(.) by extension 'cmake'
[0.160s] Level 1:colcon.colcon_core.package_identification:_identify(.) by extension 'python'
[0.160s] Level 1:colcon.colcon_core.package_identification:_identify(.) by extensions ['python_setup_py']
[0.160s] Level 1:colcon.colcon_core.package_identification:_identify(.) by extension 'python_setup_py'
[0.160s] Level 1:colcon.colcon_core.package_identification:_identify(build) by extensions ['ignore', 'ignore_ament_install']
[0.160s] Level 1:colcon.colcon_core.package_identification:_identify(build) by extension 'ignore'
[0.160s] Level 1:colcon.colcon_core.package_identification:_identify(build) ignored
[0.160s] Level 1:colcon.colcon_core.package_identification:_identify(install) by extensions ['ignore', 'ignore_ament_install']
[0.160s] Level 1:colcon.colcon_core.package_identification:_identify(install) by extension 'ignore'
[0.160s] Level 1:colcon.colcon_core.package_identification:_identify(install) ignored
[0.160s] Level 1:colcon.colcon_core.package_identification:_identify(log) by extensions ['ignore', 'ignore_ament_install']
[0.160s] Level 1:colcon.colcon_core.package_identification:_identify(log) by extension 'ignore'
[0.160s] Level 1:colcon.colcon_core.package_identification:_identify(log) ignored
[0.160s] Level 1:colcon.colcon_core.package_identification:_identify(src) by extensions ['ignore', 'ignore_ament_install']
[0.160s] Level 1:colcon.colcon_core.package_identification:_identify(src) by extension 'ignore'
[0.160s] Level 1:colcon.colcon_core.package_identification:_identify(src) by extension 'ignore_ament_install'
[0.160s] Level 1:colcon.colcon_core.package_identification:_identify(src) by extensions ['colcon_pkg']
[0.160s] Level 1:colcon.colcon_core.package_identification:_identify(src) by extension 'colcon_pkg'
[0.160s] Level 1:colcon.colcon_core.package_identification:_identify(src) by extensions ['colcon_meta']
[0.160s] Level 1:colcon.colcon_core.package_identification:_identify(src) by extension 'colcon_meta'
[0.160s] Level 1:colcon.colcon_core.package_identification:_identify(src) by extensions ['ros']
[0.160s] Level 1:colcon.colcon_core.package_identification:_identify(src) by extension 'ros'
[0.160s] Level 1:colcon.colcon_core.package_identification:_identify(src) by extensions ['cmake', 'python']
[0.160s] Level 1:colcon.colcon_core.package_identification:_identify(src) by extension 'cmake'
[0.160s] Level 1:colcon.colcon_core.package_identification:_identify(src) by extension 'python'
[0.160s] Level 1:colcon.colcon_core.package_identification:_identify(src) by extensions ['python_setup_py']
[0.160s] Level 1:colcon.colcon_core.package_identification:_identify(src) by extension 'python_setup_py'
[0.160s] Level 1:colcon.colcon_core.package_identification:_identify(src/camera_pkg) by extensions ['ignore', 'ignore_ament_install']
[0.160s] Level 1:colcon.colcon_core.package_identification:_identify(src/camera_pkg) by extension 'ignore'
[0.161s] Level 1:colcon.colcon_core.package_identification:_identify(src/camera_pkg) by extension 'ignore_ament_install'
[0.161s] Level 1:colcon.colcon_core.package_identification:_identify(src/camera_pkg) by extensions ['colcon_pkg']
[0.161s] Level 1:colcon.colcon_core.package_identification:_identify(src/camera_pkg) by extension 'colcon_pkg'
[0.161s] Level 1:colcon.colcon_core.package_identification:_identify(src/camera_pkg) by extensions ['colcon_meta']
[0.161s] Level 1:colcon.colcon_core.package_identification:_identify(src/camera_pkg) by extension 'colcon_meta'
[0.161s] Level 1:colcon.colcon_core.package_identification:_identify(src/camera_pkg) by extensions ['ros']
[0.161s] Level 1:colcon.colcon_core.package_identification:_identify(src/camera_pkg) by extension 'ros'
[0.162s] DEBUG:colcon.colcon_core.package_identification:Package 'src/camera_pkg' with type 'ros.ament_cmake' and name 'camera_pkg'
[0.162s] Level 1:colcon.colcon_core.package_identification:_identify(src/logger) by extensions ['ignore', 'ignore_ament_install']
[0.162s] Level 1:colcon.colcon_core.package_identification:_identify(src/logger) by extension 'ignore'
[0.162s] Level 1:colcon.colcon_core.package_identification:_identify(src/logger) by extension 'ignore_ament_install'
[0.162s] Level 1:colcon.colcon_core.package_identification:_identify(src/logger) by extensions ['colcon_pkg']
[0.162s] Level 1:colcon.colcon_core.package_identification:_identify(src/logger) by extension 'colcon_pkg'
[0.162s] Level 1:colcon.colcon_core.package_identification:_identify(src/logger) by extensions ['colcon_meta']
[0.162s] Level 1:colcon.colcon_core.package_identification:_identify(src/logger) by extension 'colcon_meta'
[0.162s] Level 1:colcon.colcon_core.package_identification:_identify(src/logger) by extensions ['ros']
[0.162s] Level 1:colcon.colcon_core.package_identification:_identify(src/logger) by extension 'ros'
[0.163s] DEBUG:colcon.colcon_core.package_identification:Package 'src/logger' with type 'ros.ament_cmake' and name 'logger'
[0.163s] Level 1:colcon.colcon_core.package_discovery:discover_packages(recursive) using defaults
[0.163s] Level 1:colcon.colcon_core.package_discovery:discover_packages(ignore) discover
[0.163s] Level 1:colcon.colcon_core.package_discovery:discover_packages(ignore) using defaults
[0.163s] Level 1:colcon.colcon_core.package_discovery:discover_packages(path) discover
[0.163s] Level 1:colcon.colcon_core.package_discovery:discover_packages(path) using defaults
[0.174s] Level 1:colcon.colcon_core.package_discovery:discover_packages(prefix_path) check parameters
[0.174s] Level 1:colcon.colcon_core.package_discovery:discover_packages(prefix_path) discover
[0.175s] DEBUG:colcon.colcon_installed_package_information.package_discovery:Found 0 installed packages in /home/wzy/Desktop/code/ros2/ros2_demo_1/install
[0.176s] DEBUG:colcon.colcon_installed_package_information.package_discovery:Found 271 installed packages in /opt/ros/humble
[0.183s] Level 1:colcon.colcon_core.package_discovery:discover_packages(prefix_path) using defaults
[0.204s] Level 5:colcon.colcon_core.verb:set package 'camera_pkg' build argument 'cmake_args' from command line to 'None'
[0.204s] Level 5:colcon.colcon_core.verb:set package 'camera_pkg' build argument 'cmake_target' from command line to 'None'
[0.204s] Level 5:colcon.colcon_core.verb:set package 'camera_pkg' build argument 'cmake_target_skip_unavailable' from command line to 'False'
[0.204s] Level 5:colcon.colcon_core.verb:set package 'camera_pkg' build argument 'cmake_clean_cache' from command line to 'False'
[0.204s] Level 5:colcon.colcon_core.verb:set package 'camera_pkg' build argument 'cmake_clean_first' from command line to 'False'
[0.204s] Level 5:colcon.colcon_core.verb:set package 'camera_pkg' build argument 'cmake_force_configure' from command line to 'False'
[0.204s] Level 5:colcon.colcon_core.verb:set package 'camera_pkg' build argument 'ament_cmake_args' from command line to 'None'
[0.204s] Level 5:colcon.colcon_core.verb:set package 'camera_pkg' build argument 'catkin_cmake_args' from command line to 'None'
[0.204s] Level 5:colcon.colcon_core.verb:set package 'camera_pkg' build argument 'catkin_skip_building_tests' from command line to 'False'
[0.204s] DEBUG:colcon.colcon_core.verb:Building package 'camera_pkg' with the following arguments: {'ament_cmake_args': None, 'build_base': '/home/wzy/Desktop/code/ros2/ros2_demo_1/build/camera_pkg', 'catkin_cmake_args': None, 'catkin_skip_building_tests': False, 'cmake_args': None, 'cmake_clean_cache': False, 'cmake_clean_first': False, 'cmake_force_configure': False, 'cmake_target': None, 'cmake_target_skip_unavailable': False, 'install_base': '/home/wzy/Desktop/code/ros2/ros2_demo_1/install/camera_pkg', 'merge_install': False, 'path': '/home/wzy/Desktop/code/ros2/ros2_demo_1/src/camera_pkg', 'symlink_install': False, 'test_result_base': None}
[0.204s] Level 5:colcon.colcon_core.verb:set package 'logger' build argument 'cmake_args' from command line to 'None'
[0.204s] Level 5:colcon.colcon_core.verb:set package 'logger' build argument 'cmake_target' from command line to 'None'
[0.204s] Level 5:colcon.colcon_core.verb:set package 'logger' build argument 'cmake_target_skip_unavailable' from command line to 'False'
[0.204s] Level 5:colcon.colcon_core.verb:set package 'logger' build argument 'cmake_clean_cache' from command line to 'False'
[0.204s] Level 5:colcon.colcon_core.verb:set package 'logger' build argument 'cmake_clean_first' from command line to 'False'
[0.204s] Level 5:colcon.colcon_core.verb:set package 'logger' build argument 'cmake_force_configure' from command line to 'False'
[0.204s] Level 5:colcon.colcon_core.verb:set package 'logger' build argument 'ament_cmake_args' from command line to 'None'
[0.204s] Level 5:colcon.colcon_core.verb:set package 'logger' build argument 'catkin_cmake_args' from command line to 'None'
[0.204s] Level 5:colcon.colcon_core.verb:set package 'logger' build argument 'catkin_skip_building_tests' from command line to 'False'
[0.204s] DEBUG:colcon.colcon_core.verb:Building package 'logger' with the following arguments: {'ament_cmake_args': None, 'build_base': '/home/wzy/Desktop/code/ros2/ros2_demo_1/build/logger', 'catkin_cmake_args': None, 'catkin_skip_building_tests': False, 'cmake_args': None, 'cmake_clean_cache': False, 'cmake_clean_first': False, 'cmake_force_configure': False, 'cmake_target': None, 'cmake_target_skip_unavailable': False, 'install_base': '/home/wzy/Desktop/code/ros2/ros2_demo_1/install/logger', 'merge_install': False, 'path': '/home/wzy/Desktop/code/ros2/ros2_demo_1/src/logger', 'symlink_install': False, 'test_result_base': None}
[0.204s] INFO:colcon.colcon_core.executor:Executing jobs using 'parallel' executor
[0.206s] DEBUG:colcon.colcon_parallel_executor.executor.parallel:run_until_complete
[0.206s] INFO:colcon.colcon_ros.task.ament_cmake.build:Building ROS package in '/home/wzy/Desktop/code/ros2/ros2_demo_1/src/camera_pkg' with build type 'ament_cmake'
[0.206s] INFO:colcon.colcon_cmake.task.cmake.build:Building CMake package in '/home/wzy/Desktop/code/ros2/ros2_demo_1/src/camera_pkg'
[0.208s] INFO:colcon.colcon_core.plugin_system:Skipping extension 'colcon_core.shell.bat': Not used on non-Windows systems
[0.208s] INFO:colcon.colcon_core.shell:Skip shell extension 'powershell' for command environment: Not usable outside of PowerShell
[0.208s] DEBUG:colcon.colcon_core.shell:Skip shell extension 'dsv' for command environment
[0.212s] INFO:colcon.colcon_ros.task.ament_cmake.build:Building ROS package in '/home/wzy/Desktop/code/ros2/ros2_demo_1/src/logger' with build type 'ament_cmake'
[0.212s] INFO:colcon.colcon_cmake.task.cmake.build:Building CMake package in '/home/wzy/Desktop/code/ros2/ros2_demo_1/src/logger'
[0.212s] INFO:colcon.colcon_core.shell:Skip shell extension 'powershell' for command environment: Not usable outside of PowerShell
[0.212s] DEBUG:colcon.colcon_core.shell:Skip shell extension 'dsv' for command environment
[0.216s] DEBUG:colcon.colcon_core.event_handler.log_command:Invoking command in '/home/wzy/Desktop/code/ros2/ros2_demo_1/build/camera_pkg': CMAKE_PREFIX_PATH=/opt/ros/humble /usr/bin/cmake /home/wzy/Desktop/code/ros2/ros2_demo_1/src/camera_pkg -DCMAKE_INSTALL_PREFIX=/home/wzy/Desktop/code/ros2/ros2_demo_1/install/camera_pkg
[0.223s] DEBUG:colcon.colcon_core.event_handler.log_command:Invoking command in '/home/wzy/Desktop/code/ros2/ros2_demo_1/build/logger': CMAKE_PREFIX_PATH=/opt/ros/humble /usr/bin/cmake /home/wzy/Desktop/code/ros2/ros2_demo_1/src/logger -DCMAKE_INSTALL_PREFIX=/home/wzy/Desktop/code/ros2/ros2_demo_1/install/logger
[1.498s] DEBUG:colcon.colcon_core.event_handler.log_command:Invoked command in '/home/wzy/Desktop/code/ros2/ros2_demo_1/build/logger' returned '1': CMAKE_PREFIX_PATH=/opt/ros/humble /usr/bin/cmake /home/wzy/Desktop/code/ros2/ros2_demo_1/src/logger -DCMAKE_INSTALL_PREFIX=/home/wzy/Desktop/code/ros2/ros2_demo_1/install/logger
[1.511s] Level 1:colcon.colcon_core.environment:create_environment_scripts_only(logger)
[1.521s] Level 1:colcon.colcon_core.environment:checking '/home/wzy/Desktop/code/ros2/ros2_demo_1/install/logger' for CMake module files
[1.521s] Level 1:colcon.colcon_core.environment:checking '/home/wzy/Desktop/code/ros2/ros2_demo_1/install/logger' for CMake config files
[1.522s] Level 1:colcon.colcon_core.environment:checking '/home/wzy/Desktop/code/ros2/ros2_demo_1/install/logger/bin'
[1.522s] Level 1:colcon.colcon_core.environment:checking '/home/wzy/Desktop/code/ros2/ros2_demo_1/install/logger/lib/pkgconfig/logger.pc'
[1.522s] Level 1:colcon.colcon_core.environment:checking '/home/wzy/Desktop/code/ros2/ros2_demo_1/install/logger/lib/python3.10/site-packages'
[1.522s] Level 1:colcon.colcon_core.environment:checking '/home/wzy/Desktop/code/ros2/ros2_demo_1/install/logger/bin'
[1.522s] INFO:colcon.colcon_core.shell:Creating package script '/home/wzy/Desktop/code/ros2/ros2_demo_1/install/logger/share/logger/package.ps1'
[1.523s] INFO:colcon.colcon_core.shell:Creating package descriptor '/home/wzy/Desktop/code/ros2/ros2_demo_1/install/logger/share/logger/package.dsv'
[1.524s] INFO:colcon.colcon_core.shell:Creating package script '/home/wzy/Desktop/code/ros2/ros2_demo_1/install/logger/share/logger/package.sh'
[1.525s] INFO:colcon.colcon_core.shell:Creating package script '/home/wzy/Desktop/code/ros2/ros2_demo_1/install/logger/share/logger/package.bash'
[1.527s] INFO:colcon.colcon_core.shell:Creating package script '/home/wzy/Desktop/code/ros2/ros2_demo_1/install/logger/share/logger/package.zsh'
[1.527s] Level 1:colcon.colcon_core.environment:create_file_with_runtime_dependencies(/home/wzy/Desktop/code/ros2/ros2_demo_1/install/logger/share/colcon-core/packages/logger)
[1.626s] DEBUG:colcon.colcon_parallel_executor.executor.parallel:closing loop
[1.626s] DEBUG:colcon.colcon_parallel_executor.executor.parallel:loop closed
[1.626s] DEBUG:colcon.colcon_parallel_executor.executor.parallel:run_until_complete finished with '1'
[1.626s] DEBUG:colcon.colcon_core.event_reactor:joining thread
[1.630s] INFO:colcon.colcon_core.plugin_system:Skipping extension 'colcon_notification.desktop_notification.terminal_notifier': Not used on non-Darwin systems
[1.630s] INFO:colcon.colcon_core.plugin_system:Skipping extension 'colcon_notification.desktop_notification.win32': Not used on non-Windows systems
[1.630s] INFO:colcon.colcon_notification.desktop_notification:Sending desktop notification using 'notify2'
[1.642s] DEBUG:colcon.colcon_core.event_reactor:joined thread
[1.642s] INFO:colcon.colcon_core.shell:Creating prefix script '/home/wzy/Desktop/code/ros2/ros2_demo_1/install/local_setup.ps1'
[1.643s] INFO:colcon.colcon_core.shell:Creating prefix util module '/home/wzy/Desktop/code/ros2/ros2_demo_1/install/_local_setup_util_ps1.py'
[1.644s] INFO:colcon.colcon_core.shell:Creating prefix chain script '/home/wzy/Desktop/code/ros2/ros2_demo_1/install/setup.ps1'
[1.644s] INFO:colcon.colcon_core.shell:Creating prefix script '/home/wzy/Desktop/code/ros2/ros2_demo_1/install/local_setup.sh'
[1.645s] INFO:colcon.colcon_core.shell:Creating prefix util module '/home/wzy/Desktop/code/ros2/ros2_demo_1/install/_local_setup_util_sh.py'
[1.645s] INFO:colcon.colcon_core.shell:Creating prefix chain script '/home/wzy/Desktop/code/ros2/ros2_demo_1/install/setup.sh'
[1.646s] INFO:colcon.colcon_core.shell:Creating prefix script '/home/wzy/Desktop/code/ros2/ros2_demo_1/install/local_setup.bash'
[1.646s] INFO:colcon.colcon_core.shell:Creating prefix chain script '/home/wzy/Desktop/code/ros2/ros2_demo_1/install/setup.bash'
[1.647s] INFO:colcon.colcon_core.shell:Creating prefix script '/home/wzy/Desktop/code/ros2/ros2_demo_1/install/local_setup.zsh'
[1.647s] INFO:colcon.colcon_core.shell:Creating prefix chain script '/home/wzy/Desktop/code/ros2/ros2_demo_1/install/setup.zsh'
