-- Found ament_cmake: 1.3.12 (/opt/ros/humble/share/ament_cmake/cmake)
-- Found sensor_msgs: 4.9.0 (/opt/ros/humble/share/sensor_msgs/cmake)
-- Found rosidl_generator_c: 3.1.7 (/opt/ros/humble/share/rosidl_generator_c/cmake)
-- Found rosidl_adapter: 3.1.7 (/opt/ros/humble/share/rosidl_adapter/cmake)
-- Found rosidl_generator_cpp: 3.1.7 (/opt/ros/humble/share/rosidl_generator_cpp/cmake)
-- Using all available rosidl_typesupport_c: rosidl_typesupport_fastrtps_c;rosidl_typesupport_introspection_c
-- Using all available rosidl_typesupport_cpp: rosidl_typesupport_fastrtps_cpp;rosidl_typesupport_introspection_cpp
-- Found rclcpp: 16.0.14 (/opt/ros/humble/share/rclcpp/cmake)
-- Found rmw_implementation_cmake: 6.1.2 (/opt/ros/humble/share/rmw_implementation_cmake/cmake)
-- Found rmw_fastrtps_cpp: 6.2.8 (/opt/ros/humble/share/rmw_fastrtps_cpp/cmake)
-- Using RMW implementation 'rmw_fastrtps_cpp' as default
-- Found ament_lint_auto: 0.12.14 (/opt/ros/humble/share/ament_lint_auto/cmake)
-- Added test 'cppcheck' to perform static code analysis on C / C++ code
-- Configured cppcheck include dirs: 
-- Configured cppcheck exclude dirs and/or files: 
-- Added test 'lint_cmake' to check CMake code style
-- Added test 'uncrustify' to check C / C++ code style
-- Configured uncrustify additional arguments: 
-- Added test 'xmllint' to check XML markup files
-- Configuring done
-- Generating done
-- Build files have been written to: /home/wzy/Desktop/code/ros2/ros2_demo_1/build/lidar_pkg
[ 25%] [32mBuilding CXX object CMakeFiles/pointcloud_processor.dir/src/pointcloud_processor.cpp.o[0m
[ 50%] [32mBuilding CXX object CMakeFiles/virtual_lidar.dir/src/virtual_lidar.cpp.o[0m
[ 75%] [32m[1mLinking CXX executable virtual_lidar[0m
[ 75%] Built target virtual_lidar
[100%] [32m[1mLinking CXX executable pointcloud_processor[0m
[100%] Built target pointcloud_processor
-- Install configuration: ""
-- Installing: /home/wzy/Desktop/code/ros2/ros2_demo_1/install/lidar_pkg/lib/lidar_pkg/pointcloud_processor
-- Set runtime path of "/home/wzy/Desktop/code/ros2/ros2_demo_1/install/lidar_pkg/lib/lidar_pkg/pointcloud_processor" to ""
-- Installing: /home/wzy/Desktop/code/ros2/ros2_demo_1/install/lidar_pkg/lib/lidar_pkg/virtual_lidar
-- Set runtime path of "/home/wzy/Desktop/code/ros2/ros2_demo_1/install/lidar_pkg/lib/lidar_pkg/virtual_lidar" to ""
-- Installing: /home/wzy/Desktop/code/ros2/ros2_demo_1/install/lidar_pkg/share/ament_index/resource_index/package_run_dependencies/lidar_pkg
-- Installing: /home/wzy/Desktop/code/ros2/ros2_demo_1/install/lidar_pkg/share/ament_index/resource_index/parent_prefix_path/lidar_pkg
-- Installing: /home/wzy/Desktop/code/ros2/ros2_demo_1/install/lidar_pkg/share/lidar_pkg/environment/ament_prefix_path.sh
-- Installing: /home/wzy/Desktop/code/ros2/ros2_demo_1/install/lidar_pkg/share/lidar_pkg/environment/ament_prefix_path.dsv
-- Installing: /home/wzy/Desktop/code/ros2/ros2_demo_1/install/lidar_pkg/share/lidar_pkg/environment/path.sh
-- Installing: /home/wzy/Desktop/code/ros2/ros2_demo_1/install/lidar_pkg/share/lidar_pkg/environment/path.dsv
-- Installing: /home/wzy/Desktop/code/ros2/ros2_demo_1/install/lidar_pkg/share/lidar_pkg/local_setup.bash
-- Installing: /home/wzy/Desktop/code/ros2/ros2_demo_1/install/lidar_pkg/share/lidar_pkg/local_setup.sh
-- Installing: /home/wzy/Desktop/code/ros2/ros2_demo_1/install/lidar_pkg/share/lidar_pkg/local_setup.zsh
-- Installing: /home/wzy/Desktop/code/ros2/ros2_demo_1/install/lidar_pkg/share/lidar_pkg/local_setup.dsv
-- Installing: /home/wzy/Desktop/code/ros2/ros2_demo_1/install/lidar_pkg/share/lidar_pkg/package.dsv
-- Installing: /home/wzy/Desktop/code/ros2/ros2_demo_1/install/lidar_pkg/share/ament_index/resource_index/packages/lidar_pkg
-- Installing: /home/wzy/Desktop/code/ros2/ros2_demo_1/install/lidar_pkg/share/lidar_pkg/cmake/lidar_pkgConfig.cmake
-- Installing: /home/wzy/Desktop/code/ros2/ros2_demo_1/install/lidar_pkg/share/lidar_pkg/cmake/lidar_pkgConfig-version.cmake
-- Installing: /home/wzy/Desktop/code/ros2/ros2_demo_1/install/lidar_pkg/share/lidar_pkg/package.xml
