[0.009s] Invoking command in '/home/wzy/Desktop/code/ros2/ros2_demo_1/build/logger': CMAKE_PREFIX_PATH=/opt/ros/humble /usr/bin/cmake --build /home/wzy/Desktop/code/ros2/ros2_demo_1/build/logger -- -j2 -l2
[0.048s] [35m[1mConsolidate compiler generated dependencies of target logger_node[0m
[0.062s] [100%] Built target logger_node
[0.071s] Invoked command in '/home/wzy/Desktop/code/ros2/ros2_demo_1/build/logger' returned '0': CMAKE_PREFIX_PATH=/opt/ros/humble /usr/bin/cmake --build /home/wzy/Desktop/code/ros2/ros2_demo_1/build/logger -- -j2 -l2
[0.077s] Invoking command in '/home/wzy/Desktop/code/ros2/ros2_demo_1/build/logger': CMAKE_PREFIX_PATH=/opt/ros/humble /usr/bin/cmake --install /home/wzy/Desktop/code/ros2/ros2_demo_1/build/logger
[0.082s] -- Install configuration: ""
[0.085s] -- Installing: /home/wzy/Desktop/code/ros2/ros2_demo_1/install/logger/lib/logger/logger_node
[0.089s] -- Set runtime path of "/home/wzy/Desktop/code/ros2/ros2_demo_1/install/logger/lib/logger/logger_node" to ""
[0.089s] -- Up-to-date: /home/wzy/Desktop/code/ros2/ros2_demo_1/install/logger/share/ament_index/resource_index/package_run_dependencies/logger
[0.090s] -- Up-to-date: /home/wzy/Desktop/code/ros2/ros2_demo_1/install/logger/share/ament_index/resource_index/parent_prefix_path/logger
[0.091s] -- Up-to-date: /home/wzy/Desktop/code/ros2/ros2_demo_1/install/logger/share/logger/environment/ament_prefix_path.sh
[0.091s] -- Up-to-date: /home/wzy/Desktop/code/ros2/ros2_demo_1/install/logger/share/logger/environment/ament_prefix_path.dsv
[0.091s] -- Up-to-date: /home/wzy/Desktop/code/ros2/ros2_demo_1/install/logger/share/logger/environment/path.sh
[0.091s] -- Up-to-date: /home/wzy/Desktop/code/ros2/ros2_demo_1/install/logger/share/logger/environment/path.dsv
[0.091s] -- Up-to-date: /home/wzy/Desktop/code/ros2/ros2_demo_1/install/logger/share/logger/local_setup.bash
[0.092s] -- Up-to-date: /home/wzy/Desktop/code/ros2/ros2_demo_1/install/logger/share/logger/local_setup.sh
[0.092s] -- Up-to-date: /home/wzy/Desktop/code/ros2/ros2_demo_1/install/logger/share/logger/local_setup.zsh
[0.092s] -- Up-to-date: /home/wzy/Desktop/code/ros2/ros2_demo_1/install/logger/share/logger/local_setup.dsv
[0.092s] -- Installing: /home/wzy/Desktop/code/ros2/ros2_demo_1/install/logger/share/logger/package.dsv
[0.092s] -- Up-to-date: /home/wzy/Desktop/code/ros2/ros2_demo_1/install/logger/share/ament_index/resource_index/packages/logger
[0.093s] -- Up-to-date: /home/wzy/Desktop/code/ros2/ros2_demo_1/install/logger/share/logger/cmake/loggerConfig.cmake
[0.093s] -- Up-to-date: /home/wzy/Desktop/code/ros2/ros2_demo_1/install/logger/share/logger/cmake/loggerConfig-version.cmake
[0.094s] -- Up-to-date: /home/wzy/Desktop/code/ros2/ros2_demo_1/install/logger/share/logger/package.xml
[0.095s] Invoked command in '/home/wzy/Desktop/code/ros2/ros2_demo_1/build/logger' returned '0': CMAKE_PREFIX_PATH=/opt/ros/humble /usr/bin/cmake --install /home/wzy/Desktop/code/ros2/ros2_demo_1/build/logger
