[35m[1mConsolidate compiler generated dependencies of target can_simulator[0m
[ 50%] Built target system_monitor
[100%] Built target can_simulator
-- Install configuration: ""
-- Up-to-date: /home/wzy/Desktop/code/ros2/ros2_demo_1/install/can_pkg/lib/can_pkg/can_simulator
-- Up-to-date: /home/wzy/Desktop/code/ros2/ros2_demo_1/install/can_pkg/lib/can_pkg/system_monitor
-- Up-to-date: /home/wzy/Desktop/code/ros2/ros2_demo_1/install/can_pkg/share/ament_index/resource_index/package_run_dependencies/can_pkg
-- Up-to-date: /home/wzy/Desktop/code/ros2/ros2_demo_1/install/can_pkg/share/ament_index/resource_index/parent_prefix_path/can_pkg
-- Up-to-date: /home/wzy/Desktop/code/ros2/ros2_demo_1/install/can_pkg/share/can_pkg/environment/ament_prefix_path.sh
-- Up-to-date: /home/wzy/Desktop/code/ros2/ros2_demo_1/install/can_pkg/share/can_pkg/environment/ament_prefix_path.dsv
-- Up-to-date: /home/wzy/Desktop/code/ros2/ros2_demo_1/install/can_pkg/share/can_pkg/environment/path.sh
-- Up-to-date: /home/wzy/Desktop/code/ros2/ros2_demo_1/install/can_pkg/share/can_pkg/environment/path.dsv
-- Up-to-date: /home/wzy/Desktop/code/ros2/ros2_demo_1/install/can_pkg/share/can_pkg/local_setup.bash
-- Up-to-date: /home/wzy/Desktop/code/ros2/ros2_demo_1/install/can_pkg/share/can_pkg/local_setup.sh
-- Up-to-date: /home/wzy/Desktop/code/ros2/ros2_demo_1/install/can_pkg/share/can_pkg/local_setup.zsh
-- Up-to-date: /home/wzy/Desktop/code/ros2/ros2_demo_1/install/can_pkg/share/can_pkg/local_setup.dsv
-- Installing: /home/wzy/Desktop/code/ros2/ros2_demo_1/install/can_pkg/share/can_pkg/package.dsv
-- Up-to-date: /home/wzy/Desktop/code/ros2/ros2_demo_1/install/can_pkg/share/ament_index/resource_index/packages/can_pkg
-- Up-to-date: /home/wzy/Desktop/code/ros2/ros2_demo_1/install/can_pkg/share/can_pkg/cmake/can_pkgConfig.cmake
-- Up-to-date: /home/wzy/Desktop/code/ros2/ros2_demo_1/install/can_pkg/share/can_pkg/cmake/can_pkgConfig-version.cmake
-- Up-to-date: /home/wzy/Desktop/code/ros2/ros2_demo_1/install/can_pkg/share/can_pkg/package.xml
