[35m[1mConsolidate compiler generated dependencies of target yolo_recognizer[0m
[35m[1mConsolidate compiler generated dependencies of target virtual_camera[0m
[ 50%] Built target yolo_recognizer
[ 75%] [32mBuilding CXX object CMakeFiles/virtual_camera.dir/src/virtual_camera.cpp.o[0m
[100%] [32m[1mLinking CXX executable virtual_camera[0m
[100%] Built target virtual_camera
-- Install configuration: ""
-- Installing: /home/wzy/Desktop/code/ros2/ros2_demo_1/install/camera_pkg/lib/camera_pkg/virtual_camera
-- Set runtime path of "/home/wzy/Desktop/code/ros2/ros2_demo_1/install/camera_pkg/lib/camera_pkg/virtual_camera" to ""
-- Up-to-date: /home/wzy/Desktop/code/ros2/ros2_demo_1/install/camera_pkg/lib/camera_pkg/yolo_recognizer
-- Up-to-date: /home/wzy/Desktop/code/ros2/ros2_demo_1/install/camera_pkg/share/ament_index/resource_index/package_run_dependencies/camera_pkg
-- Up-to-date: /home/wzy/Desktop/code/ros2/ros2_demo_1/install/camera_pkg/share/ament_index/resource_index/parent_prefix_path/camera_pkg
-- Up-to-date: /home/wzy/Desktop/code/ros2/ros2_demo_1/install/camera_pkg/share/camera_pkg/environment/ament_prefix_path.sh
-- Up-to-date: /home/wzy/Desktop/code/ros2/ros2_demo_1/install/camera_pkg/share/camera_pkg/environment/ament_prefix_path.dsv
-- Up-to-date: /home/wzy/Desktop/code/ros2/ros2_demo_1/install/camera_pkg/share/camera_pkg/environment/path.sh
-- Up-to-date: /home/wzy/Desktop/code/ros2/ros2_demo_1/install/camera_pkg/share/camera_pkg/environment/path.dsv
-- Up-to-date: /home/wzy/Desktop/code/ros2/ros2_demo_1/install/camera_pkg/share/camera_pkg/local_setup.bash
-- Up-to-date: /home/wzy/Desktop/code/ros2/ros2_demo_1/install/camera_pkg/share/camera_pkg/local_setup.sh
-- Up-to-date: /home/wzy/Desktop/code/ros2/ros2_demo_1/install/camera_pkg/share/camera_pkg/local_setup.zsh
-- Up-to-date: /home/wzy/Desktop/code/ros2/ros2_demo_1/install/camera_pkg/share/camera_pkg/local_setup.dsv
-- Installing: /home/wzy/Desktop/code/ros2/ros2_demo_1/install/camera_pkg/share/camera_pkg/package.dsv
-- Up-to-date: /home/wzy/Desktop/code/ros2/ros2_demo_1/install/camera_pkg/share/ament_index/resource_index/packages/camera_pkg
-- Up-to-date: /home/wzy/Desktop/code/ros2/ros2_demo_1/install/camera_pkg/share/camera_pkg/cmake/camera_pkgConfig.cmake
-- Up-to-date: /home/wzy/Desktop/code/ros2/ros2_demo_1/install/camera_pkg/share/camera_pkg/cmake/camera_pkgConfig-version.cmake
-- Up-to-date: /home/wzy/Desktop/code/ros2/ros2_demo_1/install/camera_pkg/share/camera_pkg/package.xml
