[35m[1mConsolidate compiler generated dependencies of target victim_node[0m
[ 50%] [32mBuilding CXX object CMakeFiles/victim_node.dir/src/victim_node.cpp.o[0m
In file included from [01m[K/opt/ros/humble/include/rclcpp/rclcpp/logging.hpp:24[m[K,
                 from [01m[K/opt/ros/humble/include/rclcpp/rclcpp/client.hpp:40[m[K,
                 from [01m[K/opt/ros/humble/include/rclcpp/rclcpp/callback_group.hpp:24[m[K,
                 from [01m[K/opt/ros/humble/include/rclcpp/rclcpp/any_executable.hpp:20[m[K,
                 from [01m[K/opt/ros/humble/include/rclcpp/rclcpp/memory_strategy.hpp:25[m[K,
                 from [01m[K/opt/ros/humble/include/rclcpp/rclcpp/memory_strategies.hpp:18[m[K,
                 from [01m[K/opt/ros/humble/include/rclcpp/rclcpp/executor_options.hpp:20[m[K,
                 from [01m[K/opt/ros/humble/include/rclcpp/rclcpp/executor.hpp:37[m[K,
                 from [01m[K/opt/ros/humble/include/rclcpp/rclcpp/executors/multi_threaded_executor.hpp:25[m[K,
                 from [01m[K/opt/ros/humble/include/rclcpp/rclcpp/executors.hpp:21[m[K,
                 from [01m[K/opt/ros/humble/include/rclcpp/rclcpp/rclcpp.hpp:155[m[K,
                 from [01m[K/home/wzy/Desktop/code/ros2/work_space_1/src/victim_node/src/victim_node.cpp:1[m[K:
[01m[K/home/wzy/Desktop/code/ros2/work_space_1/src/victim_node/src/victim_node.cpp:[m[K In constructor ‘[01m[KVictimNode::VictimNode(size_t, size_t, int)[m[K’:
[01m[K/home/wzy/Desktop/code/ros2/work_space_1/src/victim_node/src/victim_node.cpp:24:17:[m[K [01;35m[Kwarning: [m[Ktoo many arguments for format [[01;35m[K]8;;https://gcc.gnu.org/onlinedocs/gcc/Warning-Options.html#index-Wformat-extra-args-Wformat-extra-args]8;;[m[K]
   24 |                 [01;35m[K"VictimNode create : buffer=%ld MB, stride=%ld, period=%ldms"[m[K,
      |                 [01;35m[K^~~~~~~~~~~~~~~~~~~~~~~~~~~~~~~~~~~~~~~~~~~~~~~~~~~~~~~~~~~~~[m[K
[100%] [32m[1mLinking CXX executable victim_node[0m
[100%] Built target victim_node
-- Install configuration: ""
-- Installing: /home/wzy/Desktop/code/ros2/work_space_1/install/victim_node/lib/victim_node/victim_node
-- Set runtime path of "/home/wzy/Desktop/code/ros2/work_space_1/install/victim_node/lib/victim_node/victim_node" to ""
-- Up-to-date: /home/wzy/Desktop/code/ros2/work_space_1/install/victim_node/share/ament_index/resource_index/package_run_dependencies/victim_node
-- Up-to-date: /home/wzy/Desktop/code/ros2/work_space_1/install/victim_node/share/ament_index/resource_index/parent_prefix_path/victim_node
-- Up-to-date: /home/wzy/Desktop/code/ros2/work_space_1/install/victim_node/share/victim_node/environment/ament_prefix_path.sh
-- Up-to-date: /home/wzy/Desktop/code/ros2/work_space_1/install/victim_node/share/victim_node/environment/ament_prefix_path.dsv
-- Up-to-date: /home/wzy/Desktop/code/ros2/work_space_1/install/victim_node/share/victim_node/environment/path.sh
-- Up-to-date: /home/wzy/Desktop/code/ros2/work_space_1/install/victim_node/share/victim_node/environment/path.dsv
-- Up-to-date: /home/wzy/Desktop/code/ros2/work_space_1/install/victim_node/share/victim_node/local_setup.bash
-- Up-to-date: /home/wzy/Desktop/code/ros2/work_space_1/install/victim_node/share/victim_node/local_setup.sh
-- Up-to-date: /home/wzy/Desktop/code/ros2/work_space_1/install/victim_node/share/victim_node/local_setup.zsh
-- Up-to-date: /home/wzy/Desktop/code/ros2/work_space_1/install/victim_node/share/victim_node/local_setup.dsv
-- Installing: /home/wzy/Desktop/code/ros2/work_space_1/install/victim_node/share/victim_node/package.dsv
-- Up-to-date: /home/wzy/Desktop/code/ros2/work_space_1/install/victim_node/share/ament_index/resource_index/packages/victim_node
-- Up-to-date: /home/wzy/Desktop/code/ros2/work_space_1/install/victim_node/share/victim_node/cmake/victim_nodeConfig.cmake
-- Up-to-date: /home/wzy/Desktop/code/ros2/work_space_1/install/victim_node/share/victim_node/cmake/victim_nodeConfig-version.cmake
-- Up-to-date: /home/wzy/Desktop/code/ros2/work_space_1/install/victim_node/share/victim_node/package.xml
